2025-03-30 12:57:53,692 [INFO] Activator:176 - 


2025-03-30 12:57:53,699 [INFO] Activator:177 - !SESSION log4j initialized
2025-03-30 12:57:59,926 [INFO] LogOutputStream:77 - [STDOUT_REDIRECT] 
2025-03-30 12:58:01,969 [INFO] ApplicationProperties:184 - Using Application install path: D:\ST\STM32CubeIDE_1.13.0\STM32CubeIDE\plugins\com.st.stm32cube.common.mx_6.9.0.202307051724
2025-03-30 12:58:01,989 [INFO] DbMcusXml:78 - Set database path to: D:\ST\STM32CubeIDE_1.13.0\STM32CubeIDE\plugins\com.st.stm32cube.common.mx_6.9.0.202307051724\\db\/mcu/
2025-03-30 12:58:01,989 [INFO] ApiDb:274 - Set plugin database path to: D:\ST\STM32CubeIDE_1.13.0\STM32CubeIDE\plugins\com.st.stm32cube.common.mx_6.9.0.202307051724\\db\/plugins/boardmanager/
2025-03-30 12:58:01,989 [WARN] ApiDb:259 - Overriding images path with different value:  => D:\ST\STM32CubeIDE_1.13.0\STM32CubeIDE\plugins\com.st.stm32cube.common.mx_6.9.0.202307051724\\db\/plugins/mcufinder/images/
2025-03-30 12:58:02,002 [INFO] ApiDb:250 - Set database path to: C:\Users\Admin\.stmcufinder\plugins\mcufinder//mcu/
2025-03-30 12:58:02,003 [INFO] DbMcusAds:125 - Set database path to: C:\Users\Admin\.stmcufinder\plugins\mcufinder//mcu/
2025-03-30 12:58:02,005 [INFO] CrossReferenceDbSqlite:203 - Set database path to: C:\Users\Admin\.stmcufinder\plugins\mcufinder//mcu/cs/
2025-03-30 12:58:02,117 [INFO] RulesReader:64 - Compatibility file has been processed (293 Rules)
2025-03-30 12:58:02,199 [INFO] DbMcusXml:78 - Set database path to: D:\ST\STM32CubeIDE_1.13.0\STM32CubeIDE\plugins\com.st.stm32cube.common.mx_6.9.0.202307051724\\db\/mcu/
2025-03-30 12:58:02,200 [INFO] ApiDb:274 - Set plugin database path to: D:\ST\STM32CubeIDE_1.13.0\STM32CubeIDE\plugins\com.st.stm32cube.common.mx_6.9.0.202307051724\\db\/plugins/boardmanager/
2025-03-30 12:58:02,200 [INFO] ApiDb:261 - Set plugin images path to: D:\ST\STM32CubeIDE_1.13.0\STM32CubeIDE\plugins\com.st.stm32cube.common.mx_6.9.0.202307051724\\db\/plugins/mcufinder/images/
2025-03-30 12:58:02,200 [WARN] DbFile:41 - Overriding database path with different value: C:\Users\Admin\.stmcufinder\plugins\mcufinder/ => C:\Users\Admin\.stmcufinder\plugins\mcufinder
2025-03-30 12:58:02,200 [INFO] ApiDb:250 - Set database path to: C:\Users\Admin\.stmcufinder\plugins\mcufinder//mcu/
2025-03-30 12:58:02,200 [WARN] DbFile:41 - Overriding database path with different value: C:\Users\Admin\.stmcufinder\plugins\mcufinder/ => C:\Users\Admin\.stmcufinder\plugins\mcufinder
2025-03-30 12:58:02,200 [INFO] DbMcusAds:125 - Set database path to: C:\Users\Admin\.stmcufinder\plugins\mcufinder//mcu/
2025-03-30 12:58:02,200 [WARN] DbFile:41 - Overriding database path with different value: C:\Users\Admin\.stmcufinder\plugins\mcufinder/ => C:\Users\Admin\.stmcufinder\plugins\mcufinder
2025-03-30 12:58:02,200 [WARN] DbFile:41 - Overriding database path with different value: C:\Users\Admin\.stmcufinder\plugins\mcufinder/ => C:\Users\Admin\.stmcufinder\plugins\mcufinder
2025-03-30 12:58:02,201 [INFO] CrossReferenceDbSqlite:203 - Set database path to: C:\Users\Admin\.stmcufinder\plugins\mcufinder//mcu/cs/
2025-03-30 12:58:02,278 [INFO] MainPanel:262 - HeapMemory: 268435456
2025-03-30 12:58:02,369 [INFO] DbMcusXml:78 - Set database path to: D:\ST\STM32CubeIDE_1.13.0\STM32CubeIDE\plugins\com.st.stm32cube.common.mx_6.9.0.202307051724\\db\/mcu/
2025-03-30 12:58:02,369 [INFO] ApiDb:274 - Set plugin database path to: D:\ST\STM32CubeIDE_1.13.0\STM32CubeIDE\plugins\com.st.stm32cube.common.mx_6.9.0.202307051724\\db\/plugins/boardmanager/
2025-03-30 12:58:02,369 [INFO] ApiDb:261 - Set plugin images path to: D:\ST\STM32CubeIDE_1.13.0\STM32CubeIDE\plugins\com.st.stm32cube.common.mx_6.9.0.202307051724\\db\/plugins/mcufinder/images/
2025-03-30 12:58:02,369 [WARN] DbFile:41 - Overriding database path with different value: C:\Users\Admin\.stmcufinder\plugins\mcufinder/ => C:\Users\Admin\.stmcufinder\plugins\mcufinder
2025-03-30 12:58:02,369 [INFO] ApiDb:250 - Set database path to: C:\Users\Admin\.stmcufinder\plugins\mcufinder//mcu/
2025-03-30 12:58:02,370 [WARN] DbFile:41 - Overriding database path with different value: C:\Users\Admin\.stmcufinder\plugins\mcufinder/ => C:\Users\Admin\.stmcufinder\plugins\mcufinder
2025-03-30 12:58:02,370 [INFO] DbMcusAds:125 - Set database path to: C:\Users\Admin\.stmcufinder\plugins\mcufinder//mcu/
2025-03-30 12:58:02,370 [WARN] DbFile:41 - Overriding database path with different value: C:\Users\Admin\.stmcufinder\plugins\mcufinder/ => C:\Users\Admin\.stmcufinder\plugins\mcufinder
2025-03-30 12:58:02,370 [WARN] DbFile:41 - Overriding database path with different value: C:\Users\Admin\.stmcufinder\plugins\mcufinder/ => C:\Users\Admin\.stmcufinder\plugins\mcufinder
2025-03-30 12:58:02,370 [INFO] CrossReferenceDbSqlite:203 - Set database path to: C:\Users\Admin\.stmcufinder\plugins\mcufinder//mcu/cs/
2025-03-30 12:58:02,387 [INFO] ApplicationProperties:184 - Using Application install path: D:\ST\STM32CubeIDE_1.13.0\STM32CubeIDE\plugins\com.st.stm32cube.common.mx_6.9.0.202307051724
2025-03-30 12:58:02,389 [INFO] PluginManage:196 - Search for loadable plugins [exclusion list=, ]
2025-03-30 12:58:02,390 [INFO] PluginManage:310 - Check plugin analytics
2025-03-30 12:58:02,525 [INFO] AnalyticsPlugin:253 - Accepted Software Licenses: 
2025-03-30 12:58:02,525 [INFO] AnalyticsPlugin:255 - Accepted CMSIS Pack Licenses: 
2025-03-30 12:58:02,526 [INFO] AnalyticsPlugin:257 - Accepted Firmware Licenses: FW.F4.1.27.0
2025-03-30 12:58:02,528 [INFO] PluginManage:359 - Loaded plugin analytics (category:tool,tabindex:-1)
2025-03-30 12:58:02,528 [INFO] PluginManage:310 - Check plugin cadmodel
2025-03-30 12:58:02,555 [INFO] CADModel:105 - Init CAD model plugin
2025-03-30 12:58:02,555 [INFO] PluginManage:359 - Loaded plugin cadmodel (category:power,tabindex:5)
2025-03-30 12:58:02,556 [INFO] PluginManage:310 - Check plugin clock
2025-03-30 12:58:02,578 [INFO] PluginManage:359 - Loaded plugin clock (category:base,tabindex:2)
2025-03-30 12:58:02,579 [INFO] PluginManage:310 - Check plugin ddr
2025-03-30 12:58:02,580 [INFO] PluginManage:359 - Loaded plugin ddr (category:tool,tabindex:6)
2025-03-30 12:58:02,581 [INFO] PluginManage:310 - Check plugin filemanager
2025-03-30 12:58:02,702 [INFO] PluginManage:359 - Loaded plugin filemanager (category:base,tabindex:10)
2025-03-30 12:58:02,703 [INFO] PluginManage:310 - Check plugin ipmanager
2025-03-30 12:58:02,715 [INFO] PluginManage:359 - Loaded plugin ipmanager (category:base,tabindex:5)
2025-03-30 12:58:02,715 [INFO] PluginManage:310 - Check plugin lpbam
2025-03-30 12:58:02,737 [INFO] PluginManage:359 - Loaded plugin lpbam (category:base,tabindex:0)
2025-03-30 12:58:02,737 [INFO] PluginManage:310 - Check plugin memorymap
2025-03-30 12:58:02,766 [INFO] PluginManage:359 - Loaded plugin memorymap (category:base,tabindex:4)
2025-03-30 12:58:02,766 [INFO] PluginManage:310 - Check plugin pinoutandconfiguration
2025-03-30 12:58:02,785 [INFO] PluginManage:359 - Loaded plugin pinoutandconfiguration (category:base,tabindex:1)
2025-03-30 12:58:02,785 [INFO] PluginManage:310 - Check plugin pinoutconfig
2025-03-30 12:58:02,877 [WARN] SupportedApi:132 - Cannot load RTOS API schema: s4s-elt-must-match.1: The content of 'definitions' must match (annotation?, (simpleType | complexType)?, (unique | key | keyref)*)). A problem was found starting at: attribute.
2025-03-30 12:58:03,027 [INFO] PluginManage:359 - Loaded plugin pinoutconfig (category:base,tabindex:0)
2025-03-30 12:58:03,027 [INFO] PluginManage:310 - Check plugin power
2025-03-30 12:58:03,053 [INFO] PluginManage:359 - Loaded plugin power (category:power,tabindex:4)
2025-03-30 12:58:03,054 [INFO] PluginManage:310 - Check plugin projectmanager
2025-03-30 12:58:03,065 [INFO] PluginManage:359 - Loaded plugin projectmanager (category:projectmanager,tabindex:3)
2025-03-30 12:58:03,066 [INFO] PluginManage:310 - Check plugin thirdparty
2025-03-30 12:58:03,375 [INFO] PluginManage:359 - Loaded plugin thirdparty (category:base,tabindex:-1)
2025-03-30 12:58:03,375 [WARN] IntegrityCheckThread:84 - waiting for thirdparty lock release [integrity check]
2025-03-30 12:58:03,375 [INFO] PluginManage:310 - Check plugin tools
2025-03-30 12:58:03,375 [INFO] IntegrityCheckThread:86 - entering critical section [integrity check]
2025-03-30 12:58:03,376 [INFO] ThirdPartyUpdaterWithRetryManager:70 - Updater plugin not ready yet. [1/15]
2025-03-30 12:58:03,417 [INFO] PluginManage:359 - Loaded plugin tools (category:base,tabindex:7)
2025-03-30 12:58:03,417 [INFO] PluginManage:310 - Check plugin tutovideos
2025-03-30 12:58:03,629 [INFO] PluginManage:359 - Loaded plugin tutovideos (category:base,tabindex:-1)
2025-03-30 12:58:03,630 [INFO] PluginManage:310 - Check plugin updater
2025-03-30 12:58:03,644 [INFO] PluginManage:359 - Loaded plugin updater (category:base,tabindex:12)
2025-03-30 12:58:03,644 [INFO] PluginManage:310 - Check plugin userauth
2025-03-30 12:58:03,649 [INFO] UserAuth:113 - Init User Auth plugin
2025-03-30 12:58:03,649 [INFO] PluginManage:359 - Loaded plugin userauth (category:base,tabindex:14)
2025-03-30 12:58:03,650 [INFO] PluginManage:283 - PluginManage : Loaded plugins [17]
2025-03-30 12:58:03,855 [INFO] PinOutPanel:1499 - setPackage(No Configuration,No Configuration)
2025-03-30 12:58:03,962 [INFO] CADModel:165 - CPN selected for project level
2025-03-30 12:58:03,962 [INFO] CADModel:114 - Register for checkConnection events
2025-03-30 12:58:03,991 [INFO] IPUIPlugin:80 - create IPUIPlugin
2025-03-30 12:58:03,991 [INFO] PluginManager:220 - loadIPPluginJar : add adc
2025-03-30 12:58:04,036 [INFO] IPUIPlugin:80 - create IPUIPlugin
2025-03-30 12:58:04,036 [INFO] PluginManager:220 - loadIPPluginJar : add aes
2025-03-30 12:58:04,085 [INFO] IPUIPlugin:80 - create IPUIPlugin
2025-03-30 12:58:04,085 [INFO] PluginManager:220 - loadIPPluginJar : add can
2025-03-30 12:58:04,114 [INFO] IPUIPlugin:80 - create IPUIPlugin
2025-03-30 12:58:04,115 [INFO] PluginManager:220 - loadIPPluginJar : add comp
2025-03-30 12:58:04,153 [INFO] IPUIPlugin:80 - create IPUIPlugin
2025-03-30 12:58:04,153 [INFO] PluginManager:220 - loadIPPluginJar : add cryp
2025-03-30 12:58:04,189 [INFO] IPUIPlugin:80 - create IPUIPlugin
2025-03-30 12:58:04,189 [INFO] PluginManager:220 - loadIPPluginJar : add dfsdm
2025-03-30 12:58:04,207 [INFO] IPUIPlugin:80 - create IPUIPlugin
2025-03-30 12:58:04,208 [INFO] PluginManager:220 - loadIPPluginJar : add dma
2025-03-30 12:58:04,260 [INFO] IPUIPlugin:80 - create IPUIPlugin
2025-03-30 12:58:04,260 [INFO] PluginManager:220 - loadIPPluginJar : add dma3
2025-03-30 12:58:04,286 [INFO] IPUIPlugin:80 - create IPUIPlugin
2025-03-30 12:58:04,286 [INFO] PluginManager:220 - loadIPPluginJar : add fatfs
2025-03-30 12:58:04,341 [INFO] IPUIPlugin:80 - create IPUIPlugin
2025-03-30 12:58:04,341 [INFO] PluginManager:220 - loadIPPluginJar : add fmc
2025-03-30 12:58:04,363 [INFO] IPUIPlugin:80 - create IPUIPlugin
2025-03-30 12:58:04,363 [INFO] PluginManager:220 - loadIPPluginJar : add freertos
2025-03-30 12:58:04,390 [INFO] IPUIPlugin:80 - create IPUIPlugin
2025-03-30 12:58:04,390 [INFO] PluginManager:220 - loadIPPluginJar : add genericplugin
2025-03-30 12:58:04,495 [INFO] IPUIPlugin:80 - create IPUIPlugin
2025-03-30 12:58:04,495 [INFO] PluginManager:220 - loadIPPluginJar : add gfxmmu
2025-03-30 12:58:04,659 [INFO] IPUIPlugin:80 - create IPUIPlugin
2025-03-30 12:58:04,659 [INFO] PluginManager:220 - loadIPPluginJar : add gic
2025-03-30 12:58:04,678 [INFO] IPUIPlugin:80 - create IPUIPlugin
2025-03-30 12:58:04,678 [INFO] PluginManager:220 - loadIPPluginJar : add gpio
2025-03-30 12:58:04,782 [INFO] IPUIPlugin:80 - create IPUIPlugin
2025-03-30 12:58:04,782 [INFO] PluginManager:220 - loadIPPluginJar : add gtzc
2025-03-30 12:58:04,820 [INFO] IPUIPlugin:80 - create IPUIPlugin
2025-03-30 12:58:04,821 [INFO] PluginManager:220 - loadIPPluginJar : add hash
2025-03-30 12:58:04,878 [INFO] IPUIPlugin:80 - create IPUIPlugin
2025-03-30 12:58:04,878 [INFO] PluginManager:220 - loadIPPluginJar : add i2c
2025-03-30 12:58:04,922 [INFO] IPUIPlugin:80 - create IPUIPlugin
2025-03-30 12:58:04,922 [INFO] PluginManager:220 - loadIPPluginJar : add i2s
2025-03-30 12:58:04,969 [INFO] IPUIPlugin:80 - create IPUIPlugin
2025-03-30 12:58:04,969 [INFO] PluginManager:220 - loadIPPluginJar : add i3c
2025-03-30 12:58:05,094 [INFO] IPUIPlugin:80 - create IPUIPlugin
2025-03-30 12:58:05,094 [INFO] PluginManager:220 - loadIPPluginJar : add ipddr
2025-03-30 12:58:05,195 [INFO] IPUIPlugin:80 - create IPUIPlugin
2025-03-30 12:58:05,195 [INFO] PluginManager:220 - loadIPPluginJar : add linkedlist
2025-03-30 12:58:05,237 [INFO] IPUIPlugin:80 - create IPUIPlugin
2025-03-30 12:58:05,237 [INFO] PluginManager:220 - loadIPPluginJar : add lorawan
2025-03-30 12:58:05,278 [INFO] IPUIPlugin:80 - create IPUIPlugin
2025-03-30 12:58:05,278 [INFO] PluginManager:220 - loadIPPluginJar : add ltdc
2025-03-30 12:58:05,297 [INFO] IPUIPlugin:80 - create IPUIPlugin
2025-03-30 12:58:05,297 [INFO] PluginManager:220 - loadIPPluginJar : add mdma
2025-03-30 12:58:05,315 [INFO] IPUIPlugin:80 - create IPUIPlugin
2025-03-30 12:58:05,315 [INFO] PluginManager:220 - loadIPPluginJar : add nvic
2025-03-30 12:58:05,360 [INFO] IPUIPlugin:80 - create IPUIPlugin
2025-03-30 12:58:05,360 [INFO] PluginManager:220 - loadIPPluginJar : add opamp
2025-03-30 12:58:05,430 [INFO] IPUIPlugin:80 - create IPUIPlugin
2025-03-30 12:58:05,430 [INFO] PluginManager:220 - loadIPPluginJar : add openamp
2025-03-30 12:58:05,479 [INFO] IPUIPlugin:80 - create IPUIPlugin
2025-03-30 12:58:05,479 [INFO] PluginManager:220 - loadIPPluginJar : add pdm2pcm
2025-03-30 12:58:05,497 [INFO] IPUIPlugin:80 - create IPUIPlugin
2025-03-30 12:58:05,499 [INFO] PluginManager:220 - loadIPPluginJar : add plateformsettings
2025-03-30 12:58:05,530 [INFO] IPUIPlugin:80 - create IPUIPlugin
2025-03-30 12:58:05,530 [INFO] PluginManager:220 - loadIPPluginJar : add quadspi
2025-03-30 12:58:05,549 [INFO] IPUIPlugin:80 - create IPUIPlugin
2025-03-30 12:58:05,549 [INFO] PluginManager:220 - loadIPPluginJar : add resmgrutility
2025-03-30 12:58:05,618 [INFO] IPUIPlugin:80 - create IPUIPlugin
2025-03-30 12:58:05,618 [INFO] PluginManager:220 - loadIPPluginJar : add sai
2025-03-30 12:58:05,662 [INFO] IPUIPlugin:80 - create IPUIPlugin
2025-03-30 12:58:05,662 [INFO] PluginManager:220 - loadIPPluginJar : add spi
2025-03-30 12:58:05,726 [INFO] IPUIPlugin:80 - create IPUIPlugin
2025-03-30 12:58:05,726 [INFO] PluginManager:220 - loadIPPluginJar : add stm32_wpan
2025-03-30 12:58:05,755 [INFO] IPUIPlugin:80 - create IPUIPlugin
2025-03-30 12:58:05,755 [INFO] PluginManager:220 - loadIPPluginJar : add tim
2025-03-30 12:58:05,816 [INFO] IPUIPlugin:80 - create IPUIPlugin
2025-03-30 12:58:05,817 [INFO] PluginManager:220 - loadIPPluginJar : add touchsensing
2025-03-30 12:58:05,844 [INFO] IPUIPlugin:80 - create IPUIPlugin
2025-03-30 12:58:05,844 [INFO] PluginManager:220 - loadIPPluginJar : add tracer_emb
2025-03-30 12:58:05,873 [INFO] IPUIPlugin:80 - create IPUIPlugin
2025-03-30 12:58:05,873 [INFO] PluginManager:220 - loadIPPluginJar : add ts
2025-03-30 12:58:05,901 [INFO] IPUIPlugin:80 - create IPUIPlugin
2025-03-30 12:58:05,901 [INFO] PluginManager:220 - loadIPPluginJar : add tsc
2025-03-30 12:58:05,928 [INFO] IPUIPlugin:80 - create IPUIPlugin
2025-03-30 12:58:05,928 [INFO] PluginManager:220 - loadIPPluginJar : add ucpd
2025-03-30 12:58:05,979 [INFO] IPUIPlugin:80 - create IPUIPlugin
2025-03-30 12:58:05,979 [INFO] PluginManager:220 - loadIPPluginJar : add usart
2025-03-30 12:58:06,029 [INFO] IPUIPlugin:80 - create IPUIPlugin
2025-03-30 12:58:06,029 [INFO] PluginManager:220 - loadIPPluginJar : add usbx
2025-03-30 12:58:06,147 [INFO] CADModel:165 - CPN selected for project level
2025-03-30 12:58:06,147 [INFO] CADModel:114 - Register for checkConnection events
2025-03-30 12:58:06,147 [FATAL] Updater:308 - Updater called before beeing initialized
2025-03-30 12:58:06,147 [ERROR] CADModel:125 - Updater not yet initialized, retry later 
2025-03-30 12:58:06,281 [INFO] CADModel:165 - CPN selected for project level
2025-03-30 12:58:06,281 [INFO] CADModel:114 - Register for checkConnection events
2025-03-30 12:58:06,281 [FATAL] Updater:308 - Updater called before beeing initialized
2025-03-30 12:58:06,281 [ERROR] CADModel:125 - Updater not yet initialized, retry later 
2025-03-30 12:58:06,284 [FATAL] Updater:308 - Updater called before beeing initialized
2025-03-30 12:58:06,377 [INFO] ThirdPartyUpdaterWithRetryManager:70 - Updater plugin not ready yet. [2/15]
2025-03-30 12:58:06,384 [FATAL] Updater:308 - Updater called before beeing initialized
2025-03-30 12:58:06,397 [INFO] DbMcusAds:53 - JSON generation date=Thu Mar 06 21:54:21 ICT 2025 (1741272861825)
2025-03-30 12:58:06,397 [FATAL] Updater:308 - Updater called before beeing initialized
2025-03-30 12:58:06,508 [WARN] DetailPanel:346 - Failed to get advertising image, set to default
2025-03-30 12:58:06,594 [FATAL] Updater:308 - Updater called before beeing initialized
2025-03-30 12:58:06,596 [FATAL] Updater:308 - Updater called before beeing initialized
2025-03-30 12:58:06,596 [FATAL] Updater:308 - Updater called before beeing initialized
2025-03-30 12:58:06,596 [WARN] DetailPanel:346 - Failed to get advertising image, set to default
2025-03-30 12:58:06,597 [FATAL] Updater:308 - Updater called before beeing initialized
2025-03-30 12:58:06,664 [ERROR] Updater:1120 - MainUpdater not yet initialized. External WinMGr cannot be set.
2025-03-30 12:58:06,676 [INFO] Updater:1056 - Updater Version found : 6.9.0
2025-03-30 12:58:06,693 [INFO] ApplicationProperties:184 - Using Application install path: D:\ST\STM32CubeIDE_1.13.0\STM32CubeIDE\plugins\com.st.stm32cube.common.mx_6.9.0.202307051724
2025-03-30 12:58:07,764 [INFO] MainUpdater:2868 - connection check result : 10
2025-03-30 12:58:07,765 [INFO] MainUpdater:285 - Updater Check For Update Now.
2025-03-30 12:58:07,765 [INFO] MicroXplorer:498 - Change Database Version : DB.6.0.90
2025-03-30 12:58:07,782 [INFO] McuFinderGlobals:63 - Set McuFinder mode to 2 (CubeIDE integrated)
2025-03-30 12:58:07,997 [INFO] CheckServerUpdateThread:120 - End of CheckServer Thread
2025-03-30 12:58:09,633 [WARN] PackLoader:240 - Cannot read IP mode file for STMicroelectronics.FP-SNS-MOTENVWB1.1.4.0
2025-03-30 12:58:09,655 [WARN] PackLoader:240 - Cannot read IP mode file for STMicroelectronics.FP-ATR-ASTRA1.2.0.2
2025-03-30 12:58:09,669 [WARN] PackLoader:240 - Cannot read IP mode file for STMicroelectronics.FP-ATR-ASTRA1.2.0.1
2025-03-30 12:58:09,696 [WARN] PackLoader:240 - Cannot read IP mode file for STMicroelectronics.X-CUBE-SMBUS.2.1.0
2025-03-30 12:58:09,724 [WARN] PackLoader:240 - Cannot read IP mode file for STMicroelectronics.X-CUBE-WB05N.1.1.0
2025-03-30 12:58:09,774 [WARN] PackLoader:240 - Cannot read IP mode file for STMicroelectronics.X-CUBE-AZRTOS-F7.1.1.0
2025-03-30 12:58:09,799 [WARN] PackLoader:240 - Cannot read IP mode file for STMicroelectronics.FP-SNS-MOTENV1.4.3.2
2025-03-30 12:58:09,816 [WARN] PackLoader:240 - Cannot read IP mode file for STMicroelectronics.FP-SNS-FLIGHT1.5.0.1
2025-03-30 12:58:09,835 [WARN] PackLoader:240 - Cannot read IP mode file for STMicroelectronics.X-CUBE-BLE1.6.2.4
2025-03-30 12:58:09,853 [WARN] PackLoader:240 - Cannot read IP mode file for STMicroelectronics.FP-SNS-FLIGHT1.5.0.2
2025-03-30 12:58:09,877 [ERROR] Engine:466 - C:\Users\Admin\.stm32cubemx\thirdparties\pdsc\Infineon.AIROC-Wi-Fi-Bluetooth-STM32.1.7.0.pdsc: PDSC version is not supported
2025-03-30 12:58:09,894 [WARN] PackLoader:240 - Cannot read IP mode file for STMicroelectronics.X-CUBE-DISPLAY.3.0.0
2025-03-30 12:58:09,917 [WARN] PackLoader:240 - Cannot read IP mode file for STMicroelectronics.X-CUBE-BLE1.7.0.0
2025-03-30 12:58:09,938 [WARN] PackLoader:240 - Cannot read IP mode file for STMicroelectronics.X-CUBE-NFC10.1.0.0
2025-03-30 12:58:09,956 [ERROR] Engine:466 - C:\Users\Admin\.stm32cubemx\thirdparties\pdsc\STMicroelectronics.X-CUBE-BLEMGR.4.0.0.pdsc: PDSC version is not supported
2025-03-30 12:58:09,972 [WARN] PackLoader:240 - Cannot read IP mode file for emotas.I-CUBE-CANOPEN.1.3.0
2025-03-30 12:58:09,992 [WARN] PackLoader:240 - Cannot read IP mode file for STMicroelectronics.X-CUBE-TOUCHGFX.4.22.0
2025-03-30 12:58:10,007 [WARN] PackLoader:240 - Cannot read IP mode file for STMicroelectronics.X-CUBE-AI.10.0.0
2025-03-30 12:58:10,023 [WARN] PackLoader:240 - Cannot read IP mode file for STMicroelectronics.FP-SNS-SMARTAG2.1.2.0
2025-03-30 12:58:10,035 [ERROR] Engine:466 - C:\Users\Admin\.stm32cubemx\thirdparties\pdsc\STMicroelectronics.FP-SNS-FLIGHT1.5.1.0.pdsc: PDSC version is not supported
2025-03-30 12:58:10,109 [WARN] PackLoader:240 - Cannot read IP mode file for STMicroelectronics.X-CUBE-MEMS1.11.1.0
2025-03-30 12:58:10,274 [INFO] LogOutputStream:77 - [STDOUT_REDIRECT] 1 : Invalid condition id : UX_CORESTACK_Condition cause : null
2025-03-30 12:58:10,274 [INFO] LogOutputStream:77 - [STDOUT_REDIRECT] 1 : Invalid condition id : UX_CORESTACK_Condition cause : null
2025-03-30 12:58:10,276 [INFO] LogOutputStream:77 - [STDOUT_REDIRECT] 1 : Invalid condition id : UX_CORESTACK_Condition cause : null
2025-03-30 12:58:10,277 [INFO] LogOutputStream:77 - [STDOUT_REDIRECT] 1 : Invalid condition id : UX_CORESTACK_Condition cause : null
2025-03-30 12:58:10,277 [INFO] LogOutputStream:77 - [STDOUT_REDIRECT] 1 : Invalid condition id : UX_CORESTACK_Condition cause : null
2025-03-30 12:58:10,280 [WARN] PackLoader:240 - Cannot read IP mode file for STMicroelectronics.X-CUBE-AZRTOS-WL.2.0.0
2025-03-30 12:58:10,290 [WARN] PackLoader:240 - Cannot read IP mode file for STMicroelectronics.FP-SNS-MOTENV1.5.0.0
2025-03-30 12:58:10,308 [WARN] PackLoader:240 - Cannot read IP mode file for wolfSSL.I-CUBE-wolfMQTT.1.19.0
2025-03-30 12:58:10,328 [WARN] PackLoader:240 - Cannot read IP mode file for WES.I-CUBE-Cesium.1.3.0
2025-03-30 12:58:10,343 [WARN] PackLoader:240 - Cannot read IP mode file for STMicroelectronics.X-CUBE-BLE2.3.3.0
2025-03-30 12:58:10,358 [WARN] PackLoader:240 - Cannot read IP mode file for STMicroelectronics.X-CUBE-NFC9.1.0.0
2025-03-30 12:58:10,374 [WARN] PackLoader:240 - Cannot read IP mode file for STMicroelectronics.X-CUBE-BLE1.7.1.0
2025-03-30 12:58:10,390 [WARN] PackLoader:240 - Cannot read IP mode file for STMicroelectronics.X-CUBE-ALGOBUILD.1.3.0
2025-03-30 12:58:10,419 [WARN] PackLoader:240 - Cannot read IP mode file for STMicroelectronics.X-CUBE-AZRTOS-G0.1.1.0
2025-03-30 12:58:10,435 [WARN] PackLoader:240 - Cannot read IP mode file for STMicroelectronics.X-CUBE-SAFEA1.1.2.2
2025-03-30 12:58:10,450 [WARN] PackLoader:240 - Cannot read IP mode file for STMicroelectronics.X-CUBE-NFC4.3.0.0
2025-03-30 12:58:10,463 [ERROR] Engine:466 - C:\Users\Admin\.stm32cubemx\thirdparties\pdsc\EmbeddedOffice.I-CUBE-FS-RTOS.1.0.1.pdsc: PDSC version is not supported
2025-03-30 12:58:10,476 [ERROR] Engine:466 - C:\Users\Admin\.stm32cubemx\thirdparties\pdsc\STMicroelectronics.X-CUBE-TCPP.4.2.0.pdsc: PDSC version is not supported
2025-03-30 12:58:10,488 [ERROR] Engine:466 - C:\Users\Admin\.stm32cubemx\thirdparties\pdsc\RealThread.X-CUBE-RT-Thread_Nano.4.1.1.pdsc: PDSC version is not supported
2025-03-30 12:58:10,503 [WARN] PackLoader:240 - Cannot read IP mode file for STMicroelectronics.FP-ATR-SIGFOX1.3.2.0
2025-03-30 12:58:10,514 [ERROR] Engine:466 - C:\Users\Admin\.stm32cubemx\thirdparties\pdsc\quantropi.X-CUBE-qispace-sdk-base.1.9.3.pdsc: PDSC version is not supported
2025-03-30 12:58:10,528 [WARN] PackLoader:240 - Cannot read IP mode file for STMicroelectronics.X-CUBE-EEPRMA1.5.1.0
2025-03-30 12:58:10,546 [WARN] PackLoader:240 - Cannot read IP mode file for ITTIA_DB.I-CUBE-ITTIADB.8.9.0
2025-03-30 12:58:10,584 [WARN] PackLoader:240 - Cannot read IP mode file for SEGGER.I-CUBE-embOS.1.3.1
2025-03-30 12:58:10,627 [WARN] PackLoader:240 - Cannot read IP mode file for STMicroelectronics.X-CUBE-ALGOBUILD.1.4.0
2025-03-30 12:58:10,643 [WARN] PackLoader:240 - Cannot read IP mode file for STMicroelectronics.X-CUBE-GNSS1.6.0.0
2025-03-30 12:58:10,677 [WARN] PackLoader:240 - Cannot read IP mode file for STMicroelectronics.X-CUBE-AZRTOS-F4.1.1.0
2025-03-30 12:58:10,695 [WARN] PackLoader:240 - Cannot read IP mode file for wolfSSL.I-CUBE-wolfSSL.5.6.3
2025-03-30 12:58:10,710 [WARN] PackLoader:240 - Cannot read IP mode file for STMicroelectronics.X-CUBE-ISPU.2.1.0
2025-03-30 12:58:10,742 [WARN] PackLoader:240 - Cannot read IP mode file for STMicroelectronics.X-CUBE-AZRTOS-L5.2.0.0
2025-03-30 12:58:10,804 [WARN] PackLoader:240 - Cannot read IP mode file for STMicroelectronics.X-CUBE-MEMS1.9.6.0
2025-03-30 12:58:10,945 [WARN] PackLoader:240 - Cannot read IP mode file for STMicroelectronics.X-CUBE-NFC6.3.1.0
2025-03-30 12:58:10,965 [WARN] PackLoader:240 - Cannot read IP mode file for STMicroelectronics.X-CUBE-BLEMGR.2.0.0
2025-03-30 12:58:10,981 [ERROR] Engine:466 - C:\Users\Admin\.stm32cubemx\thirdparties\pdsc\STMicroelectronics.X-CUBE-DPower.1.2.0.pdsc: PDSC version is not supported
2025-03-30 12:58:11,013 [WARN] ConditionMgr:438 - getConditionDescription Invalid condition id : UX DEVICE CLASS RTOS Condition cause : null
2025-03-30 12:58:11,013 [WARN] ConditionMgr:438 - getConditionDescription Invalid condition id : UX DEVICE CLASS RTOS Condition cause : null
2025-03-30 12:58:11,015 [WARN] PackLoader:240 - Cannot read IP mode file for STMicroelectronics.X-CUBE-AZRTOS-H7.3.1.0
2025-03-30 12:58:11,016 [WARN] ConditionMgr:1039 - genDependencies : Invalid condition id : UX DEVICE CLASS RTOS Condition cause : null
2025-03-30 12:58:11,016 [WARN] ConditionMgr:1039 - genDependencies : Invalid condition id : UX DEVICE CLASS RTOS Condition cause : null
2025-03-30 12:58:11,017 [WARN] ConditionMgr:1039 - genDependencies : Invalid condition id : UX DEVICE CLASS RTOS Condition cause : null
2025-03-30 12:58:11,017 [WARN] ConditionMgr:1039 - genDependencies : Invalid condition id : UX DEVICE CLASS RTOS Condition cause : null
2025-03-30 12:58:11,017 [WARN] ConditionMgr:1039 - genDependencies : Invalid condition id : UX DEVICE CLASS RTOS Condition cause : null
2025-03-30 12:58:11,033 [WARN] PackLoader:240 - Cannot read IP mode file for STMicroelectronics.X-CUBE-FREERTOS.1.3.0
2025-03-30 12:58:11,051 [WARN] PackLoader:240 - Cannot read IP mode file for STMicroelectronics.X-CUBE-NFC7.1.0.1
2025-03-30 12:58:11,068 [WARN] PackLoader:240 - Cannot read IP mode file for STMicroelectronics.X-CUBE-EEPRMA1.4.1.0
2025-03-30 12:58:11,085 [WARN] PackLoader:240 - Cannot read IP mode file for STMicroelectronics.X-CUBE-AI.8.1.0
2025-03-30 12:58:11,115 [WARN] ConditionMgr:438 - getConditionDescription Invalid condition id : LAN8742 Phy interface Condition cause : null
2025-03-30 12:58:11,115 [WARN] PackLoader:240 - Cannot read IP mode file for STMicroelectronics.X-CUBE-AZRTOS-L4.2.0.0
2025-03-30 12:58:11,116 [WARN] ConditionMgr:1039 - genDependencies : Invalid condition id : LAN8742 Phy interface Condition cause : null
2025-03-30 12:58:11,116 [WARN] ConditionMgr:1039 - genDependencies : Invalid condition id : LAN8742 Phy interface Condition cause : null
2025-03-30 12:58:11,116 [WARN] ConditionMgr:1039 - genDependencies : Invalid condition id : LAN8742 Phy interface Condition cause : null
2025-03-30 12:58:11,135 [WARN] PackLoader:240 - Cannot read IP mode file for STMicroelectronics.X-CUBE-SFXS2LP1.4.0.0
2025-03-30 12:58:11,149 [WARN] PackLoader:240 - Cannot read IP mode file for STMicroelectronics.X-CUBE-ISPU.1.1.0
2025-03-30 12:58:11,184 [WARN] PackLoader:240 - Cannot read IP mode file for STMicroelectronics.X-CUBE-AZRTOS-H7.3.3.0
2025-03-30 12:58:11,217 [WARN] ConditionMgr:438 - getConditionDescription Invalid condition id : UX DEVICE CLASS RTOS Condition cause : null
2025-03-30 12:58:11,230 [WARN] ConditionMgr:438 - getConditionDescription Invalid condition id : UX DEVICE CLASS RTOS Condition cause : null
2025-03-30 12:58:11,230 [WARN] PackLoader:240 - Cannot read IP mode file for STMicroelectronics.X-CUBE-AZRTOS-WB.2.0.0
2025-03-30 12:58:11,230 [WARN] ConditionMgr:1039 - genDependencies : Invalid condition id : UX DEVICE CLASS RTOS Condition cause : null
2025-03-30 12:58:11,230 [WARN] ConditionMgr:1039 - genDependencies : Invalid condition id : UX DEVICE CLASS RTOS Condition cause : null
2025-03-30 12:58:11,230 [WARN] ConditionMgr:1039 - genDependencies : Invalid condition id : UX DEVICE CLASS RTOS Condition cause : null
2025-03-30 12:58:11,230 [WARN] ConditionMgr:1039 - genDependencies : Invalid condition id : UX DEVICE CLASS RTOS Condition cause : null
2025-03-30 12:58:11,230 [WARN] ConditionMgr:1039 - genDependencies : Invalid condition id : UX DEVICE CLASS RTOS Condition cause : null
2025-03-30 12:58:11,247 [WARN] PackLoader:240 - Cannot read IP mode file for STMicroelectronics.X-CUBE-FREERTOS.1.0.1
2025-03-30 12:58:11,277 [WARN] PackLoader:240 - Cannot read IP mode file for STMicroelectronics.X-CUBE-GNSS1.7.0.1
2025-03-30 12:58:11,291 [WARN] PackLoader:240 - Cannot read IP mode file for STMicroelectronics.X-CUBE-TOUCHGFX.4.25.0
2025-03-30 12:58:11,302 [ERROR] Engine:466 - C:\Users\Admin\.stm32cubemx\thirdparties\pdsc\STMicroelectronics.FP-SNS-STBOX1.2.0.0.pdsc: PDSC version is not supported
2025-03-30 12:58:11,327 [WARN] PackLoader:240 - Cannot read IP mode file for STMicroelectronics.X-CUBE-AZRTOS-L5.1.1.0
2025-03-30 12:58:11,344 [WARN] PackLoader:240 - Cannot read IP mode file for STMicroelectronics.X-CUBE-AI.8.0.1
2025-03-30 12:58:11,363 [WARN] PackLoader:240 - Cannot read IP mode file for STMicroelectronics.X-CUBE-SUBG2.5.0.0
2025-03-30 12:58:11,392 [WARN] PackLoader:240 - Cannot read IP mode file for STMicroelectronics.X-CUBE-AZRTOS-H7RS.1.1.0
2025-03-30 12:58:11,408 [WARN] PackLoader:240 - Cannot read IP mode file for Cesanta.I-CUBE-Mongoose.7.13.0
2025-03-30 12:58:11,429 [WARN] PackLoader:240 - Cannot read IP mode file for STMicroelectronics.X-CUBE-TOF1.3.3.1
2025-03-30 12:58:11,460 [WARN] PackLoader:240 - Cannot read IP mode file for STMicroelectronics.X-CUBE-AZRTOS-G4.2.0.0
2025-03-30 12:58:11,479 [ERROR] Engine:466 - C:\Users\Admin\.stm32cubemx\thirdparties\pdsc\STMicroelectronics.X-CUBE-IPS.3.1.0.pdsc: PDSC version is not supported
2025-03-30 12:58:11,493 [WARN] PackLoader:240 - Cannot read IP mode file for STMicroelectronics.X-CUBE-ALS.1.0.2
2025-03-30 12:58:11,511 [WARN] PackLoader:240 - Cannot read IP mode file for STMicroelectronics.X-CUBE-TOUCHGFX.4.24.2
2025-03-30 12:58:11,524 [WARN] PackLoader:240 - Cannot read IP mode file for wolfSSL.I-CUBE-wolfTPM.3.4.0
2025-03-30 12:58:11,540 [WARN] PackLoader:240 - Cannot read IP mode file for portGmbH.I-Cube-SoM-uGOAL.1.1.0
2025-03-30 12:58:11,555 [WARN] PackLoader:240 - Cannot read IP mode file for STMicroelectronics.X-CUBE-ALS.1.0.1
2025-03-30 12:58:11,578 [WARN] PackLoader:240 - Cannot read IP mode file for STMicroelectronics.X-CUBE-AZRTOS-WB.1.1.0
2025-03-30 12:58:11,610 [WARN] PackLoader:240 - Cannot read IP mode file for STMicroelectronics.X-CUBE-AZRTOS-H7RS.1.0.0
2025-03-30 12:58:11,628 [WARN] PackLoader:240 - Cannot read IP mode file for STMicroelectronics.FP-ATR-ASTRA1.2.0.0
2025-03-30 12:58:11,649 [ERROR] Engine:466 - C:\Users\Admin\.stm32cubemx\thirdparties\pdsc\STMicroelectronics.X-CUBE-TOF1.3.4.2.pdsc: PDSC version is not supported
2025-03-30 12:58:11,666 [WARN] PackLoader:240 - Cannot read IP mode file for wolfSSL.I-CUBE-wolfSSH.1.4.17
2025-03-30 12:58:11,667 [INFO] ThirdParty:978 - Integrity check success = true
2025-03-30 12:58:11,667 [INFO] IntegrityCheckThread:100 - exiting critical section [integrity check]
2025-03-30 12:58:11,667 [INFO] IntegrityCheckThread:103 - End integrity checks thread
2025-03-30 12:58:28,902 [ERROR] LogOutputStream:75 - [STDERR_REDIRECT] SLF4J: Failed to load class "org.slf4j.impl.StaticLoggerBinder".
2025-03-30 12:58:28,902 [ERROR] LogOutputStream:75 - [STDERR_REDIRECT] SLF4J: Defaulting to no-operation (NOP) logger implementation
2025-03-30 12:58:28,903 [ERROR] LogOutputStream:75 - [STDERR_REDIRECT] SLF4J: See http://www.slf4j.org/codes.html#StaticLoggerBinder for further details.
