2025-03-26 21:13:47,974 [INFO] Activator:176 - 


2025-03-26 21:13:47,979 [INFO] Activator:177 - !SESSION log4j initialized
2025-03-26 21:13:54,936 [INFO] LogOutputStream:77 - [STDOUT_REDIRECT] 
2025-03-26 21:13:57,582 [INFO] ApplicationProperties:184 - Using Application install path: D:\ST\STM32CubeIDE_1.13.0\STM32CubeIDE\plugins\com.st.stm32cube.common.mx_6.9.0.202307051724
2025-03-26 21:13:57,603 [INFO] DbMcusXml:78 - Set database path to: D:\ST\STM32CubeIDE_1.13.0\STM32CubeIDE\plugins\com.st.stm32cube.common.mx_6.9.0.202307051724\\db\/mcu/
2025-03-26 21:13:57,604 [INFO] ApiDb:274 - Set plugin database path to: D:\ST\STM32CubeIDE_1.13.0\STM32CubeIDE\plugins\com.st.stm32cube.common.mx_6.9.0.202307051724\\db\/plugins/boardmanager/
2025-03-26 21:13:57,604 [WARN] ApiDb:259 - Overriding images path with different value:  => D:\ST\STM32CubeIDE_1.13.0\STM32CubeIDE\plugins\com.st.stm32cube.common.mx_6.9.0.202307051724\\db\/plugins/mcufinder/images/
2025-03-26 21:13:57,618 [INFO] ApiDb:250 - Set database path to: C:\Users\Admin\.stmcufinder\plugins\mcufinder//mcu/
2025-03-26 21:13:57,618 [INFO] DbMcusAds:125 - Set database path to: C:\Users\Admin\.stmcufinder\plugins\mcufinder//mcu/
2025-03-26 21:13:57,621 [INFO] CrossReferenceDbSqlite:203 - Set database path to: C:\Users\Admin\.stmcufinder\plugins\mcufinder//mcu/cs/
2025-03-26 21:13:57,758 [INFO] RulesReader:64 - Compatibility file has been processed (293 Rules)
2025-03-26 21:13:57,857 [INFO] DbMcusXml:78 - Set database path to: D:\ST\STM32CubeIDE_1.13.0\STM32CubeIDE\plugins\com.st.stm32cube.common.mx_6.9.0.202307051724\\db\/mcu/
2025-03-26 21:13:57,857 [INFO] ApiDb:274 - Set plugin database path to: D:\ST\STM32CubeIDE_1.13.0\STM32CubeIDE\plugins\com.st.stm32cube.common.mx_6.9.0.202307051724\\db\/plugins/boardmanager/
2025-03-26 21:13:57,857 [INFO] ApiDb:261 - Set plugin images path to: D:\ST\STM32CubeIDE_1.13.0\STM32CubeIDE\plugins\com.st.stm32cube.common.mx_6.9.0.202307051724\\db\/plugins/mcufinder/images/
2025-03-26 21:13:57,858 [WARN] DbFile:41 - Overriding database path with different value: C:\Users\Admin\.stmcufinder\plugins\mcufinder/ => C:\Users\Admin\.stmcufinder\plugins\mcufinder
2025-03-26 21:13:57,858 [INFO] ApiDb:250 - Set database path to: C:\Users\Admin\.stmcufinder\plugins\mcufinder//mcu/
2025-03-26 21:13:57,858 [WARN] DbFile:41 - Overriding database path with different value: C:\Users\Admin\.stmcufinder\plugins\mcufinder/ => C:\Users\Admin\.stmcufinder\plugins\mcufinder
2025-03-26 21:13:57,858 [INFO] DbMcusAds:125 - Set database path to: C:\Users\Admin\.stmcufinder\plugins\mcufinder//mcu/
2025-03-26 21:13:57,858 [WARN] DbFile:41 - Overriding database path with different value: C:\Users\Admin\.stmcufinder\plugins\mcufinder/ => C:\Users\Admin\.stmcufinder\plugins\mcufinder
2025-03-26 21:13:57,858 [WARN] DbFile:41 - Overriding database path with different value: C:\Users\Admin\.stmcufinder\plugins\mcufinder/ => C:\Users\Admin\.stmcufinder\plugins\mcufinder
2025-03-26 21:13:57,858 [INFO] CrossReferenceDbSqlite:203 - Set database path to: C:\Users\Admin\.stmcufinder\plugins\mcufinder//mcu/cs/
2025-03-26 21:13:57,954 [INFO] MainPanel:262 - HeapMemory: 268435456
2025-03-26 21:13:58,072 [INFO] DbMcusXml:78 - Set database path to: D:\ST\STM32CubeIDE_1.13.0\STM32CubeIDE\plugins\com.st.stm32cube.common.mx_6.9.0.202307051724\\db\/mcu/
2025-03-26 21:13:58,072 [INFO] ApiDb:274 - Set plugin database path to: D:\ST\STM32CubeIDE_1.13.0\STM32CubeIDE\plugins\com.st.stm32cube.common.mx_6.9.0.202307051724\\db\/plugins/boardmanager/
2025-03-26 21:13:58,072 [INFO] ApiDb:261 - Set plugin images path to: D:\ST\STM32CubeIDE_1.13.0\STM32CubeIDE\plugins\com.st.stm32cube.common.mx_6.9.0.202307051724\\db\/plugins/mcufinder/images/
2025-03-26 21:13:58,073 [WARN] DbFile:41 - Overriding database path with different value: C:\Users\Admin\.stmcufinder\plugins\mcufinder/ => C:\Users\Admin\.stmcufinder\plugins\mcufinder
2025-03-26 21:13:58,073 [INFO] ApiDb:250 - Set database path to: C:\Users\Admin\.stmcufinder\plugins\mcufinder//mcu/
2025-03-26 21:13:58,073 [WARN] DbFile:41 - Overriding database path with different value: C:\Users\Admin\.stmcufinder\plugins\mcufinder/ => C:\Users\Admin\.stmcufinder\plugins\mcufinder
2025-03-26 21:13:58,073 [INFO] DbMcusAds:125 - Set database path to: C:\Users\Admin\.stmcufinder\plugins\mcufinder//mcu/
2025-03-26 21:13:58,073 [WARN] DbFile:41 - Overriding database path with different value: C:\Users\Admin\.stmcufinder\plugins\mcufinder/ => C:\Users\Admin\.stmcufinder\plugins\mcufinder
2025-03-26 21:13:58,073 [WARN] DbFile:41 - Overriding database path with different value: C:\Users\Admin\.stmcufinder\plugins\mcufinder/ => C:\Users\Admin\.stmcufinder\plugins\mcufinder
2025-03-26 21:13:58,074 [INFO] CrossReferenceDbSqlite:203 - Set database path to: C:\Users\Admin\.stmcufinder\plugins\mcufinder//mcu/cs/
2025-03-26 21:13:58,098 [INFO] ApplicationProperties:184 - Using Application install path: D:\ST\STM32CubeIDE_1.13.0\STM32CubeIDE\plugins\com.st.stm32cube.common.mx_6.9.0.202307051724
2025-03-26 21:13:58,099 [INFO] PluginManage:196 - Search for loadable plugins [exclusion list=, ]
2025-03-26 21:13:58,102 [INFO] PluginManage:310 - Check plugin analytics
2025-03-26 21:13:58,279 [INFO] AnalyticsPlugin:253 - Accepted Software Licenses: 
2025-03-26 21:13:58,279 [INFO] AnalyticsPlugin:255 - Accepted CMSIS Pack Licenses: 
2025-03-26 21:13:58,279 [INFO] AnalyticsPlugin:257 - Accepted Firmware Licenses: FW.F4.1.27.0
2025-03-26 21:13:58,282 [INFO] PluginManage:359 - Loaded plugin analytics (category:tool,tabindex:-1)
2025-03-26 21:13:58,282 [INFO] PluginManage:310 - Check plugin cadmodel
2025-03-26 21:13:58,310 [INFO] CADModel:105 - Init CAD model plugin
2025-03-26 21:13:58,311 [INFO] PluginManage:359 - Loaded plugin cadmodel (category:power,tabindex:5)
2025-03-26 21:13:58,311 [INFO] PluginManage:310 - Check plugin clock
2025-03-26 21:13:58,338 [INFO] PluginManage:359 - Loaded plugin clock (category:base,tabindex:2)
2025-03-26 21:13:58,338 [INFO] PluginManage:310 - Check plugin ddr
2025-03-26 21:13:58,341 [INFO] PluginManage:359 - Loaded plugin ddr (category:tool,tabindex:6)
2025-03-26 21:13:58,341 [INFO] PluginManage:310 - Check plugin filemanager
2025-03-26 21:13:58,383 [ERROR] ConfigurationRetriever:142 - IOException on connection: Connect timed out
2025-03-26 21:13:58,474 [INFO] PluginManage:359 - Loaded plugin filemanager (category:base,tabindex:10)
2025-03-26 21:13:58,474 [INFO] PluginManage:310 - Check plugin ipmanager
2025-03-26 21:13:58,486 [INFO] PluginManage:359 - Loaded plugin ipmanager (category:base,tabindex:5)
2025-03-26 21:13:58,486 [INFO] PluginManage:310 - Check plugin lpbam
2025-03-26 21:13:58,509 [INFO] PluginManage:359 - Loaded plugin lpbam (category:base,tabindex:0)
2025-03-26 21:13:58,510 [INFO] PluginManage:310 - Check plugin memorymap
2025-03-26 21:13:58,541 [INFO] PluginManage:359 - Loaded plugin memorymap (category:base,tabindex:4)
2025-03-26 21:13:58,541 [INFO] PluginManage:310 - Check plugin pinoutandconfiguration
2025-03-26 21:13:58,565 [INFO] PluginManage:359 - Loaded plugin pinoutandconfiguration (category:base,tabindex:1)
2025-03-26 21:13:58,566 [INFO] PluginManage:310 - Check plugin pinoutconfig
2025-03-26 21:13:58,667 [WARN] SupportedApi:132 - Cannot load RTOS API schema: s4s-elt-must-match.1: The content of 'definitions' must match (annotation?, (simpleType | complexType)?, (unique | key | keyref)*)). A problem was found starting at: attribute.
2025-03-26 21:13:58,841 [INFO] PluginManage:359 - Loaded plugin pinoutconfig (category:base,tabindex:0)
2025-03-26 21:13:58,841 [INFO] PluginManage:310 - Check plugin power
2025-03-26 21:13:58,869 [INFO] PluginManage:359 - Loaded plugin power (category:power,tabindex:4)
2025-03-26 21:13:58,869 [INFO] PluginManage:310 - Check plugin projectmanager
2025-03-26 21:13:58,882 [INFO] PluginManage:359 - Loaded plugin projectmanager (category:projectmanager,tabindex:3)
2025-03-26 21:13:58,883 [INFO] PluginManage:310 - Check plugin thirdparty
2025-03-26 21:13:59,246 [INFO] PluginManage:359 - Loaded plugin thirdparty (category:base,tabindex:-1)
2025-03-26 21:13:59,246 [WARN] IntegrityCheckThread:84 - waiting for thirdparty lock release [integrity check]
2025-03-26 21:13:59,246 [INFO] PluginManage:310 - Check plugin tools
2025-03-26 21:13:59,246 [INFO] IntegrityCheckThread:86 - entering critical section [integrity check]
2025-03-26 21:13:59,247 [INFO] ThirdPartyUpdaterWithRetryManager:70 - Updater plugin not ready yet. [1/15]
2025-03-26 21:13:59,283 [INFO] PluginManage:359 - Loaded plugin tools (category:base,tabindex:7)
2025-03-26 21:13:59,283 [INFO] PluginManage:310 - Check plugin tutovideos
2025-03-26 21:13:59,471 [INFO] PluginManage:359 - Loaded plugin tutovideos (category:base,tabindex:-1)
2025-03-26 21:13:59,472 [INFO] PluginManage:310 - Check plugin updater
2025-03-26 21:13:59,482 [INFO] PluginManage:359 - Loaded plugin updater (category:base,tabindex:12)
2025-03-26 21:13:59,482 [INFO] PluginManage:310 - Check plugin userauth
2025-03-26 21:13:59,489 [INFO] UserAuth:113 - Init User Auth plugin
2025-03-26 21:13:59,489 [INFO] PluginManage:359 - Loaded plugin userauth (category:base,tabindex:14)
2025-03-26 21:13:59,489 [INFO] PluginManage:283 - PluginManage : Loaded plugins [17]
2025-03-26 21:13:59,706 [INFO] PinOutPanel:1499 - setPackage(No Configuration,No Configuration)
2025-03-26 21:13:59,801 [INFO] CADModel:165 - CPN selected for project level
2025-03-26 21:13:59,801 [INFO] CADModel:114 - Register for checkConnection events
2025-03-26 21:13:59,825 [INFO] IPUIPlugin:80 - create IPUIPlugin
2025-03-26 21:13:59,825 [INFO] PluginManager:220 - loadIPPluginJar : add adc
2025-03-26 21:13:59,862 [INFO] IPUIPlugin:80 - create IPUIPlugin
2025-03-26 21:13:59,863 [INFO] PluginManager:220 - loadIPPluginJar : add aes
2025-03-26 21:13:59,905 [INFO] IPUIPlugin:80 - create IPUIPlugin
2025-03-26 21:13:59,905 [INFO] PluginManager:220 - loadIPPluginJar : add can
2025-03-26 21:13:59,930 [INFO] IPUIPlugin:80 - create IPUIPlugin
2025-03-26 21:13:59,931 [INFO] PluginManager:220 - loadIPPluginJar : add comp
2025-03-26 21:13:59,964 [INFO] IPUIPlugin:80 - create IPUIPlugin
2025-03-26 21:13:59,964 [INFO] PluginManager:220 - loadIPPluginJar : add cryp
2025-03-26 21:13:59,994 [INFO] IPUIPlugin:80 - create IPUIPlugin
2025-03-26 21:13:59,994 [INFO] PluginManager:220 - loadIPPluginJar : add dfsdm
2025-03-26 21:14:00,010 [INFO] IPUIPlugin:80 - create IPUIPlugin
2025-03-26 21:14:00,012 [INFO] PluginManager:220 - loadIPPluginJar : add dma
2025-03-26 21:14:00,061 [INFO] IPUIPlugin:80 - create IPUIPlugin
2025-03-26 21:14:00,061 [INFO] PluginManager:220 - loadIPPluginJar : add dma3
2025-03-26 21:14:00,085 [INFO] IPUIPlugin:80 - create IPUIPlugin
2025-03-26 21:14:00,085 [INFO] PluginManager:220 - loadIPPluginJar : add fatfs
2025-03-26 21:14:00,138 [INFO] IPUIPlugin:80 - create IPUIPlugin
2025-03-26 21:14:00,138 [INFO] PluginManager:220 - loadIPPluginJar : add fmc
2025-03-26 21:14:00,159 [INFO] IPUIPlugin:80 - create IPUIPlugin
2025-03-26 21:14:00,160 [INFO] PluginManager:220 - loadIPPluginJar : add freertos
2025-03-26 21:14:00,183 [INFO] IPUIPlugin:80 - create IPUIPlugin
2025-03-26 21:14:00,183 [INFO] PluginManager:220 - loadIPPluginJar : add genericplugin
2025-03-26 21:14:00,291 [INFO] IPUIPlugin:80 - create IPUIPlugin
2025-03-26 21:14:00,292 [INFO] PluginManager:220 - loadIPPluginJar : add gfxmmu
2025-03-26 21:14:00,426 [INFO] IPUIPlugin:80 - create IPUIPlugin
2025-03-26 21:14:00,426 [INFO] PluginManager:220 - loadIPPluginJar : add gic
2025-03-26 21:14:00,443 [INFO] IPUIPlugin:80 - create IPUIPlugin
2025-03-26 21:14:00,443 [INFO] PluginManager:220 - loadIPPluginJar : add gpio
2025-03-26 21:14:00,536 [INFO] IPUIPlugin:80 - create IPUIPlugin
2025-03-26 21:14:00,536 [INFO] PluginManager:220 - loadIPPluginJar : add gtzc
2025-03-26 21:14:00,574 [INFO] IPUIPlugin:80 - create IPUIPlugin
2025-03-26 21:14:00,574 [INFO] PluginManager:220 - loadIPPluginJar : add hash
2025-03-26 21:14:00,633 [INFO] IPUIPlugin:80 - create IPUIPlugin
2025-03-26 21:14:00,633 [INFO] PluginManager:220 - loadIPPluginJar : add i2c
2025-03-26 21:14:00,675 [INFO] IPUIPlugin:80 - create IPUIPlugin
2025-03-26 21:14:00,675 [INFO] PluginManager:220 - loadIPPluginJar : add i2s
2025-03-26 21:14:00,720 [INFO] IPUIPlugin:80 - create IPUIPlugin
2025-03-26 21:14:00,720 [INFO] PluginManager:220 - loadIPPluginJar : add i3c
2025-03-26 21:14:00,830 [INFO] IPUIPlugin:80 - create IPUIPlugin
2025-03-26 21:14:00,830 [INFO] PluginManager:220 - loadIPPluginJar : add ipddr
2025-03-26 21:14:00,925 [INFO] IPUIPlugin:80 - create IPUIPlugin
2025-03-26 21:14:00,925 [INFO] PluginManager:220 - loadIPPluginJar : add linkedlist
2025-03-26 21:14:00,970 [INFO] IPUIPlugin:80 - create IPUIPlugin
2025-03-26 21:14:00,970 [INFO] PluginManager:220 - loadIPPluginJar : add lorawan
2025-03-26 21:14:01,027 [INFO] IPUIPlugin:80 - create IPUIPlugin
2025-03-26 21:14:01,027 [INFO] PluginManager:220 - loadIPPluginJar : add ltdc
2025-03-26 21:14:01,046 [INFO] IPUIPlugin:80 - create IPUIPlugin
2025-03-26 21:14:01,046 [INFO] PluginManager:220 - loadIPPluginJar : add mdma
2025-03-26 21:14:01,061 [INFO] IPUIPlugin:80 - create IPUIPlugin
2025-03-26 21:14:01,061 [INFO] PluginManager:220 - loadIPPluginJar : add nvic
2025-03-26 21:14:01,116 [INFO] IPUIPlugin:80 - create IPUIPlugin
2025-03-26 21:14:01,116 [INFO] PluginManager:220 - loadIPPluginJar : add opamp
2025-03-26 21:14:01,218 [INFO] IPUIPlugin:80 - create IPUIPlugin
2025-03-26 21:14:01,218 [INFO] PluginManager:220 - loadIPPluginJar : add openamp
2025-03-26 21:14:01,297 [INFO] IPUIPlugin:80 - create IPUIPlugin
2025-03-26 21:14:01,297 [INFO] PluginManager:220 - loadIPPluginJar : add pdm2pcm
2025-03-26 21:14:01,315 [INFO] IPUIPlugin:80 - create IPUIPlugin
2025-03-26 21:14:01,316 [INFO] PluginManager:220 - loadIPPluginJar : add plateformsettings
2025-03-26 21:14:01,356 [INFO] IPUIPlugin:80 - create IPUIPlugin
2025-03-26 21:14:01,356 [INFO] PluginManager:220 - loadIPPluginJar : add quadspi
2025-03-26 21:14:01,382 [INFO] IPUIPlugin:80 - create IPUIPlugin
2025-03-26 21:14:01,382 [INFO] PluginManager:220 - loadIPPluginJar : add resmgrutility
2025-03-26 21:14:01,451 [INFO] IPUIPlugin:80 - create IPUIPlugin
2025-03-26 21:14:01,452 [INFO] PluginManager:220 - loadIPPluginJar : add sai
2025-03-26 21:14:01,516 [INFO] IPUIPlugin:80 - create IPUIPlugin
2025-03-26 21:14:01,516 [INFO] PluginManager:220 - loadIPPluginJar : add spi
2025-03-26 21:14:01,637 [INFO] IPUIPlugin:80 - create IPUIPlugin
2025-03-26 21:14:01,638 [INFO] PluginManager:220 - loadIPPluginJar : add stm32_wpan
2025-03-26 21:14:01,699 [INFO] IPUIPlugin:80 - create IPUIPlugin
2025-03-26 21:14:01,699 [INFO] PluginManager:220 - loadIPPluginJar : add tim
2025-03-26 21:14:01,813 [INFO] IPUIPlugin:80 - create IPUIPlugin
2025-03-26 21:14:01,813 [INFO] PluginManager:220 - loadIPPluginJar : add touchsensing
2025-03-26 21:14:01,855 [INFO] IPUIPlugin:80 - create IPUIPlugin
2025-03-26 21:14:01,855 [INFO] PluginManager:220 - loadIPPluginJar : add tracer_emb
2025-03-26 21:14:01,906 [INFO] IPUIPlugin:80 - create IPUIPlugin
2025-03-26 21:14:01,906 [INFO] PluginManager:220 - loadIPPluginJar : add ts
2025-03-26 21:14:01,945 [INFO] IPUIPlugin:80 - create IPUIPlugin
2025-03-26 21:14:01,946 [INFO] PluginManager:220 - loadIPPluginJar : add tsc
2025-03-26 21:14:01,990 [INFO] IPUIPlugin:80 - create IPUIPlugin
2025-03-26 21:14:01,990 [INFO] PluginManager:220 - loadIPPluginJar : add ucpd
2025-03-26 21:14:02,053 [INFO] IPUIPlugin:80 - create IPUIPlugin
2025-03-26 21:14:02,053 [INFO] PluginManager:220 - loadIPPluginJar : add usart
2025-03-26 21:14:02,108 [INFO] IPUIPlugin:80 - create IPUIPlugin
2025-03-26 21:14:02,108 [INFO] PluginManager:220 - loadIPPluginJar : add usbx
2025-03-26 21:14:02,227 [INFO] CADModel:165 - CPN selected for project level
2025-03-26 21:14:02,227 [INFO] CADModel:114 - Register for checkConnection events
2025-03-26 21:14:02,227 [FATAL] Updater:308 - Updater called before beeing initialized
2025-03-26 21:14:02,227 [ERROR] CADModel:125 - Updater not yet initialized, retry later 
2025-03-26 21:14:02,247 [INFO] ThirdPartyUpdaterWithRetryManager:70 - Updater plugin not ready yet. [2/15]
2025-03-26 21:14:02,350 [INFO] CADModel:165 - CPN selected for project level
2025-03-26 21:14:02,350 [INFO] CADModel:114 - Register for checkConnection events
2025-03-26 21:14:02,350 [FATAL] Updater:308 - Updater called before beeing initialized
2025-03-26 21:14:02,350 [ERROR] CADModel:125 - Updater not yet initialized, retry later 
2025-03-26 21:14:02,352 [FATAL] Updater:308 - Updater called before beeing initialized
2025-03-26 21:14:02,447 [FATAL] Updater:308 - Updater called before beeing initialized
2025-03-26 21:14:02,458 [INFO] DbMcusAds:53 - JSON generation date=Thu Mar 06 21:54:21 ICT 2025 (1741272861825)
2025-03-26 21:14:02,458 [FATAL] Updater:308 - Updater called before beeing initialized
2025-03-26 21:14:02,544 [WARN] DetailPanel:346 - Failed to get advertising image, set to default
2025-03-26 21:14:02,630 [FATAL] Updater:308 - Updater called before beeing initialized
2025-03-26 21:14:02,631 [FATAL] Updater:308 - Updater called before beeing initialized
2025-03-26 21:14:02,631 [FATAL] Updater:308 - Updater called before beeing initialized
2025-03-26 21:14:02,631 [WARN] DetailPanel:346 - Failed to get advertising image, set to default
2025-03-26 21:14:02,632 [FATAL] Updater:308 - Updater called before beeing initialized
2025-03-26 21:14:02,682 [ERROR] Updater:1120 - MainUpdater not yet initialized. External WinMGr cannot be set.
2025-03-26 21:14:02,694 [INFO] Updater:1056 - Updater Version found : 6.9.0
2025-03-26 21:14:02,708 [INFO] ApplicationProperties:184 - Using Application install path: D:\ST\STM32CubeIDE_1.13.0\STM32CubeIDE\plugins\com.st.stm32cube.common.mx_6.9.0.202307051724
2025-03-26 21:14:02,859 [INFO] MainUpdater:2868 - connection check result : 10
2025-03-26 21:14:02,859 [INFO] MainUpdater:3562 - Updater definition file requires update
2025-03-26 21:14:02,860 [INFO] MainUpdater:285 - Updater Check For Update Now.
2025-03-26 21:14:02,860 [INFO] MicroXplorer:498 - Change Database Version : DB.6.0.90
2025-03-26 21:14:02,883 [INFO] McuFinderGlobals:63 - Set McuFinder mode to 2 (CubeIDE integrated)
2025-03-26 21:14:02,909 [INFO] ServerAccessManage:473 - Download File updaters.zip
2025-03-26 21:14:03,033 [INFO] FileExtend:240 - Unzip File : updaters.zip
2025-03-26 21:14:03,034 [INFO] FileExtend:255 - Standard Zip Deflate
2025-03-26 21:14:04,217 [ERROR] ConfigurationRetriever:142 - IOException on connection: Connect timed out
2025-03-26 21:14:05,248 [WARN] MainUpdater:1189 - Updater busy. Cannot search thirdparties
2025-03-26 21:14:05,248 [INFO] ThirdPartyUpdaterWithRetryManager:96 - Updater plugin is busy. [1/15]
2025-03-26 21:14:08,248 [WARN] MainUpdater:1189 - Updater busy. Cannot search thirdparties
2025-03-26 21:14:08,248 [INFO] ThirdPartyUpdaterWithRetryManager:96 - Updater plugin is busy. [2/15]
2025-03-26 21:14:11,249 [WARN] MainUpdater:1189 - Updater busy. Cannot search thirdparties
2025-03-26 21:14:11,249 [INFO] ThirdPartyUpdaterWithRetryManager:96 - Updater plugin is busy. [3/15]
2025-03-26 21:14:14,251 [WARN] MainUpdater:1189 - Updater busy. Cannot search thirdparties
2025-03-26 21:14:14,251 [INFO] ThirdPartyUpdaterWithRetryManager:96 - Updater plugin is busy. [4/15]
2025-03-26 21:14:17,252 [WARN] MainUpdater:1189 - Updater busy. Cannot search thirdparties
2025-03-26 21:14:17,252 [INFO] ThirdPartyUpdaterWithRetryManager:96 - Updater plugin is busy. [5/15]
2025-03-26 21:14:20,259 [WARN] MainUpdater:1189 - Updater busy. Cannot search thirdparties
2025-03-26 21:14:20,259 [INFO] ThirdPartyUpdaterWithRetryManager:96 - Updater plugin is busy. [6/15]
2025-03-26 21:14:23,264 [WARN] MainUpdater:1189 - Updater busy. Cannot search thirdparties
2025-03-26 21:14:23,264 [INFO] ThirdPartyUpdaterWithRetryManager:96 - Updater plugin is busy. [7/15]
2025-03-26 21:14:24,608 [ERROR] ServerAccessManage:1172 - Problem during Server Connection :  IO error Connection timed out: no further information
2025-03-26 21:14:24,608 [ERROR] ServerAccessManage:651 - Problem during Server Connection :  : PacksControlFlags.xml.
2025-03-26 21:14:24,749 [INFO] ServerAccessManage:473 - Download File cubemx.pidx
2025-03-26 21:14:24,852 [INFO] LoadServerUpdatesThread:373 - End of LoadServerUpdate Thread
2025-03-26 21:14:25,044 [INFO] CheckServerUpdateThread:120 - End of CheckServer Thread
2025-03-26 21:14:25,277 [ERROR] LogOutputStream:75 - [STDERR_REDIRECT] SLF4J: Failed to load class "org.slf4j.impl.StaticLoggerBinder".
2025-03-26 21:14:25,277 [ERROR] LogOutputStream:75 - [STDERR_REDIRECT] SLF4J: Defaulting to no-operation (NOP) logger implementation
2025-03-26 21:14:25,277 [ERROR] LogOutputStream:75 - [STDERR_REDIRECT] SLF4J: See http://www.slf4j.org/codes.html#StaticLoggerBinder for further details.
2025-03-26 21:14:26,582 [WARN] PackLoader:240 - Cannot read IP mode file for STMicroelectronics.FP-SNS-MOTENVWB1.1.4.0
2025-03-26 21:14:26,604 [WARN] PackLoader:240 - Cannot read IP mode file for STMicroelectronics.FP-ATR-ASTRA1.2.0.2
2025-03-26 21:14:26,621 [WARN] PackLoader:240 - Cannot read IP mode file for STMicroelectronics.FP-ATR-ASTRA1.2.0.1
2025-03-26 21:14:26,638 [WARN] PackLoader:240 - Cannot read IP mode file for STMicroelectronics.X-CUBE-SMBUS.2.1.0
2025-03-26 21:14:26,656 [WARN] PackLoader:240 - Cannot read IP mode file for STMicroelectronics.X-CUBE-WB05N.1.1.0
2025-03-26 21:14:26,696 [WARN] PackLoader:240 - Cannot read IP mode file for STMicroelectronics.X-CUBE-AZRTOS-F7.1.1.0
2025-03-26 21:14:26,724 [WARN] PackLoader:240 - Cannot read IP mode file for STMicroelectronics.FP-SNS-MOTENV1.4.3.2
2025-03-26 21:14:26,740 [WARN] PackLoader:240 - Cannot read IP mode file for STMicroelectronics.FP-SNS-FLIGHT1.5.0.1
2025-03-26 21:14:26,761 [WARN] PackLoader:240 - Cannot read IP mode file for STMicroelectronics.X-CUBE-BLE1.6.2.4
2025-03-26 21:14:26,775 [WARN] PackLoader:240 - Cannot read IP mode file for STMicroelectronics.FP-SNS-FLIGHT1.5.0.2
2025-03-26 21:14:26,791 [ERROR] Engine:466 - C:\Users\Admin\.stm32cubemx\thirdparties\pdsc\Infineon.AIROC-Wi-Fi-Bluetooth-STM32.1.7.0.pdsc: PDSC version is not supported
2025-03-26 21:14:26,810 [WARN] PackLoader:240 - Cannot read IP mode file for STMicroelectronics.X-CUBE-DISPLAY.3.0.0
2025-03-26 21:14:26,835 [WARN] PackLoader:240 - Cannot read IP mode file for STMicroelectronics.X-CUBE-BLE1.7.0.0
2025-03-26 21:14:26,849 [WARN] PackLoader:240 - Cannot read IP mode file for STMicroelectronics.X-CUBE-NFC10.1.0.0
2025-03-26 21:14:26,866 [ERROR] Engine:466 - C:\Users\Admin\.stm32cubemx\thirdparties\pdsc\STMicroelectronics.X-CUBE-BLEMGR.4.0.0.pdsc: PDSC version is not supported
2025-03-26 21:14:26,882 [WARN] PackLoader:240 - Cannot read IP mode file for emotas.I-CUBE-CANOPEN.1.3.0
2025-03-26 21:14:26,897 [WARN] PackLoader:240 - Cannot read IP mode file for STMicroelectronics.X-CUBE-TOUCHGFX.4.22.0
2025-03-26 21:14:26,907 [WARN] PackLoader:240 - Cannot read IP mode file for STMicroelectronics.X-CUBE-AI.10.0.0
2025-03-26 21:14:26,927 [WARN] PackLoader:240 - Cannot read IP mode file for STMicroelectronics.FP-SNS-SMARTAG2.1.2.0
2025-03-26 21:14:26,933 [ERROR] Engine:466 - C:\Users\Admin\.stm32cubemx\thirdparties\pdsc\STMicroelectronics.FP-SNS-FLIGHT1.5.1.0.pdsc: PDSC version is not supported
2025-03-26 21:14:26,995 [WARN] PackLoader:240 - Cannot read IP mode file for STMicroelectronics.X-CUBE-MEMS1.11.1.0
2025-03-26 21:14:27,158 [INFO] LogOutputStream:77 - [STDOUT_REDIRECT] 1 : Invalid condition id : UX_CORESTACK_Condition cause : null
2025-03-26 21:14:27,158 [INFO] LogOutputStream:77 - [STDOUT_REDIRECT] 1 : Invalid condition id : UX_CORESTACK_Condition cause : null
2025-03-26 21:14:27,158 [INFO] LogOutputStream:77 - [STDOUT_REDIRECT] 1 : Invalid condition id : UX_CORESTACK_Condition cause : null
2025-03-26 21:14:27,158 [INFO] LogOutputStream:77 - [STDOUT_REDIRECT] 1 : Invalid condition id : UX_CORESTACK_Condition cause : null
2025-03-26 21:14:27,161 [INFO] LogOutputStream:77 - [STDOUT_REDIRECT] 1 : Invalid condition id : UX_CORESTACK_Condition cause : null
2025-03-26 21:14:27,161 [WARN] PackLoader:240 - Cannot read IP mode file for STMicroelectronics.X-CUBE-AZRTOS-WL.2.0.0
2025-03-26 21:14:27,177 [WARN] PackLoader:240 - Cannot read IP mode file for STMicroelectronics.FP-SNS-MOTENV1.5.0.0
2025-03-26 21:14:27,190 [WARN] PackLoader:240 - Cannot read IP mode file for wolfSSL.I-CUBE-wolfMQTT.1.19.0
2025-03-26 21:14:27,209 [WARN] PackLoader:240 - Cannot read IP mode file for WES.I-CUBE-Cesium.1.3.0
2025-03-26 21:14:27,233 [WARN] PackLoader:240 - Cannot read IP mode file for STMicroelectronics.X-CUBE-BLE2.3.3.0
2025-03-26 21:14:27,250 [WARN] PackLoader:240 - Cannot read IP mode file for STMicroelectronics.X-CUBE-NFC9.1.0.0
2025-03-26 21:14:27,266 [WARN] PackLoader:240 - Cannot read IP mode file for STMicroelectronics.X-CUBE-BLE1.7.1.0
2025-03-26 21:14:27,279 [WARN] PackLoader:240 - Cannot read IP mode file for STMicroelectronics.X-CUBE-ALGOBUILD.1.3.0
2025-03-26 21:14:27,311 [WARN] PackLoader:240 - Cannot read IP mode file for STMicroelectronics.X-CUBE-AZRTOS-G0.1.1.0
2025-03-26 21:14:27,330 [WARN] PackLoader:240 - Cannot read IP mode file for STMicroelectronics.X-CUBE-SAFEA1.1.2.2
2025-03-26 21:14:27,347 [WARN] PackLoader:240 - Cannot read IP mode file for STMicroelectronics.X-CUBE-NFC4.3.0.0
2025-03-26 21:14:27,360 [ERROR] Engine:466 - C:\Users\Admin\.stm32cubemx\thirdparties\pdsc\EmbeddedOffice.I-CUBE-FS-RTOS.1.0.1.pdsc: PDSC version is not supported
2025-03-26 21:14:27,370 [ERROR] Engine:466 - C:\Users\Admin\.stm32cubemx\thirdparties\pdsc\STMicroelectronics.X-CUBE-TCPP.4.2.0.pdsc: PDSC version is not supported
2025-03-26 21:14:27,390 [ERROR] Engine:466 - C:\Users\Admin\.stm32cubemx\thirdparties\pdsc\RealThread.X-CUBE-RT-Thread_Nano.4.1.1.pdsc: PDSC version is not supported
2025-03-26 21:14:27,403 [WARN] PackLoader:240 - Cannot read IP mode file for STMicroelectronics.FP-ATR-SIGFOX1.3.2.0
2025-03-26 21:14:27,418 [ERROR] Engine:466 - C:\Users\Admin\.stm32cubemx\thirdparties\pdsc\quantropi.X-CUBE-qispace-sdk-base.1.9.3.pdsc: PDSC version is not supported
2025-03-26 21:14:27,437 [WARN] PackLoader:240 - Cannot read IP mode file for STMicroelectronics.X-CUBE-EEPRMA1.5.1.0
2025-03-26 21:14:27,454 [WARN] PackLoader:240 - Cannot read IP mode file for ITTIA_DB.I-CUBE-ITTIADB.8.9.0
2025-03-26 21:14:27,493 [WARN] PackLoader:240 - Cannot read IP mode file for SEGGER.I-CUBE-embOS.1.3.1
2025-03-26 21:14:27,545 [WARN] PackLoader:240 - Cannot read IP mode file for STMicroelectronics.X-CUBE-ALGOBUILD.1.4.0
2025-03-26 21:14:27,564 [WARN] PackLoader:240 - Cannot read IP mode file for STMicroelectronics.X-CUBE-GNSS1.6.0.0
2025-03-26 21:14:27,594 [WARN] PackLoader:240 - Cannot read IP mode file for STMicroelectronics.X-CUBE-AZRTOS-F4.1.1.0
2025-03-26 21:14:27,613 [WARN] PackLoader:240 - Cannot read IP mode file for wolfSSL.I-CUBE-wolfSSL.5.6.3
2025-03-26 21:14:27,628 [WARN] PackLoader:240 - Cannot read IP mode file for STMicroelectronics.X-CUBE-ISPU.2.1.0
2025-03-26 21:14:27,656 [WARN] PackLoader:240 - Cannot read IP mode file for STMicroelectronics.X-CUBE-AZRTOS-L5.2.0.0
2025-03-26 21:14:27,704 [WARN] PackLoader:240 - Cannot read IP mode file for STMicroelectronics.X-CUBE-MEMS1.9.6.0
2025-03-26 21:14:27,815 [WARN] PackLoader:240 - Cannot read IP mode file for STMicroelectronics.X-CUBE-NFC6.3.1.0
2025-03-26 21:14:27,840 [WARN] PackLoader:240 - Cannot read IP mode file for STMicroelectronics.X-CUBE-BLEMGR.2.0.0
2025-03-26 21:14:27,855 [ERROR] Engine:466 - C:\Users\Admin\.stm32cubemx\thirdparties\pdsc\STMicroelectronics.X-CUBE-DPower.1.2.0.pdsc: PDSC version is not supported
2025-03-26 21:14:27,887 [WARN] ConditionMgr:438 - getConditionDescription Invalid condition id : UX DEVICE CLASS RTOS Condition cause : null
2025-03-26 21:14:27,887 [WARN] ConditionMgr:438 - getConditionDescription Invalid condition id : UX DEVICE CLASS RTOS Condition cause : null
2025-03-26 21:14:27,887 [WARN] PackLoader:240 - Cannot read IP mode file for STMicroelectronics.X-CUBE-AZRTOS-H7.3.1.0
2025-03-26 21:14:27,887 [WARN] ConditionMgr:1039 - genDependencies : Invalid condition id : UX DEVICE CLASS RTOS Condition cause : null
2025-03-26 21:14:27,887 [WARN] ConditionMgr:1039 - genDependencies : Invalid condition id : UX DEVICE CLASS RTOS Condition cause : null
2025-03-26 21:14:27,887 [WARN] ConditionMgr:1039 - genDependencies : Invalid condition id : UX DEVICE CLASS RTOS Condition cause : null
2025-03-26 21:14:27,887 [WARN] ConditionMgr:1039 - genDependencies : Invalid condition id : UX DEVICE CLASS RTOS Condition cause : null
2025-03-26 21:14:27,887 [WARN] ConditionMgr:1039 - genDependencies : Invalid condition id : UX DEVICE CLASS RTOS Condition cause : null
2025-03-26 21:14:27,908 [WARN] PackLoader:240 - Cannot read IP mode file for STMicroelectronics.X-CUBE-FREERTOS.1.3.0
2025-03-26 21:14:27,928 [WARN] PackLoader:240 - Cannot read IP mode file for STMicroelectronics.X-CUBE-NFC7.1.0.1
2025-03-26 21:14:27,948 [WARN] PackLoader:240 - Cannot read IP mode file for STMicroelectronics.X-CUBE-EEPRMA1.4.1.0
2025-03-26 21:14:27,975 [WARN] PackLoader:240 - Cannot read IP mode file for STMicroelectronics.X-CUBE-AI.8.1.0
2025-03-26 21:14:28,009 [WARN] ConditionMgr:438 - getConditionDescription Invalid condition id : LAN8742 Phy interface Condition cause : null
2025-03-26 21:14:28,010 [WARN] PackLoader:240 - Cannot read IP mode file for STMicroelectronics.X-CUBE-AZRTOS-L4.2.0.0
2025-03-26 21:14:28,011 [WARN] ConditionMgr:1039 - genDependencies : Invalid condition id : LAN8742 Phy interface Condition cause : null
2025-03-26 21:14:28,012 [WARN] ConditionMgr:1039 - genDependencies : Invalid condition id : LAN8742 Phy interface Condition cause : null
2025-03-26 21:14:28,012 [WARN] ConditionMgr:1039 - genDependencies : Invalid condition id : LAN8742 Phy interface Condition cause : null
2025-03-26 21:14:28,028 [WARN] PackLoader:240 - Cannot read IP mode file for STMicroelectronics.X-CUBE-SFXS2LP1.4.0.0
2025-03-26 21:14:28,045 [WARN] PackLoader:240 - Cannot read IP mode file for STMicroelectronics.X-CUBE-ISPU.1.1.0
2025-03-26 21:14:28,080 [WARN] PackLoader:240 - Cannot read IP mode file for STMicroelectronics.X-CUBE-AZRTOS-H7.3.3.0
2025-03-26 21:14:28,114 [WARN] ConditionMgr:438 - getConditionDescription Invalid condition id : UX DEVICE CLASS RTOS Condition cause : null
2025-03-26 21:14:28,114 [WARN] ConditionMgr:438 - getConditionDescription Invalid condition id : UX DEVICE CLASS RTOS Condition cause : null
2025-03-26 21:14:28,116 [WARN] PackLoader:240 - Cannot read IP mode file for STMicroelectronics.X-CUBE-AZRTOS-WB.2.0.0
2025-03-26 21:14:28,117 [WARN] ConditionMgr:1039 - genDependencies : Invalid condition id : UX DEVICE CLASS RTOS Condition cause : null
2025-03-26 21:14:28,117 [WARN] ConditionMgr:1039 - genDependencies : Invalid condition id : UX DEVICE CLASS RTOS Condition cause : null
2025-03-26 21:14:28,117 [WARN] ConditionMgr:1039 - genDependencies : Invalid condition id : UX DEVICE CLASS RTOS Condition cause : null
2025-03-26 21:14:28,117 [WARN] ConditionMgr:1039 - genDependencies : Invalid condition id : UX DEVICE CLASS RTOS Condition cause : null
2025-03-26 21:14:28,117 [WARN] ConditionMgr:1039 - genDependencies : Invalid condition id : UX DEVICE CLASS RTOS Condition cause : null
2025-03-26 21:14:28,134 [WARN] PackLoader:240 - Cannot read IP mode file for STMicroelectronics.X-CUBE-FREERTOS.1.0.1
2025-03-26 21:14:28,151 [WARN] PackLoader:240 - Cannot read IP mode file for STMicroelectronics.X-CUBE-GNSS1.7.0.1
2025-03-26 21:14:28,171 [WARN] PackLoader:240 - Cannot read IP mode file for STMicroelectronics.X-CUBE-TOUCHGFX.4.25.0
2025-03-26 21:14:28,186 [ERROR] Engine:466 - C:\Users\Admin\.stm32cubemx\thirdparties\pdsc\STMicroelectronics.FP-SNS-STBOX1.2.0.0.pdsc: PDSC version is not supported
2025-03-26 21:14:28,217 [WARN] PackLoader:240 - Cannot read IP mode file for STMicroelectronics.X-CUBE-AZRTOS-L5.1.1.0
2025-03-26 21:14:28,238 [WARN] PackLoader:240 - Cannot read IP mode file for STMicroelectronics.X-CUBE-AI.8.0.1
2025-03-26 21:14:28,263 [WARN] PackLoader:240 - Cannot read IP mode file for STMicroelectronics.X-CUBE-SUBG2.5.0.0
2025-03-26 21:14:28,306 [WARN] PackLoader:240 - Cannot read IP mode file for STMicroelectronics.X-CUBE-AZRTOS-H7RS.1.1.0
2025-03-26 21:14:28,330 [WARN] PackLoader:240 - Cannot read IP mode file for Cesanta.I-CUBE-Mongoose.7.13.0
2025-03-26 21:14:28,355 [WARN] PackLoader:240 - Cannot read IP mode file for STMicroelectronics.X-CUBE-TOF1.3.3.1
2025-03-26 21:14:28,403 [WARN] PackLoader:240 - Cannot read IP mode file for STMicroelectronics.X-CUBE-AZRTOS-G4.2.0.0
2025-03-26 21:14:28,427 [ERROR] Engine:466 - C:\Users\Admin\.stm32cubemx\thirdparties\pdsc\STMicroelectronics.X-CUBE-IPS.3.1.0.pdsc: PDSC version is not supported
2025-03-26 21:14:28,454 [WARN] PackLoader:240 - Cannot read IP mode file for STMicroelectronics.X-CUBE-ALS.1.0.2
2025-03-26 21:14:28,467 [WARN] PackLoader:240 - Cannot read IP mode file for STMicroelectronics.X-CUBE-TOUCHGFX.4.24.2
2025-03-26 21:14:28,485 [WARN] PackLoader:240 - Cannot read IP mode file for wolfSSL.I-CUBE-wolfTPM.3.4.0
2025-03-26 21:14:28,507 [WARN] PackLoader:240 - Cannot read IP mode file for portGmbH.I-Cube-SoM-uGOAL.1.1.0
2025-03-26 21:14:28,525 [WARN] PackLoader:240 - Cannot read IP mode file for STMicroelectronics.X-CUBE-ALS.1.0.1
2025-03-26 21:14:28,554 [WARN] PackLoader:240 - Cannot read IP mode file for STMicroelectronics.X-CUBE-AZRTOS-WB.1.1.0
2025-03-26 21:14:28,587 [WARN] PackLoader:240 - Cannot read IP mode file for STMicroelectronics.X-CUBE-AZRTOS-H7RS.1.0.0
2025-03-26 21:14:28,605 [WARN] PackLoader:240 - Cannot read IP mode file for STMicroelectronics.FP-ATR-ASTRA1.2.0.0
2025-03-26 21:14:28,626 [ERROR] Engine:466 - C:\Users\Admin\.stm32cubemx\thirdparties\pdsc\STMicroelectronics.X-CUBE-TOF1.3.4.2.pdsc: PDSC version is not supported
2025-03-26 21:14:28,654 [WARN] PackLoader:240 - Cannot read IP mode file for wolfSSL.I-CUBE-wolfSSH.1.4.17
2025-03-26 21:14:28,654 [INFO] ThirdParty:978 - Integrity check success = true
2025-03-26 21:14:28,654 [INFO] IntegrityCheckThread:100 - exiting critical section [integrity check]
2025-03-26 21:14:28,654 [INFO] IntegrityCheckThread:103 - End integrity checks thread
2025-03-26 22:17:40,445 [ERROR] ConfigurationRetriever:142 - IOException on connection: Connect timed out
2025-03-26 22:25:04,438 [ERROR] AdobePublisher:162 - Exception while opening the connection: java.net.UnknownHostException: stmicroelectronics.d3.sc.omtrdc.net
2025-03-26 22:25:04,438 [ERROR] AdobePublisher:162 - Exception while opening the connection: java.net.UnknownHostException: stmicroelectronics.d3.sc.omtrdc.net
2025-03-26 22:25:04,438 [ERROR] AdobePublisher:162 - Exception while opening the connection: java.net.UnknownHostException: stmicroelectronics.d3.sc.omtrdc.net
2025-03-26 22:25:04,438 [ERROR] AdobePublisher:162 - Exception while opening the connection: java.net.UnknownHostException: stmicroelectronics.d3.sc.omtrdc.net
2025-03-26 22:25:04,438 [ERROR] AdobePublisher:162 - Exception while opening the connection: java.net.UnknownHostException: stmicroelectronics.d3.sc.omtrdc.net
