2025-04-19 22:02:12,607 [INFO] Activator:176 - 


2025-04-19 22:02:12,612 [INFO] Activator:177 - !SESSION log4j initialized
2025-04-19 22:02:18,546 [INFO] LogOutputStream:77 - [STDOUT_REDIRECT] 
2025-04-19 22:02:21,269 [INFO] ApplicationProperties:184 - Using Application install path: D:\ST\STM32CubeIDE_1.13.0\STM32CubeIDE\plugins\com.st.stm32cube.common.mx_6.9.0.202307051724
2025-04-19 22:02:21,285 [INFO] DbMcusXml:78 - Set database path to: D:\ST\STM32CubeIDE_1.13.0\STM32CubeIDE\plugins\com.st.stm32cube.common.mx_6.9.0.202307051724\\db\/mcu/
2025-04-19 22:02:21,286 [INFO] ApiDb:274 - Set plugin database path to: D:\ST\STM32CubeIDE_1.13.0\STM32CubeIDE\plugins\com.st.stm32cube.common.mx_6.9.0.202307051724\\db\/plugins/boardmanager/
2025-04-19 22:02:21,286 [WARN] ApiDb:259 - Overriding images path with different value:  => D:\ST\STM32CubeIDE_1.13.0\STM32CubeIDE\plugins\com.st.stm32cube.common.mx_6.9.0.202307051724\\db\/plugins/mcufinder/images/
2025-04-19 22:02:21,294 [INFO] ApiDb:250 - Set database path to: C:\Users\Admin\.stmcufinder\plugins\mcufinder//mcu/
2025-04-19 22:02:21,295 [INFO] DbMcusAds:125 - Set database path to: C:\Users\Admin\.stmcufinder\plugins\mcufinder//mcu/
2025-04-19 22:02:21,296 [INFO] CrossReferenceDbSqlite:203 - Set database path to: C:\Users\Admin\.stmcufinder\plugins\mcufinder//mcu/cs/
2025-04-19 22:02:21,399 [INFO] RulesReader:64 - Compatibility file has been processed (293 Rules)
2025-04-19 22:02:21,471 [INFO] DbMcusXml:78 - Set database path to: D:\ST\STM32CubeIDE_1.13.0\STM32CubeIDE\plugins\com.st.stm32cube.common.mx_6.9.0.202307051724\\db\/mcu/
2025-04-19 22:02:21,471 [INFO] ApiDb:274 - Set plugin database path to: D:\ST\STM32CubeIDE_1.13.0\STM32CubeIDE\plugins\com.st.stm32cube.common.mx_6.9.0.202307051724\\db\/plugins/boardmanager/
2025-04-19 22:02:21,471 [INFO] ApiDb:261 - Set plugin images path to: D:\ST\STM32CubeIDE_1.13.0\STM32CubeIDE\plugins\com.st.stm32cube.common.mx_6.9.0.202307051724\\db\/plugins/mcufinder/images/
2025-04-19 22:02:21,472 [WARN] DbFile:41 - Overriding database path with different value: C:\Users\Admin\.stmcufinder\plugins\mcufinder/ => C:\Users\Admin\.stmcufinder\plugins\mcufinder
2025-04-19 22:02:21,472 [INFO] ApiDb:250 - Set database path to: C:\Users\Admin\.stmcufinder\plugins\mcufinder//mcu/
2025-04-19 22:02:21,472 [WARN] DbFile:41 - Overriding database path with different value: C:\Users\Admin\.stmcufinder\plugins\mcufinder/ => C:\Users\Admin\.stmcufinder\plugins\mcufinder
2025-04-19 22:02:21,472 [INFO] DbMcusAds:125 - Set database path to: C:\Users\Admin\.stmcufinder\plugins\mcufinder//mcu/
2025-04-19 22:02:21,472 [WARN] DbFile:41 - Overriding database path with different value: C:\Users\Admin\.stmcufinder\plugins\mcufinder/ => C:\Users\Admin\.stmcufinder\plugins\mcufinder
2025-04-19 22:02:21,472 [WARN] DbFile:41 - Overriding database path with different value: C:\Users\Admin\.stmcufinder\plugins\mcufinder/ => C:\Users\Admin\.stmcufinder\plugins\mcufinder
2025-04-19 22:02:21,472 [INFO] CrossReferenceDbSqlite:203 - Set database path to: C:\Users\Admin\.stmcufinder\plugins\mcufinder//mcu/cs/
2025-04-19 22:02:21,535 [INFO] MainPanel:262 - HeapMemory: 268435456
2025-04-19 22:02:21,614 [INFO] DbMcusXml:78 - Set database path to: D:\ST\STM32CubeIDE_1.13.0\STM32CubeIDE\plugins\com.st.stm32cube.common.mx_6.9.0.202307051724\\db\/mcu/
2025-04-19 22:02:21,614 [INFO] ApiDb:274 - Set plugin database path to: D:\ST\STM32CubeIDE_1.13.0\STM32CubeIDE\plugins\com.st.stm32cube.common.mx_6.9.0.202307051724\\db\/plugins/boardmanager/
2025-04-19 22:02:21,614 [INFO] ApiDb:261 - Set plugin images path to: D:\ST\STM32CubeIDE_1.13.0\STM32CubeIDE\plugins\com.st.stm32cube.common.mx_6.9.0.202307051724\\db\/plugins/mcufinder/images/
2025-04-19 22:02:21,615 [WARN] DbFile:41 - Overriding database path with different value: C:\Users\Admin\.stmcufinder\plugins\mcufinder/ => C:\Users\Admin\.stmcufinder\plugins\mcufinder
2025-04-19 22:02:21,615 [INFO] ApiDb:250 - Set database path to: C:\Users\Admin\.stmcufinder\plugins\mcufinder//mcu/
2025-04-19 22:02:21,615 [WARN] DbFile:41 - Overriding database path with different value: C:\Users\Admin\.stmcufinder\plugins\mcufinder/ => C:\Users\Admin\.stmcufinder\plugins\mcufinder
2025-04-19 22:02:21,615 [INFO] DbMcusAds:125 - Set database path to: C:\Users\Admin\.stmcufinder\plugins\mcufinder//mcu/
2025-04-19 22:02:21,615 [WARN] DbFile:41 - Overriding database path with different value: C:\Users\Admin\.stmcufinder\plugins\mcufinder/ => C:\Users\Admin\.stmcufinder\plugins\mcufinder
2025-04-19 22:02:21,615 [WARN] DbFile:41 - Overriding database path with different value: C:\Users\Admin\.stmcufinder\plugins\mcufinder/ => C:\Users\Admin\.stmcufinder\plugins\mcufinder
2025-04-19 22:02:21,615 [INFO] CrossReferenceDbSqlite:203 - Set database path to: C:\Users\Admin\.stmcufinder\plugins\mcufinder//mcu/cs/
2025-04-19 22:02:21,631 [INFO] ApplicationProperties:184 - Using Application install path: D:\ST\STM32CubeIDE_1.13.0\STM32CubeIDE\plugins\com.st.stm32cube.common.mx_6.9.0.202307051724
2025-04-19 22:02:21,632 [INFO] PluginManage:196 - Search for loadable plugins [exclusion list=, ]
2025-04-19 22:02:21,633 [INFO] PluginManage:310 - Check plugin analytics
2025-04-19 22:02:21,757 [INFO] AnalyticsPlugin:253 - Accepted Software Licenses: 
2025-04-19 22:02:21,757 [INFO] AnalyticsPlugin:255 - Accepted CMSIS Pack Licenses: 
2025-04-19 22:02:21,757 [INFO] AnalyticsPlugin:257 - Accepted Firmware Licenses: FW.F4.1.27.0
2025-04-19 22:02:21,759 [INFO] PluginManage:359 - Loaded plugin analytics (category:tool,tabindex:-1)
2025-04-19 22:02:21,760 [INFO] PluginManage:310 - Check plugin cadmodel
2025-04-19 22:02:21,786 [INFO] CADModel:105 - Init CAD model plugin
2025-04-19 22:02:21,786 [INFO] PluginManage:359 - Loaded plugin cadmodel (category:power,tabindex:5)
2025-04-19 22:02:21,786 [INFO] PluginManage:310 - Check plugin clock
2025-04-19 22:02:21,810 [INFO] PluginManage:359 - Loaded plugin clock (category:base,tabindex:2)
2025-04-19 22:02:21,810 [INFO] PluginManage:310 - Check plugin ddr
2025-04-19 22:02:21,812 [INFO] PluginManage:359 - Loaded plugin ddr (category:tool,tabindex:6)
2025-04-19 22:02:21,812 [INFO] PluginManage:310 - Check plugin filemanager
2025-04-19 22:02:21,922 [INFO] PluginManage:359 - Loaded plugin filemanager (category:base,tabindex:10)
2025-04-19 22:02:21,923 [INFO] PluginManage:310 - Check plugin ipmanager
2025-04-19 22:02:21,934 [INFO] PluginManage:359 - Loaded plugin ipmanager (category:base,tabindex:5)
2025-04-19 22:02:21,934 [INFO] PluginManage:310 - Check plugin lpbam
2025-04-19 22:02:21,952 [INFO] PluginManage:359 - Loaded plugin lpbam (category:base,tabindex:0)
2025-04-19 22:02:21,952 [INFO] PluginManage:310 - Check plugin memorymap
2025-04-19 22:02:21,978 [INFO] PluginManage:359 - Loaded plugin memorymap (category:base,tabindex:4)
2025-04-19 22:02:21,978 [INFO] PluginManage:310 - Check plugin pinoutandconfiguration
2025-04-19 22:02:21,999 [INFO] PluginManage:359 - Loaded plugin pinoutandconfiguration (category:base,tabindex:1)
2025-04-19 22:02:21,999 [INFO] PluginManage:310 - Check plugin pinoutconfig
2025-04-19 22:02:22,095 [WARN] SupportedApi:132 - Cannot load RTOS API schema: s4s-elt-must-match.1: The content of 'definitions' must match (annotation?, (simpleType | complexType)?, (unique | key | keyref)*)). A problem was found starting at: attribute.
2025-04-19 22:02:22,215 [INFO] PluginManage:359 - Loaded plugin pinoutconfig (category:base,tabindex:0)
2025-04-19 22:02:22,215 [INFO] PluginManage:310 - Check plugin power
2025-04-19 22:02:22,239 [INFO] PluginManage:359 - Loaded plugin power (category:power,tabindex:4)
2025-04-19 22:02:22,239 [INFO] PluginManage:310 - Check plugin projectmanager
2025-04-19 22:02:22,249 [INFO] PluginManage:359 - Loaded plugin projectmanager (category:projectmanager,tabindex:3)
2025-04-19 22:02:22,249 [INFO] PluginManage:310 - Check plugin thirdparty
2025-04-19 22:02:22,503 [INFO] PluginManage:359 - Loaded plugin thirdparty (category:base,tabindex:-1)
2025-04-19 22:02:22,503 [WARN] IntegrityCheckThread:84 - waiting for thirdparty lock release [integrity check]
2025-04-19 22:02:22,503 [INFO] PluginManage:310 - Check plugin tools
2025-04-19 22:02:22,503 [INFO] IntegrityCheckThread:86 - entering critical section [integrity check]
2025-04-19 22:02:22,503 [INFO] ThirdPartyUpdaterWithRetryManager:70 - Updater plugin not ready yet. [1/15]
2025-04-19 22:02:22,536 [INFO] PluginManage:359 - Loaded plugin tools (category:base,tabindex:7)
2025-04-19 22:02:22,536 [INFO] PluginManage:310 - Check plugin tutovideos
2025-04-19 22:02:22,698 [INFO] PluginManage:359 - Loaded plugin tutovideos (category:base,tabindex:-1)
2025-04-19 22:02:22,699 [INFO] PluginManage:310 - Check plugin updater
2025-04-19 22:02:22,709 [INFO] PluginManage:359 - Loaded plugin updater (category:base,tabindex:12)
2025-04-19 22:02:22,709 [INFO] PluginManage:310 - Check plugin userauth
2025-04-19 22:02:22,714 [INFO] UserAuth:113 - Init User Auth plugin
2025-04-19 22:02:22,714 [INFO] PluginManage:359 - Loaded plugin userauth (category:base,tabindex:14)
2025-04-19 22:02:22,714 [INFO] PluginManage:283 - PluginManage : Loaded plugins [17]
2025-04-19 22:02:22,890 [INFO] PinOutPanel:1499 - setPackage(No Configuration,No Configuration)
2025-04-19 22:02:22,972 [INFO] CADModel:165 - CPN selected for project level
2025-04-19 22:02:22,973 [INFO] CADModel:114 - Register for checkConnection events
2025-04-19 22:02:22,998 [INFO] IPUIPlugin:80 - create IPUIPlugin
2025-04-19 22:02:22,998 [INFO] PluginManager:220 - loadIPPluginJar : add adc
2025-04-19 22:02:23,031 [INFO] IPUIPlugin:80 - create IPUIPlugin
2025-04-19 22:02:23,031 [INFO] PluginManager:220 - loadIPPluginJar : add aes
2025-04-19 22:02:23,070 [INFO] IPUIPlugin:80 - create IPUIPlugin
2025-04-19 22:02:23,071 [INFO] PluginManager:220 - loadIPPluginJar : add can
2025-04-19 22:02:23,095 [INFO] IPUIPlugin:80 - create IPUIPlugin
2025-04-19 22:02:23,095 [INFO] PluginManager:220 - loadIPPluginJar : add comp
2025-04-19 22:02:23,128 [INFO] IPUIPlugin:80 - create IPUIPlugin
2025-04-19 22:02:23,128 [INFO] PluginManager:220 - loadIPPluginJar : add cryp
2025-04-19 22:02:23,158 [INFO] IPUIPlugin:80 - create IPUIPlugin
2025-04-19 22:02:23,158 [INFO] PluginManager:220 - loadIPPluginJar : add dfsdm
2025-04-19 22:02:23,174 [INFO] IPUIPlugin:80 - create IPUIPlugin
2025-04-19 22:02:23,175 [INFO] PluginManager:220 - loadIPPluginJar : add dma
2025-04-19 22:02:23,217 [INFO] IPUIPlugin:80 - create IPUIPlugin
2025-04-19 22:02:23,217 [INFO] PluginManager:220 - loadIPPluginJar : add dma3
2025-04-19 22:02:23,239 [INFO] IPUIPlugin:80 - create IPUIPlugin
2025-04-19 22:02:23,239 [INFO] PluginManager:220 - loadIPPluginJar : add fatfs
2025-04-19 22:02:23,284 [INFO] IPUIPlugin:80 - create IPUIPlugin
2025-04-19 22:02:23,285 [INFO] PluginManager:220 - loadIPPluginJar : add fmc
2025-04-19 22:02:23,305 [INFO] IPUIPlugin:80 - create IPUIPlugin
2025-04-19 22:02:23,305 [INFO] PluginManager:220 - loadIPPluginJar : add freertos
2025-04-19 22:02:23,328 [INFO] IPUIPlugin:80 - create IPUIPlugin
2025-04-19 22:02:23,328 [INFO] PluginManager:220 - loadIPPluginJar : add genericplugin
2025-04-19 22:02:23,412 [INFO] IPUIPlugin:80 - create IPUIPlugin
2025-04-19 22:02:23,412 [INFO] PluginManager:220 - loadIPPluginJar : add gfxmmu
2025-04-19 22:02:23,525 [INFO] IPUIPlugin:80 - create IPUIPlugin
2025-04-19 22:02:23,525 [INFO] PluginManager:220 - loadIPPluginJar : add gic
2025-04-19 22:02:23,541 [INFO] IPUIPlugin:80 - create IPUIPlugin
2025-04-19 22:02:23,541 [INFO] PluginManager:220 - loadIPPluginJar : add gpio
2025-04-19 22:02:23,626 [INFO] IPUIPlugin:80 - create IPUIPlugin
2025-04-19 22:02:23,626 [INFO] PluginManager:220 - loadIPPluginJar : add gtzc
2025-04-19 22:02:23,658 [INFO] IPUIPlugin:80 - create IPUIPlugin
2025-04-19 22:02:23,658 [INFO] PluginManager:220 - loadIPPluginJar : add hash
2025-04-19 22:02:23,706 [INFO] IPUIPlugin:80 - create IPUIPlugin
2025-04-19 22:02:23,707 [INFO] PluginManager:220 - loadIPPluginJar : add i2c
2025-04-19 22:02:23,744 [INFO] IPUIPlugin:80 - create IPUIPlugin
2025-04-19 22:02:23,744 [INFO] PluginManager:220 - loadIPPluginJar : add i2s
2025-04-19 22:02:23,782 [INFO] IPUIPlugin:80 - create IPUIPlugin
2025-04-19 22:02:23,782 [INFO] PluginManager:220 - loadIPPluginJar : add i3c
2025-04-19 22:02:23,884 [INFO] IPUIPlugin:80 - create IPUIPlugin
2025-04-19 22:02:23,884 [INFO] PluginManager:220 - loadIPPluginJar : add ipddr
2025-04-19 22:02:23,968 [INFO] IPUIPlugin:80 - create IPUIPlugin
2025-04-19 22:02:23,968 [INFO] PluginManager:220 - loadIPPluginJar : add linkedlist
2025-04-19 22:02:24,004 [INFO] IPUIPlugin:80 - create IPUIPlugin
2025-04-19 22:02:24,004 [INFO] PluginManager:220 - loadIPPluginJar : add lorawan
2025-04-19 22:02:24,039 [INFO] IPUIPlugin:80 - create IPUIPlugin
2025-04-19 22:02:24,039 [INFO] PluginManager:220 - loadIPPluginJar : add ltdc
2025-04-19 22:02:24,055 [INFO] IPUIPlugin:80 - create IPUIPlugin
2025-04-19 22:02:24,055 [INFO] PluginManager:220 - loadIPPluginJar : add mdma
2025-04-19 22:02:24,068 [INFO] IPUIPlugin:80 - create IPUIPlugin
2025-04-19 22:02:24,068 [INFO] PluginManager:220 - loadIPPluginJar : add nvic
2025-04-19 22:02:24,104 [INFO] IPUIPlugin:80 - create IPUIPlugin
2025-04-19 22:02:24,105 [INFO] PluginManager:220 - loadIPPluginJar : add opamp
2025-04-19 22:02:24,161 [INFO] IPUIPlugin:80 - create IPUIPlugin
2025-04-19 22:02:24,161 [INFO] PluginManager:220 - loadIPPluginJar : add openamp
2025-04-19 22:02:24,209 [INFO] IPUIPlugin:80 - create IPUIPlugin
2025-04-19 22:02:24,209 [INFO] PluginManager:220 - loadIPPluginJar : add pdm2pcm
2025-04-19 22:02:24,226 [INFO] IPUIPlugin:80 - create IPUIPlugin
2025-04-19 22:02:24,228 [INFO] PluginManager:220 - loadIPPluginJar : add plateformsettings
2025-04-19 22:02:24,256 [INFO] IPUIPlugin:80 - create IPUIPlugin
2025-04-19 22:02:24,256 [INFO] PluginManager:220 - loadIPPluginJar : add quadspi
2025-04-19 22:02:24,272 [INFO] IPUIPlugin:80 - create IPUIPlugin
2025-04-19 22:02:24,272 [INFO] PluginManager:220 - loadIPPluginJar : add resmgrutility
2025-04-19 22:02:24,326 [INFO] IPUIPlugin:80 - create IPUIPlugin
2025-04-19 22:02:24,327 [INFO] PluginManager:220 - loadIPPluginJar : add sai
2025-04-19 22:02:24,366 [INFO] IPUIPlugin:80 - create IPUIPlugin
2025-04-19 22:02:24,366 [INFO] PluginManager:220 - loadIPPluginJar : add spi
2025-04-19 22:02:24,423 [INFO] IPUIPlugin:80 - create IPUIPlugin
2025-04-19 22:02:24,423 [INFO] PluginManager:220 - loadIPPluginJar : add stm32_wpan
2025-04-19 22:02:24,447 [INFO] IPUIPlugin:80 - create IPUIPlugin
2025-04-19 22:02:24,447 [INFO] PluginManager:220 - loadIPPluginJar : add tim
2025-04-19 22:02:24,498 [INFO] IPUIPlugin:80 - create IPUIPlugin
2025-04-19 22:02:24,498 [INFO] PluginManager:220 - loadIPPluginJar : add touchsensing
2025-04-19 22:02:24,521 [INFO] IPUIPlugin:80 - create IPUIPlugin
2025-04-19 22:02:24,522 [INFO] PluginManager:220 - loadIPPluginJar : add tracer_emb
2025-04-19 22:02:24,548 [INFO] IPUIPlugin:80 - create IPUIPlugin
2025-04-19 22:02:24,548 [INFO] PluginManager:220 - loadIPPluginJar : add ts
2025-04-19 22:02:24,572 [INFO] IPUIPlugin:80 - create IPUIPlugin
2025-04-19 22:02:24,572 [INFO] PluginManager:220 - loadIPPluginJar : add tsc
2025-04-19 22:02:24,595 [INFO] IPUIPlugin:80 - create IPUIPlugin
2025-04-19 22:02:24,595 [INFO] PluginManager:220 - loadIPPluginJar : add ucpd
2025-04-19 22:02:24,637 [INFO] IPUIPlugin:80 - create IPUIPlugin
2025-04-19 22:02:24,637 [INFO] PluginManager:220 - loadIPPluginJar : add usart
2025-04-19 22:02:24,678 [INFO] IPUIPlugin:80 - create IPUIPlugin
2025-04-19 22:02:24,678 [INFO] PluginManager:220 - loadIPPluginJar : add usbx
2025-04-19 22:02:24,791 [INFO] CADModel:165 - CPN selected for project level
2025-04-19 22:02:24,791 [INFO] CADModel:114 - Register for checkConnection events
2025-04-19 22:02:24,791 [FATAL] Updater:308 - Updater called before beeing initialized
2025-04-19 22:02:24,792 [ERROR] CADModel:125 - Updater not yet initialized, retry later 
2025-04-19 22:02:24,914 [INFO] CADModel:165 - CPN selected for project level
2025-04-19 22:02:24,914 [INFO] CADModel:114 - Register for checkConnection events
2025-04-19 22:02:24,914 [FATAL] Updater:308 - Updater called before beeing initialized
2025-04-19 22:02:24,914 [ERROR] CADModel:125 - Updater not yet initialized, retry later 
2025-04-19 22:02:24,916 [FATAL] Updater:308 - Updater called before beeing initialized
2025-04-19 22:02:24,994 [FATAL] Updater:308 - Updater called before beeing initialized
2025-04-19 22:02:25,005 [INFO] DbMcusAds:53 - JSON generation date=Thu Mar 06 21:54:22 ICT 2025 (1741272862078)
2025-04-19 22:02:25,005 [FATAL] Updater:308 - Updater called before beeing initialized
2025-04-19 22:02:25,090 [WARN] DetailPanel:346 - Failed to get advertising image, set to default
2025-04-19 22:02:25,187 [FATAL] Updater:308 - Updater called before beeing initialized
2025-04-19 22:02:25,189 [FATAL] Updater:308 - Updater called before beeing initialized
2025-04-19 22:02:25,189 [FATAL] Updater:308 - Updater called before beeing initialized
2025-04-19 22:02:25,189 [WARN] DetailPanel:346 - Failed to get advertising image, set to default
2025-04-19 22:02:25,189 [FATAL] Updater:308 - Updater called before beeing initialized
2025-04-19 22:02:25,237 [ERROR] Updater:1120 - MainUpdater not yet initialized. External WinMGr cannot be set.
2025-04-19 22:02:25,248 [INFO] Updater:1056 - Updater Version found : 6.9.0
2025-04-19 22:02:25,263 [INFO] ApplicationProperties:184 - Using Application install path: D:\ST\STM32CubeIDE_1.13.0\STM32CubeIDE\plugins\com.st.stm32cube.common.mx_6.9.0.202307051724
2025-04-19 22:02:25,456 [INFO] MainUpdater:2868 - connection check result : 10
2025-04-19 22:02:25,457 [INFO] MainUpdater:285 - Updater Check For Update Now.
2025-04-19 22:02:25,457 [INFO] MicroXplorer:498 - Change Database Version : DB.6.0.90
2025-04-19 22:02:25,472 [INFO] McuFinderGlobals:63 - Set McuFinder mode to 2 (CubeIDE integrated)
2025-04-19 22:02:25,504 [WARN] MainUpdater:1189 - Updater busy. Cannot search thirdparties
2025-04-19 22:02:25,504 [INFO] ThirdPartyUpdaterWithRetryManager:96 - Updater plugin is busy. [1/15]
2025-04-19 22:02:25,654 [INFO] CheckServerUpdateThread:120 - End of CheckServer Thread
2025-04-19 22:02:28,693 [WARN] PackLoader:240 - Cannot read IP mode file for STMicroelectronics.FP-SNS-MOTENVWB1.1.4.0
2025-04-19 22:02:28,708 [WARN] PackLoader:240 - Cannot read IP mode file for STMicroelectronics.FP-ATR-ASTRA1.2.0.2
2025-04-19 22:02:28,720 [WARN] PackLoader:240 - Cannot read IP mode file for STMicroelectronics.FP-ATR-ASTRA1.2.0.1
2025-04-19 22:02:28,734 [WARN] PackLoader:240 - Cannot read IP mode file for STMicroelectronics.X-CUBE-SMBUS.2.1.0
2025-04-19 22:02:28,747 [WARN] PackLoader:240 - Cannot read IP mode file for STMicroelectronics.X-CUBE-WB05N.1.1.0
2025-04-19 22:02:28,780 [WARN] PackLoader:240 - Cannot read IP mode file for STMicroelectronics.X-CUBE-AZRTOS-F7.1.1.0
2025-04-19 22:02:28,797 [WARN] PackLoader:240 - Cannot read IP mode file for STMicroelectronics.FP-SNS-MOTENV1.4.3.2
2025-04-19 22:02:28,810 [WARN] PackLoader:240 - Cannot read IP mode file for STMicroelectronics.FP-SNS-FLIGHT1.5.0.1
2025-04-19 22:02:28,823 [WARN] PackLoader:240 - Cannot read IP mode file for STMicroelectronics.X-CUBE-BLE1.6.2.4
2025-04-19 22:02:28,835 [WARN] PackLoader:240 - Cannot read IP mode file for STMicroelectronics.FP-SNS-FLIGHT1.5.0.2
2025-04-19 22:02:28,852 [ERROR] Engine:466 - C:\Users\Admin\.stm32cubemx\thirdparties\pdsc\Infineon.AIROC-Wi-Fi-Bluetooth-STM32.1.7.0.pdsc: PDSC version is not supported
2025-04-19 22:02:28,866 [WARN] PackLoader:240 - Cannot read IP mode file for STMicroelectronics.X-CUBE-DISPLAY.3.0.0
2025-04-19 22:02:28,881 [WARN] PackLoader:240 - Cannot read IP mode file for STMicroelectronics.X-CUBE-BLE1.7.0.0
2025-04-19 22:02:28,894 [WARN] PackLoader:240 - Cannot read IP mode file for STMicroelectronics.X-CUBE-NFC10.1.0.0
2025-04-19 22:02:28,907 [ERROR] Engine:466 - C:\Users\Admin\.stm32cubemx\thirdparties\pdsc\STMicroelectronics.X-CUBE-BLEMGR.4.0.0.pdsc: PDSC version is not supported
2025-04-19 22:02:28,920 [WARN] PackLoader:240 - Cannot read IP mode file for emotas.I-CUBE-CANOPEN.1.3.0
2025-04-19 22:02:28,932 [WARN] PackLoader:240 - Cannot read IP mode file for STMicroelectronics.X-CUBE-TOUCHGFX.4.22.0
2025-04-19 22:02:28,943 [WARN] PackLoader:240 - Cannot read IP mode file for STMicroelectronics.X-CUBE-AI.10.0.0
2025-04-19 22:02:28,953 [WARN] PackLoader:240 - Cannot read IP mode file for STMicroelectronics.FP-SNS-SMARTAG2.1.2.0
2025-04-19 22:02:28,964 [ERROR] Engine:466 - C:\Users\Admin\.stm32cubemx\thirdparties\pdsc\STMicroelectronics.FP-SNS-FLIGHT1.5.1.0.pdsc: PDSC version is not supported
2025-04-19 22:02:29,012 [WARN] PackLoader:240 - Cannot read IP mode file for STMicroelectronics.X-CUBE-MEMS1.11.1.0
2025-04-19 22:02:29,113 [INFO] LogOutputStream:77 - [STDOUT_REDIRECT] 1 : Invalid condition id : UX_CORESTACK_Condition cause : null
2025-04-19 22:02:29,114 [INFO] LogOutputStream:77 - [STDOUT_REDIRECT] 1 : Invalid condition id : UX_CORESTACK_Condition cause : null
2025-04-19 22:02:29,114 [INFO] LogOutputStream:77 - [STDOUT_REDIRECT] 1 : Invalid condition id : UX_CORESTACK_Condition cause : null
2025-04-19 22:02:29,115 [INFO] LogOutputStream:77 - [STDOUT_REDIRECT] 1 : Invalid condition id : UX_CORESTACK_Condition cause : null
2025-04-19 22:02:29,116 [INFO] LogOutputStream:77 - [STDOUT_REDIRECT] 1 : Invalid condition id : UX_CORESTACK_Condition cause : null
2025-04-19 22:02:29,117 [WARN] PackLoader:240 - Cannot read IP mode file for STMicroelectronics.X-CUBE-AZRTOS-WL.2.0.0
2025-04-19 22:02:29,133 [WARN] PackLoader:240 - Cannot read IP mode file for STMicroelectronics.FP-SNS-MOTENV1.5.0.0
2025-04-19 22:02:29,146 [WARN] PackLoader:240 - Cannot read IP mode file for wolfSSL.I-CUBE-wolfMQTT.1.19.0
2025-04-19 22:02:29,162 [WARN] PackLoader:240 - Cannot read IP mode file for WES.I-CUBE-Cesium.1.3.0
2025-04-19 22:02:29,176 [WARN] PackLoader:240 - Cannot read IP mode file for STMicroelectronics.X-CUBE-BLE2.3.3.0
2025-04-19 22:02:29,190 [WARN] PackLoader:240 - Cannot read IP mode file for STMicroelectronics.X-CUBE-NFC9.1.0.0
2025-04-19 22:02:29,205 [WARN] PackLoader:240 - Cannot read IP mode file for STMicroelectronics.X-CUBE-BLE1.7.1.0
2025-04-19 22:02:29,219 [WARN] PackLoader:240 - Cannot read IP mode file for STMicroelectronics.X-CUBE-ALGOBUILD.1.3.0
2025-04-19 22:02:29,267 [WARN] PackLoader:240 - Cannot read IP mode file for STMicroelectronics.X-CUBE-MEMS1.11.2.0
2025-04-19 22:02:29,344 [WARN] PackLoader:240 - Cannot read IP mode file for STMicroelectronics.X-CUBE-AZRTOS-G0.1.1.0
2025-04-19 22:02:29,359 [WARN] PackLoader:240 - Cannot read IP mode file for STMicroelectronics.X-CUBE-SAFEA1.1.2.2
2025-04-19 22:02:29,373 [WARN] PackLoader:240 - Cannot read IP mode file for STMicroelectronics.X-CUBE-NFC4.3.0.0
2025-04-19 22:02:29,386 [ERROR] Engine:466 - C:\Users\Admin\.stm32cubemx\thirdparties\pdsc\EmbeddedOffice.I-CUBE-FS-RTOS.1.0.1.pdsc: PDSC version is not supported
2025-04-19 22:02:29,398 [ERROR] Engine:466 - C:\Users\Admin\.stm32cubemx\thirdparties\pdsc\STMicroelectronics.X-CUBE-TCPP.4.2.0.pdsc: PDSC version is not supported
2025-04-19 22:02:29,409 [ERROR] Engine:466 - C:\Users\Admin\.stm32cubemx\thirdparties\pdsc\RealThread.X-CUBE-RT-Thread_Nano.4.1.1.pdsc: PDSC version is not supported
2025-04-19 22:02:29,422 [WARN] PackLoader:240 - Cannot read IP mode file for STMicroelectronics.FP-ATR-SIGFOX1.3.2.0
2025-04-19 22:02:29,433 [ERROR] Engine:466 - C:\Users\Admin\.stm32cubemx\thirdparties\pdsc\quantropi.X-CUBE-qispace-sdk-base.1.9.3.pdsc: PDSC version is not supported
2025-04-19 22:02:29,448 [WARN] PackLoader:240 - Cannot read IP mode file for STMicroelectronics.X-CUBE-EEPRMA1.5.1.0
2025-04-19 22:02:29,463 [WARN] PackLoader:240 - Cannot read IP mode file for ITTIA_DB.I-CUBE-ITTIADB.8.9.0
2025-04-19 22:02:29,495 [WARN] PackLoader:240 - Cannot read IP mode file for SEGGER.I-CUBE-embOS.1.3.1
2025-04-19 22:02:29,542 [WARN] PackLoader:240 - Cannot read IP mode file for STMicroelectronics.X-CUBE-ALGOBUILD.1.4.0
2025-04-19 22:02:29,557 [WARN] PackLoader:240 - Cannot read IP mode file for STMicroelectronics.X-CUBE-GNSS1.6.0.0
2025-04-19 22:02:29,593 [WARN] PackLoader:240 - Cannot read IP mode file for STMicroelectronics.X-CUBE-AZRTOS-F4.1.1.0
2025-04-19 22:02:29,607 [WARN] PackLoader:240 - Cannot read IP mode file for wolfSSL.I-CUBE-wolfSSL.5.6.3
2025-04-19 22:02:29,619 [ERROR] Engine:466 - C:\Users\Admin\.stm32cubemx\thirdparties\pdsc\Avnet-IotConnect.X-CUBE-IoTC-DA16k-PMOD.1.0.0.pdsc: PDSC version is not supported
2025-04-19 22:02:29,633 [WARN] PackLoader:240 - Cannot read IP mode file for STMicroelectronics.X-CUBE-ISPU.2.1.0
2025-04-19 22:02:29,657 [WARN] PackLoader:240 - Cannot read IP mode file for STMicroelectronics.X-CUBE-AZRTOS-L5.2.0.0
2025-04-19 22:02:29,695 [WARN] PackLoader:240 - Cannot read IP mode file for STMicroelectronics.X-CUBE-MEMS1.9.6.0
2025-04-19 22:02:29,800 [WARN] PackLoader:240 - Cannot read IP mode file for STMicroelectronics.X-CUBE-NFC6.3.1.0
2025-04-19 22:02:29,816 [WARN] PackLoader:240 - Cannot read IP mode file for STMicroelectronics.X-CUBE-BLEMGR.2.0.0
2025-04-19 22:02:29,828 [ERROR] Engine:466 - C:\Users\Admin\.stm32cubemx\thirdparties\pdsc\STMicroelectronics.X-CUBE-DPower.1.2.0.pdsc: PDSC version is not supported
2025-04-19 22:02:29,852 [WARN] ConditionMgr:438 - getConditionDescription Invalid condition id : UX DEVICE CLASS RTOS Condition cause : null
2025-04-19 22:02:29,852 [WARN] ConditionMgr:438 - getConditionDescription Invalid condition id : UX DEVICE CLASS RTOS Condition cause : null
2025-04-19 22:02:29,854 [WARN] PackLoader:240 - Cannot read IP mode file for STMicroelectronics.X-CUBE-AZRTOS-H7.3.1.0
2025-04-19 22:02:29,854 [WARN] ConditionMgr:1039 - genDependencies : Invalid condition id : UX DEVICE CLASS RTOS Condition cause : null
2025-04-19 22:02:29,854 [WARN] ConditionMgr:1039 - genDependencies : Invalid condition id : UX DEVICE CLASS RTOS Condition cause : null
2025-04-19 22:02:29,855 [WARN] ConditionMgr:1039 - genDependencies : Invalid condition id : UX DEVICE CLASS RTOS Condition cause : null
2025-04-19 22:02:29,855 [WARN] ConditionMgr:1039 - genDependencies : Invalid condition id : UX DEVICE CLASS RTOS Condition cause : null
2025-04-19 22:02:29,855 [WARN] ConditionMgr:1039 - genDependencies : Invalid condition id : UX DEVICE CLASS RTOS Condition cause : null
2025-04-19 22:02:29,868 [WARN] PackLoader:240 - Cannot read IP mode file for STMicroelectronics.X-CUBE-FREERTOS.1.3.0
2025-04-19 22:02:29,880 [WARN] PackLoader:240 - Cannot read IP mode file for STMicroelectronics.X-CUBE-NFC7.1.0.1
2025-04-19 22:02:29,894 [WARN] PackLoader:240 - Cannot read IP mode file for STMicroelectronics.X-CUBE-EEPRMA1.4.1.0
2025-04-19 22:02:29,905 [ERROR] Engine:466 - C:\Users\Admin\.stm32cubemx\thirdparties\pdsc\STMicroelectronics.X-CUBE-DPower.1.3.0.pdsc: PDSC version is not supported
2025-04-19 22:02:29,916 [WARN] PackLoader:240 - Cannot read IP mode file for STMicroelectronics.X-CUBE-AI.8.1.0
2025-04-19 22:02:29,942 [WARN] ConditionMgr:438 - getConditionDescription Invalid condition id : LAN8742 Phy interface Condition cause : null
2025-04-19 22:02:29,943 [WARN] PackLoader:240 - Cannot read IP mode file for STMicroelectronics.X-CUBE-AZRTOS-L4.2.0.0
2025-04-19 22:02:29,943 [WARN] ConditionMgr:1039 - genDependencies : Invalid condition id : LAN8742 Phy interface Condition cause : null
2025-04-19 22:02:29,943 [WARN] ConditionMgr:1039 - genDependencies : Invalid condition id : LAN8742 Phy interface Condition cause : null
2025-04-19 22:02:29,944 [WARN] ConditionMgr:1039 - genDependencies : Invalid condition id : LAN8742 Phy interface Condition cause : null
2025-04-19 22:02:29,957 [WARN] PackLoader:240 - Cannot read IP mode file for STMicroelectronics.X-CUBE-SFXS2LP1.4.0.0
2025-04-19 22:02:29,971 [WARN] PackLoader:240 - Cannot read IP mode file for STMicroelectronics.X-CUBE-ISPU.1.1.0
2025-04-19 22:02:29,994 [WARN] PackLoader:240 - Cannot read IP mode file for STMicroelectronics.X-CUBE-AZRTOS-H7.3.3.0
2025-04-19 22:02:30,022 [WARN] ConditionMgr:438 - getConditionDescription Invalid condition id : UX DEVICE CLASS RTOS Condition cause : null
2025-04-19 22:02:30,022 [WARN] ConditionMgr:438 - getConditionDescription Invalid condition id : UX DEVICE CLASS RTOS Condition cause : null
2025-04-19 22:02:30,023 [WARN] PackLoader:240 - Cannot read IP mode file for STMicroelectronics.X-CUBE-AZRTOS-WB.2.0.0
2025-04-19 22:02:30,024 [WARN] ConditionMgr:1039 - genDependencies : Invalid condition id : UX DEVICE CLASS RTOS Condition cause : null
2025-04-19 22:02:30,024 [WARN] ConditionMgr:1039 - genDependencies : Invalid condition id : UX DEVICE CLASS RTOS Condition cause : null
2025-04-19 22:02:30,024 [WARN] ConditionMgr:1039 - genDependencies : Invalid condition id : UX DEVICE CLASS RTOS Condition cause : null
2025-04-19 22:02:30,024 [WARN] ConditionMgr:1039 - genDependencies : Invalid condition id : UX DEVICE CLASS RTOS Condition cause : null
2025-04-19 22:02:30,024 [WARN] ConditionMgr:1039 - genDependencies : Invalid condition id : UX DEVICE CLASS RTOS Condition cause : null
2025-04-19 22:02:30,038 [WARN] PackLoader:240 - Cannot read IP mode file for STMicroelectronics.X-CUBE-FREERTOS.1.0.1
2025-04-19 22:02:30,053 [WARN] PackLoader:240 - Cannot read IP mode file for STMicroelectronics.X-CUBE-GNSS1.7.0.1
2025-04-19 22:02:30,067 [WARN] PackLoader:240 - Cannot read IP mode file for STMicroelectronics.X-CUBE-TOUCHGFX.4.25.0
2025-04-19 22:02:30,080 [ERROR] Engine:466 - C:\Users\Admin\.stm32cubemx\thirdparties\pdsc\STMicroelectronics.FP-SNS-STBOX1.2.0.0.pdsc: PDSC version is not supported
2025-04-19 22:02:30,101 [WARN] PackLoader:240 - Cannot read IP mode file for STMicroelectronics.X-CUBE-AZRTOS-L5.1.1.0
2025-04-19 22:02:30,114 [WARN] PackLoader:240 - Cannot read IP mode file for STMicroelectronics.X-CUBE-AI.8.0.1
2025-04-19 22:02:30,131 [WARN] PackLoader:240 - Cannot read IP mode file for STMicroelectronics.X-CUBE-SUBG2.5.0.0
2025-04-19 22:02:30,157 [WARN] PackLoader:240 - Cannot read IP mode file for STMicroelectronics.X-CUBE-AZRTOS-H7RS.1.1.0
2025-04-19 22:02:30,171 [WARN] PackLoader:240 - Cannot read IP mode file for Cesanta.I-CUBE-Mongoose.7.13.0
2025-04-19 22:02:30,189 [WARN] PackLoader:240 - Cannot read IP mode file for STMicroelectronics.X-CUBE-TOF1.3.3.1
2025-04-19 22:02:30,214 [WARN] PackLoader:240 - Cannot read IP mode file for STMicroelectronics.X-CUBE-AZRTOS-G4.2.0.0
2025-04-19 22:02:30,229 [ERROR] Engine:466 - C:\Users\Admin\.stm32cubemx\thirdparties\pdsc\STMicroelectronics.X-CUBE-IPS.3.1.0.pdsc: PDSC version is not supported
2025-04-19 22:02:30,243 [WARN] PackLoader:240 - Cannot read IP mode file for STMicroelectronics.X-CUBE-ALS.1.0.2
2025-04-19 22:02:30,256 [WARN] PackLoader:240 - Cannot read IP mode file for STMicroelectronics.X-CUBE-TOUCHGFX.4.24.2
2025-04-19 22:02:30,269 [WARN] PackLoader:240 - Cannot read IP mode file for wolfSSL.I-CUBE-wolfTPM.3.4.0
2025-04-19 22:02:30,282 [WARN] PackLoader:240 - Cannot read IP mode file for portGmbH.I-Cube-SoM-uGOAL.1.1.0
2025-04-19 22:02:30,294 [WARN] PackLoader:240 - Cannot read IP mode file for STMicroelectronics.X-CUBE-ALS.1.0.1
2025-04-19 22:02:30,315 [WARN] PackLoader:240 - Cannot read IP mode file for STMicroelectronics.X-CUBE-AZRTOS-WB.1.1.0
2025-04-19 22:02:30,353 [WARN] PackLoader:240 - Cannot read IP mode file for STMicroelectronics.X-CUBE-AZRTOS-H7RS.1.0.0
2025-04-19 22:02:30,367 [WARN] PackLoader:240 - Cannot read IP mode file for STMicroelectronics.FP-ATR-ASTRA1.2.0.0
2025-04-19 22:02:30,383 [ERROR] Engine:466 - C:\Users\Admin\.stm32cubemx\thirdparties\pdsc\STMicroelectronics.X-CUBE-TOF1.3.4.2.pdsc: PDSC version is not supported
2025-04-19 22:02:30,397 [ERROR] Engine:466 - C:\Users\Admin\.stm32cubemx\thirdparties\pdsc\STMicroelectronics.X-CUBE-TOF1.3.4.3.pdsc: PDSC version is not supported
2025-04-19 22:02:30,409 [WARN] PackLoader:240 - Cannot read IP mode file for wolfSSL.I-CUBE-wolfSSH.1.4.17
2025-04-19 22:02:30,409 [INFO] ThirdParty:978 - Integrity check success = true
2025-04-19 22:02:30,409 [INFO] IntegrityCheckThread:100 - exiting critical section [integrity check]
2025-04-19 22:02:30,409 [INFO] IntegrityCheckThread:103 - End integrity checks thread
2025-04-19 22:02:46,491 [ERROR] LogOutputStream:75 - [STDERR_REDIRECT] SLF4J: Failed to load class "org.slf4j.impl.StaticLoggerBinder".
2025-04-19 22:02:46,491 [ERROR] LogOutputStream:75 - [STDERR_REDIRECT] SLF4J: Defaulting to no-operation (NOP) logger implementation
2025-04-19 22:02:46,492 [ERROR] LogOutputStream:75 - [STDERR_REDIRECT] SLF4J: See http://www.slf4j.org/codes.html#StaticLoggerBinder for further details.
