2025-04-08 07:19:32,414 [INFO] Activator:176 - 


2025-04-08 07:19:32,420 [INFO] Activator:177 - !SESSION log4j initialized
2025-04-08 07:19:38,499 [INFO] LogOutputStream:77 - [STDOUT_REDIRECT] 
2025-04-08 07:19:41,590 [INFO] ApplicationProperties:184 - Using Application install path: D:\ST\STM32CubeIDE_1.13.0\STM32CubeIDE\plugins\com.st.stm32cube.common.mx_6.9.0.202307051724
2025-04-08 07:19:41,604 [INFO] DbMcusXml:78 - Set database path to: D:\ST\STM32CubeIDE_1.13.0\STM32CubeIDE\plugins\com.st.stm32cube.common.mx_6.9.0.202307051724\\db\/mcu/
2025-04-08 07:19:41,605 [INFO] ApiDb:274 - Set plugin database path to: D:\ST\STM32CubeIDE_1.13.0\STM32CubeIDE\plugins\com.st.stm32cube.common.mx_6.9.0.202307051724\\db\/plugins/boardmanager/
2025-04-08 07:19:41,605 [WARN] ApiDb:259 - Overriding images path with different value:  => D:\ST\STM32CubeIDE_1.13.0\STM32CubeIDE\plugins\com.st.stm32cube.common.mx_6.9.0.202307051724\\db\/plugins/mcufinder/images/
2025-04-08 07:19:41,614 [INFO] ApiDb:250 - Set database path to: C:\Users\Admin\.stmcufinder\plugins\mcufinder//mcu/
2025-04-08 07:19:41,615 [INFO] DbMcusAds:125 - Set database path to: C:\Users\Admin\.stmcufinder\plugins\mcufinder//mcu/
2025-04-08 07:19:41,617 [INFO] CrossReferenceDbSqlite:203 - Set database path to: C:\Users\Admin\.stmcufinder\plugins\mcufinder//mcu/cs/
2025-04-08 07:19:41,720 [INFO] RulesReader:64 - Compatibility file has been processed (293 Rules)
2025-04-08 07:19:41,794 [INFO] DbMcusXml:78 - Set database path to: D:\ST\STM32CubeIDE_1.13.0\STM32CubeIDE\plugins\com.st.stm32cube.common.mx_6.9.0.202307051724\\db\/mcu/
2025-04-08 07:19:41,794 [INFO] ApiDb:274 - Set plugin database path to: D:\ST\STM32CubeIDE_1.13.0\STM32CubeIDE\plugins\com.st.stm32cube.common.mx_6.9.0.202307051724\\db\/plugins/boardmanager/
2025-04-08 07:19:41,794 [INFO] ApiDb:261 - Set plugin images path to: D:\ST\STM32CubeIDE_1.13.0\STM32CubeIDE\plugins\com.st.stm32cube.common.mx_6.9.0.202307051724\\db\/plugins/mcufinder/images/
2025-04-08 07:19:41,794 [WARN] DbFile:41 - Overriding database path with different value: C:\Users\Admin\.stmcufinder\plugins\mcufinder/ => C:\Users\Admin\.stmcufinder\plugins\mcufinder
2025-04-08 07:19:41,795 [INFO] ApiDb:250 - Set database path to: C:\Users\Admin\.stmcufinder\plugins\mcufinder//mcu/
2025-04-08 07:19:41,795 [WARN] DbFile:41 - Overriding database path with different value: C:\Users\Admin\.stmcufinder\plugins\mcufinder/ => C:\Users\Admin\.stmcufinder\plugins\mcufinder
2025-04-08 07:19:41,795 [INFO] DbMcusAds:125 - Set database path to: C:\Users\Admin\.stmcufinder\plugins\mcufinder//mcu/
2025-04-08 07:19:41,795 [WARN] DbFile:41 - Overriding database path with different value: C:\Users\Admin\.stmcufinder\plugins\mcufinder/ => C:\Users\Admin\.stmcufinder\plugins\mcufinder
2025-04-08 07:19:41,795 [WARN] DbFile:41 - Overriding database path with different value: C:\Users\Admin\.stmcufinder\plugins\mcufinder/ => C:\Users\Admin\.stmcufinder\plugins\mcufinder
2025-04-08 07:19:41,795 [INFO] CrossReferenceDbSqlite:203 - Set database path to: C:\Users\Admin\.stmcufinder\plugins\mcufinder//mcu/cs/
2025-04-08 07:19:41,871 [INFO] MainPanel:262 - HeapMemory: 268435456
2025-04-08 07:19:41,955 [INFO] DbMcusXml:78 - Set database path to: D:\ST\STM32CubeIDE_1.13.0\STM32CubeIDE\plugins\com.st.stm32cube.common.mx_6.9.0.202307051724\\db\/mcu/
2025-04-08 07:19:41,955 [INFO] ApiDb:274 - Set plugin database path to: D:\ST\STM32CubeIDE_1.13.0\STM32CubeIDE\plugins\com.st.stm32cube.common.mx_6.9.0.202307051724\\db\/plugins/boardmanager/
2025-04-08 07:19:41,955 [INFO] ApiDb:261 - Set plugin images path to: D:\ST\STM32CubeIDE_1.13.0\STM32CubeIDE\plugins\com.st.stm32cube.common.mx_6.9.0.202307051724\\db\/plugins/mcufinder/images/
2025-04-08 07:19:41,956 [WARN] DbFile:41 - Overriding database path with different value: C:\Users\Admin\.stmcufinder\plugins\mcufinder/ => C:\Users\Admin\.stmcufinder\plugins\mcufinder
2025-04-08 07:19:41,956 [INFO] ApiDb:250 - Set database path to: C:\Users\Admin\.stmcufinder\plugins\mcufinder//mcu/
2025-04-08 07:19:41,956 [WARN] DbFile:41 - Overriding database path with different value: C:\Users\Admin\.stmcufinder\plugins\mcufinder/ => C:\Users\Admin\.stmcufinder\plugins\mcufinder
2025-04-08 07:19:41,956 [INFO] DbMcusAds:125 - Set database path to: C:\Users\Admin\.stmcufinder\plugins\mcufinder//mcu/
2025-04-08 07:19:41,956 [WARN] DbFile:41 - Overriding database path with different value: C:\Users\Admin\.stmcufinder\plugins\mcufinder/ => C:\Users\Admin\.stmcufinder\plugins\mcufinder
2025-04-08 07:19:41,956 [WARN] DbFile:41 - Overriding database path with different value: C:\Users\Admin\.stmcufinder\plugins\mcufinder/ => C:\Users\Admin\.stmcufinder\plugins\mcufinder
2025-04-08 07:19:41,956 [INFO] CrossReferenceDbSqlite:203 - Set database path to: C:\Users\Admin\.stmcufinder\plugins\mcufinder//mcu/cs/
2025-04-08 07:19:41,972 [INFO] ApplicationProperties:184 - Using Application install path: D:\ST\STM32CubeIDE_1.13.0\STM32CubeIDE\plugins\com.st.stm32cube.common.mx_6.9.0.202307051724
2025-04-08 07:19:41,973 [INFO] PluginManage:196 - Search for loadable plugins [exclusion list=, ]
2025-04-08 07:19:41,975 [INFO] PluginManage:310 - Check plugin analytics
2025-04-08 07:19:42,131 [INFO] AnalyticsPlugin:253 - Accepted Software Licenses: 
2025-04-08 07:19:42,131 [INFO] AnalyticsPlugin:255 - Accepted CMSIS Pack Licenses: 
2025-04-08 07:19:42,131 [INFO] AnalyticsPlugin:257 - Accepted Firmware Licenses: FW.F4.1.27.0
2025-04-08 07:19:42,134 [INFO] PluginManage:359 - Loaded plugin analytics (category:tool,tabindex:-1)
2025-04-08 07:19:42,134 [INFO] PluginManage:310 - Check plugin cadmodel
2025-04-08 07:19:42,160 [INFO] CADModel:105 - Init CAD model plugin
2025-04-08 07:19:42,160 [INFO] PluginManage:359 - Loaded plugin cadmodel (category:power,tabindex:5)
2025-04-08 07:19:42,160 [INFO] PluginManage:310 - Check plugin clock
2025-04-08 07:19:42,185 [INFO] PluginManage:359 - Loaded plugin clock (category:base,tabindex:2)
2025-04-08 07:19:42,185 [INFO] PluginManage:310 - Check plugin ddr
2025-04-08 07:19:42,189 [INFO] PluginManage:359 - Loaded plugin ddr (category:tool,tabindex:6)
2025-04-08 07:19:42,189 [INFO] PluginManage:310 - Check plugin filemanager
2025-04-08 07:19:42,313 [INFO] PluginManage:359 - Loaded plugin filemanager (category:base,tabindex:10)
2025-04-08 07:19:42,313 [INFO] PluginManage:310 - Check plugin ipmanager
2025-04-08 07:19:42,324 [INFO] PluginManage:359 - Loaded plugin ipmanager (category:base,tabindex:5)
2025-04-08 07:19:42,324 [INFO] PluginManage:310 - Check plugin lpbam
2025-04-08 07:19:42,344 [INFO] PluginManage:359 - Loaded plugin lpbam (category:base,tabindex:0)
2025-04-08 07:19:42,344 [INFO] PluginManage:310 - Check plugin memorymap
2025-04-08 07:19:42,368 [INFO] PluginManage:359 - Loaded plugin memorymap (category:base,tabindex:4)
2025-04-08 07:19:42,368 [INFO] PluginManage:310 - Check plugin pinoutandconfiguration
2025-04-08 07:19:42,390 [INFO] PluginManage:359 - Loaded plugin pinoutandconfiguration (category:base,tabindex:1)
2025-04-08 07:19:42,390 [INFO] PluginManage:310 - Check plugin pinoutconfig
2025-04-08 07:19:42,476 [WARN] SupportedApi:132 - Cannot load RTOS API schema: s4s-elt-must-match.1: The content of 'definitions' must match (annotation?, (simpleType | complexType)?, (unique | key | keyref)*)). A problem was found starting at: attribute.
2025-04-08 07:19:42,600 [INFO] PluginManage:359 - Loaded plugin pinoutconfig (category:base,tabindex:0)
2025-04-08 07:19:42,600 [INFO] PluginManage:310 - Check plugin power
2025-04-08 07:19:42,625 [INFO] PluginManage:359 - Loaded plugin power (category:power,tabindex:4)
2025-04-08 07:19:42,625 [INFO] PluginManage:310 - Check plugin projectmanager
2025-04-08 07:19:42,638 [INFO] PluginManage:359 - Loaded plugin projectmanager (category:projectmanager,tabindex:3)
2025-04-08 07:19:42,638 [INFO] PluginManage:310 - Check plugin thirdparty
2025-04-08 07:19:42,989 [INFO] PluginManage:359 - Loaded plugin thirdparty (category:base,tabindex:-1)
2025-04-08 07:19:42,989 [WARN] IntegrityCheckThread:84 - waiting for thirdparty lock release [integrity check]
2025-04-08 07:19:42,989 [INFO] PluginManage:310 - Check plugin tools
2025-04-08 07:19:42,989 [INFO] IntegrityCheckThread:86 - entering critical section [integrity check]
2025-04-08 07:19:42,990 [INFO] ThirdPartyUpdaterWithRetryManager:70 - Updater plugin not ready yet. [1/15]
2025-04-08 07:19:43,043 [INFO] PluginManage:359 - Loaded plugin tools (category:base,tabindex:7)
2025-04-08 07:19:43,043 [INFO] PluginManage:310 - Check plugin tutovideos
2025-04-08 07:19:43,240 [INFO] PluginManage:359 - Loaded plugin tutovideos (category:base,tabindex:-1)
2025-04-08 07:19:43,241 [INFO] PluginManage:310 - Check plugin updater
2025-04-08 07:19:43,250 [INFO] PluginManage:359 - Loaded plugin updater (category:base,tabindex:12)
2025-04-08 07:19:43,250 [INFO] PluginManage:310 - Check plugin userauth
2025-04-08 07:19:43,256 [INFO] UserAuth:113 - Init User Auth plugin
2025-04-08 07:19:43,256 [INFO] PluginManage:359 - Loaded plugin userauth (category:base,tabindex:14)
2025-04-08 07:19:43,256 [INFO] PluginManage:283 - PluginManage : Loaded plugins [17]
2025-04-08 07:19:43,432 [INFO] PinOutPanel:1499 - setPackage(No Configuration,No Configuration)
2025-04-08 07:19:43,521 [INFO] CADModel:165 - CPN selected for project level
2025-04-08 07:19:43,521 [INFO] CADModel:114 - Register for checkConnection events
2025-04-08 07:19:43,545 [INFO] IPUIPlugin:80 - create IPUIPlugin
2025-04-08 07:19:43,545 [INFO] PluginManager:220 - loadIPPluginJar : add adc
2025-04-08 07:19:43,584 [INFO] IPUIPlugin:80 - create IPUIPlugin
2025-04-08 07:19:43,584 [INFO] PluginManager:220 - loadIPPluginJar : add aes
2025-04-08 07:19:43,630 [INFO] IPUIPlugin:80 - create IPUIPlugin
2025-04-08 07:19:43,630 [INFO] PluginManager:220 - loadIPPluginJar : add can
2025-04-08 07:19:43,657 [INFO] IPUIPlugin:80 - create IPUIPlugin
2025-04-08 07:19:43,657 [INFO] PluginManager:220 - loadIPPluginJar : add comp
2025-04-08 07:19:43,693 [INFO] IPUIPlugin:80 - create IPUIPlugin
2025-04-08 07:19:43,694 [INFO] PluginManager:220 - loadIPPluginJar : add cryp
2025-04-08 07:19:43,726 [INFO] IPUIPlugin:80 - create IPUIPlugin
2025-04-08 07:19:43,727 [INFO] PluginManager:220 - loadIPPluginJar : add dfsdm
2025-04-08 07:19:43,743 [INFO] IPUIPlugin:80 - create IPUIPlugin
2025-04-08 07:19:43,743 [INFO] PluginManager:220 - loadIPPluginJar : add dma
2025-04-08 07:19:43,793 [INFO] IPUIPlugin:80 - create IPUIPlugin
2025-04-08 07:19:43,793 [INFO] PluginManager:220 - loadIPPluginJar : add dma3
2025-04-08 07:19:43,816 [INFO] IPUIPlugin:80 - create IPUIPlugin
2025-04-08 07:19:43,816 [INFO] PluginManager:220 - loadIPPluginJar : add fatfs
2025-04-08 07:19:43,870 [INFO] IPUIPlugin:80 - create IPUIPlugin
2025-04-08 07:19:43,870 [INFO] PluginManager:220 - loadIPPluginJar : add fmc
2025-04-08 07:19:43,890 [INFO] IPUIPlugin:80 - create IPUIPlugin
2025-04-08 07:19:43,890 [INFO] PluginManager:220 - loadIPPluginJar : add freertos
2025-04-08 07:19:43,915 [INFO] IPUIPlugin:80 - create IPUIPlugin
2025-04-08 07:19:43,915 [INFO] PluginManager:220 - loadIPPluginJar : add genericplugin
2025-04-08 07:19:44,022 [INFO] IPUIPlugin:80 - create IPUIPlugin
2025-04-08 07:19:44,022 [INFO] PluginManager:220 - loadIPPluginJar : add gfxmmu
2025-04-08 07:19:44,168 [INFO] IPUIPlugin:80 - create IPUIPlugin
2025-04-08 07:19:44,169 [INFO] PluginManager:220 - loadIPPluginJar : add gic
2025-04-08 07:19:44,186 [INFO] IPUIPlugin:80 - create IPUIPlugin
2025-04-08 07:19:44,186 [INFO] PluginManager:220 - loadIPPluginJar : add gpio
2025-04-08 07:19:44,295 [INFO] IPUIPlugin:80 - create IPUIPlugin
2025-04-08 07:19:44,295 [INFO] PluginManager:220 - loadIPPluginJar : add gtzc
2025-04-08 07:19:44,332 [INFO] IPUIPlugin:80 - create IPUIPlugin
2025-04-08 07:19:44,332 [INFO] PluginManager:220 - loadIPPluginJar : add hash
2025-04-08 07:19:44,391 [INFO] IPUIPlugin:80 - create IPUIPlugin
2025-04-08 07:19:44,391 [INFO] PluginManager:220 - loadIPPluginJar : add i2c
2025-04-08 07:19:44,434 [INFO] IPUIPlugin:80 - create IPUIPlugin
2025-04-08 07:19:44,434 [INFO] PluginManager:220 - loadIPPluginJar : add i2s
2025-04-08 07:19:44,477 [INFO] IPUIPlugin:80 - create IPUIPlugin
2025-04-08 07:19:44,477 [INFO] PluginManager:220 - loadIPPluginJar : add i3c
2025-04-08 07:19:44,592 [INFO] IPUIPlugin:80 - create IPUIPlugin
2025-04-08 07:19:44,592 [INFO] PluginManager:220 - loadIPPluginJar : add ipddr
2025-04-08 07:19:44,690 [INFO] IPUIPlugin:80 - create IPUIPlugin
2025-04-08 07:19:44,690 [INFO] PluginManager:220 - loadIPPluginJar : add linkedlist
2025-04-08 07:19:44,727 [INFO] IPUIPlugin:80 - create IPUIPlugin
2025-04-08 07:19:44,727 [INFO] PluginManager:220 - loadIPPluginJar : add lorawan
2025-04-08 07:19:44,769 [INFO] IPUIPlugin:80 - create IPUIPlugin
2025-04-08 07:19:44,769 [INFO] PluginManager:220 - loadIPPluginJar : add ltdc
2025-04-08 07:19:44,787 [INFO] IPUIPlugin:80 - create IPUIPlugin
2025-04-08 07:19:44,787 [INFO] PluginManager:220 - loadIPPluginJar : add mdma
2025-04-08 07:19:44,800 [INFO] IPUIPlugin:80 - create IPUIPlugin
2025-04-08 07:19:44,800 [INFO] PluginManager:220 - loadIPPluginJar : add nvic
2025-04-08 07:19:44,842 [INFO] IPUIPlugin:80 - create IPUIPlugin
2025-04-08 07:19:44,842 [INFO] PluginManager:220 - loadIPPluginJar : add opamp
2025-04-08 07:19:44,914 [INFO] IPUIPlugin:80 - create IPUIPlugin
2025-04-08 07:19:44,914 [INFO] PluginManager:220 - loadIPPluginJar : add openamp
2025-04-08 07:19:44,964 [INFO] IPUIPlugin:80 - create IPUIPlugin
2025-04-08 07:19:44,964 [INFO] PluginManager:220 - loadIPPluginJar : add pdm2pcm
2025-04-08 07:19:44,980 [INFO] IPUIPlugin:80 - create IPUIPlugin
2025-04-08 07:19:44,981 [INFO] PluginManager:220 - loadIPPluginJar : add plateformsettings
2025-04-08 07:19:45,009 [INFO] IPUIPlugin:80 - create IPUIPlugin
2025-04-08 07:19:45,009 [INFO] PluginManager:220 - loadIPPluginJar : add quadspi
2025-04-08 07:19:45,027 [INFO] IPUIPlugin:80 - create IPUIPlugin
2025-04-08 07:19:45,027 [INFO] PluginManager:220 - loadIPPluginJar : add resmgrutility
2025-04-08 07:19:45,079 [INFO] IPUIPlugin:80 - create IPUIPlugin
2025-04-08 07:19:45,079 [INFO] PluginManager:220 - loadIPPluginJar : add sai
2025-04-08 07:19:45,124 [INFO] IPUIPlugin:80 - create IPUIPlugin
2025-04-08 07:19:45,125 [INFO] PluginManager:220 - loadIPPluginJar : add spi
2025-04-08 07:19:45,186 [INFO] IPUIPlugin:80 - create IPUIPlugin
2025-04-08 07:19:45,186 [INFO] PluginManager:220 - loadIPPluginJar : add stm32_wpan
2025-04-08 07:19:45,215 [INFO] IPUIPlugin:80 - create IPUIPlugin
2025-04-08 07:19:45,215 [INFO] PluginManager:220 - loadIPPluginJar : add tim
2025-04-08 07:19:45,282 [INFO] IPUIPlugin:80 - create IPUIPlugin
2025-04-08 07:19:45,283 [INFO] PluginManager:220 - loadIPPluginJar : add touchsensing
2025-04-08 07:19:45,311 [INFO] IPUIPlugin:80 - create IPUIPlugin
2025-04-08 07:19:45,313 [INFO] PluginManager:220 - loadIPPluginJar : add tracer_emb
2025-04-08 07:19:45,340 [INFO] IPUIPlugin:80 - create IPUIPlugin
2025-04-08 07:19:45,340 [INFO] PluginManager:220 - loadIPPluginJar : add ts
2025-04-08 07:19:45,368 [INFO] IPUIPlugin:80 - create IPUIPlugin
2025-04-08 07:19:45,368 [INFO] PluginManager:220 - loadIPPluginJar : add tsc
2025-04-08 07:19:45,391 [INFO] IPUIPlugin:80 - create IPUIPlugin
2025-04-08 07:19:45,392 [INFO] PluginManager:220 - loadIPPluginJar : add ucpd
2025-04-08 07:19:45,443 [INFO] IPUIPlugin:80 - create IPUIPlugin
2025-04-08 07:19:45,443 [INFO] PluginManager:220 - loadIPPluginJar : add usart
2025-04-08 07:19:45,491 [INFO] IPUIPlugin:80 - create IPUIPlugin
2025-04-08 07:19:45,491 [INFO] PluginManager:220 - loadIPPluginJar : add usbx
2025-04-08 07:19:45,603 [INFO] CADModel:165 - CPN selected for project level
2025-04-08 07:19:45,603 [INFO] CADModel:114 - Register for checkConnection events
2025-04-08 07:19:45,603 [FATAL] Updater:308 - Updater called before beeing initialized
2025-04-08 07:19:45,603 [ERROR] CADModel:125 - Updater not yet initialized, retry later 
2025-04-08 07:19:45,721 [INFO] CADModel:165 - CPN selected for project level
2025-04-08 07:19:45,721 [INFO] CADModel:114 - Register for checkConnection events
2025-04-08 07:19:45,721 [FATAL] Updater:308 - Updater called before beeing initialized
2025-04-08 07:19:45,721 [ERROR] CADModel:125 - Updater not yet initialized, retry later 
2025-04-08 07:19:45,724 [FATAL] Updater:308 - Updater called before beeing initialized
2025-04-08 07:19:45,801 [FATAL] Updater:308 - Updater called before beeing initialized
2025-04-08 07:19:45,812 [INFO] DbMcusAds:53 - JSON generation date=Thu Mar 06 21:54:21 ICT 2025 (1741272861825)
2025-04-08 07:19:45,812 [FATAL] Updater:308 - Updater called before beeing initialized
2025-04-08 07:19:45,905 [WARN] DetailPanel:346 - Failed to get advertising image, set to default
2025-04-08 07:19:45,990 [INFO] ThirdPartyUpdaterWithRetryManager:70 - Updater plugin not ready yet. [2/15]
2025-04-08 07:19:45,992 [FATAL] Updater:308 - Updater called before beeing initialized
2025-04-08 07:19:45,994 [FATAL] Updater:308 - Updater called before beeing initialized
2025-04-08 07:19:45,994 [FATAL] Updater:308 - Updater called before beeing initialized
2025-04-08 07:19:45,994 [WARN] DetailPanel:346 - Failed to get advertising image, set to default
2025-04-08 07:19:45,994 [FATAL] Updater:308 - Updater called before beeing initialized
2025-04-08 07:19:46,064 [ERROR] Updater:1120 - MainUpdater not yet initialized. External WinMGr cannot be set.
2025-04-08 07:19:46,079 [INFO] Updater:1056 - Updater Version found : 6.9.0
2025-04-08 07:19:46,097 [INFO] ApplicationProperties:184 - Using Application install path: D:\ST\STM32CubeIDE_1.13.0\STM32CubeIDE\plugins\com.st.stm32cube.common.mx_6.9.0.202307051724
2025-04-08 07:19:46,306 [INFO] MainUpdater:2868 - connection check result : 10
2025-04-08 07:19:46,306 [INFO] MainUpdater:3562 - Updater definition file requires update
2025-04-08 07:19:46,307 [INFO] MainUpdater:285 - Updater Check For Update Now.
2025-04-08 07:19:46,307 [INFO] MicroXplorer:498 - Change Database Version : DB.6.0.90
2025-04-08 07:19:46,324 [INFO] McuFinderGlobals:63 - Set McuFinder mode to 2 (CubeIDE integrated)
2025-04-08 07:19:46,440 [INFO] ServerAccessManage:473 - Download File updaters.zip
2025-04-08 07:19:46,743 [INFO] FileExtend:240 - Unzip File : updaters.zip
2025-04-08 07:19:46,743 [INFO] FileExtend:255 - Standard Zip Deflate
2025-04-08 07:19:47,572 [INFO] ServerAccessManage:473 - Download File PacksControlFlags.xml
2025-04-08 07:19:47,730 [INFO] ServerAccessManage:473 - Download File cubemx.pidx
2025-04-08 07:19:47,816 [INFO] LoadServerUpdatesThread:373 - End of LoadServerUpdate Thread
2025-04-08 07:19:47,983 [INFO] CheckServerUpdateThread:120 - End of CheckServer Thread
2025-04-08 07:19:49,179 [WARN] PackLoader:240 - Cannot read IP mode file for STMicroelectronics.FP-SNS-MOTENVWB1.1.4.0
2025-04-08 07:19:49,196 [WARN] PackLoader:240 - Cannot read IP mode file for STMicroelectronics.FP-ATR-ASTRA1.2.0.2
2025-04-08 07:19:49,208 [WARN] PackLoader:240 - Cannot read IP mode file for STMicroelectronics.FP-ATR-ASTRA1.2.0.1
2025-04-08 07:19:49,226 [WARN] PackLoader:240 - Cannot read IP mode file for STMicroelectronics.X-CUBE-SMBUS.2.1.0
2025-04-08 07:19:49,242 [WARN] PackLoader:240 - Cannot read IP mode file for STMicroelectronics.X-CUBE-WB05N.1.1.0
2025-04-08 07:19:49,278 [WARN] PackLoader:240 - Cannot read IP mode file for STMicroelectronics.X-CUBE-AZRTOS-F7.1.1.0
2025-04-08 07:19:49,296 [WARN] PackLoader:240 - Cannot read IP mode file for STMicroelectronics.FP-SNS-MOTENV1.4.3.2
2025-04-08 07:19:49,310 [WARN] PackLoader:240 - Cannot read IP mode file for STMicroelectronics.FP-SNS-FLIGHT1.5.0.1
2025-04-08 07:19:49,322 [WARN] PackLoader:240 - Cannot read IP mode file for STMicroelectronics.X-CUBE-BLE1.6.2.4
2025-04-08 07:19:49,334 [WARN] PackLoader:240 - Cannot read IP mode file for STMicroelectronics.FP-SNS-FLIGHT1.5.0.2
2025-04-08 07:19:49,351 [ERROR] Engine:466 - C:\Users\Admin\.stm32cubemx\thirdparties\pdsc\Infineon.AIROC-Wi-Fi-Bluetooth-STM32.1.7.0.pdsc: PDSC version is not supported
2025-04-08 07:19:49,365 [WARN] PackLoader:240 - Cannot read IP mode file for STMicroelectronics.X-CUBE-DISPLAY.3.0.0
2025-04-08 07:19:49,380 [WARN] PackLoader:240 - Cannot read IP mode file for STMicroelectronics.X-CUBE-BLE1.7.0.0
2025-04-08 07:19:49,393 [WARN] PackLoader:240 - Cannot read IP mode file for STMicroelectronics.X-CUBE-NFC10.1.0.0
2025-04-08 07:19:49,405 [ERROR] Engine:466 - C:\Users\Admin\.stm32cubemx\thirdparties\pdsc\STMicroelectronics.X-CUBE-BLEMGR.4.0.0.pdsc: PDSC version is not supported
2025-04-08 07:19:49,417 [WARN] PackLoader:240 - Cannot read IP mode file for emotas.I-CUBE-CANOPEN.1.3.0
2025-04-08 07:19:49,429 [WARN] PackLoader:240 - Cannot read IP mode file for STMicroelectronics.X-CUBE-TOUCHGFX.4.22.0
2025-04-08 07:19:49,441 [WARN] PackLoader:240 - Cannot read IP mode file for STMicroelectronics.X-CUBE-AI.10.0.0
2025-04-08 07:19:49,452 [WARN] PackLoader:240 - Cannot read IP mode file for STMicroelectronics.FP-SNS-SMARTAG2.1.2.0
2025-04-08 07:19:49,463 [ERROR] Engine:466 - C:\Users\Admin\.stm32cubemx\thirdparties\pdsc\STMicroelectronics.FP-SNS-FLIGHT1.5.1.0.pdsc: PDSC version is not supported
2025-04-08 07:19:49,510 [WARN] PackLoader:240 - Cannot read IP mode file for STMicroelectronics.X-CUBE-MEMS1.11.1.0
2025-04-08 07:19:49,627 [INFO] LogOutputStream:77 - [STDOUT_REDIRECT] 1 : Invalid condition id : UX_CORESTACK_Condition cause : null
2025-04-08 07:19:49,628 [INFO] LogOutputStream:77 - [STDOUT_REDIRECT] 1 : Invalid condition id : UX_CORESTACK_Condition cause : null
2025-04-08 07:19:49,628 [INFO] LogOutputStream:77 - [STDOUT_REDIRECT] 1 : Invalid condition id : UX_CORESTACK_Condition cause : null
2025-04-08 07:19:49,629 [INFO] LogOutputStream:77 - [STDOUT_REDIRECT] 1 : Invalid condition id : UX_CORESTACK_Condition cause : null
2025-04-08 07:19:49,630 [INFO] LogOutputStream:77 - [STDOUT_REDIRECT] 1 : Invalid condition id : UX_CORESTACK_Condition cause : null
2025-04-08 07:19:49,631 [WARN] PackLoader:240 - Cannot read IP mode file for STMicroelectronics.X-CUBE-AZRTOS-WL.2.0.0
2025-04-08 07:19:49,645 [WARN] PackLoader:240 - Cannot read IP mode file for STMicroelectronics.FP-SNS-MOTENV1.5.0.0
2025-04-08 07:19:49,660 [WARN] PackLoader:240 - Cannot read IP mode file for wolfSSL.I-CUBE-wolfMQTT.1.19.0
2025-04-08 07:19:49,675 [WARN] PackLoader:240 - Cannot read IP mode file for WES.I-CUBE-Cesium.1.3.0
2025-04-08 07:19:49,690 [WARN] PackLoader:240 - Cannot read IP mode file for STMicroelectronics.X-CUBE-BLE2.3.3.0
2025-04-08 07:19:49,704 [WARN] PackLoader:240 - Cannot read IP mode file for STMicroelectronics.X-CUBE-NFC9.1.0.0
2025-04-08 07:19:49,720 [WARN] PackLoader:240 - Cannot read IP mode file for STMicroelectronics.X-CUBE-BLE1.7.1.0
2025-04-08 07:19:49,735 [WARN] PackLoader:240 - Cannot read IP mode file for STMicroelectronics.X-CUBE-ALGOBUILD.1.3.0
2025-04-08 07:19:49,760 [WARN] PackLoader:240 - Cannot read IP mode file for STMicroelectronics.X-CUBE-AZRTOS-G0.1.1.0
2025-04-08 07:19:49,776 [WARN] PackLoader:240 - Cannot read IP mode file for STMicroelectronics.X-CUBE-SAFEA1.1.2.2
2025-04-08 07:19:49,792 [WARN] PackLoader:240 - Cannot read IP mode file for STMicroelectronics.X-CUBE-NFC4.3.0.0
2025-04-08 07:19:49,803 [ERROR] Engine:466 - C:\Users\Admin\.stm32cubemx\thirdparties\pdsc\EmbeddedOffice.I-CUBE-FS-RTOS.1.0.1.pdsc: PDSC version is not supported
2025-04-08 07:19:49,816 [ERROR] Engine:466 - C:\Users\Admin\.stm32cubemx\thirdparties\pdsc\STMicroelectronics.X-CUBE-TCPP.4.2.0.pdsc: PDSC version is not supported
2025-04-08 07:19:49,829 [ERROR] Engine:466 - C:\Users\Admin\.stm32cubemx\thirdparties\pdsc\RealThread.X-CUBE-RT-Thread_Nano.4.1.1.pdsc: PDSC version is not supported
2025-04-08 07:19:49,843 [WARN] PackLoader:240 - Cannot read IP mode file for STMicroelectronics.FP-ATR-SIGFOX1.3.2.0
2025-04-08 07:19:49,856 [ERROR] Engine:466 - C:\Users\Admin\.stm32cubemx\thirdparties\pdsc\quantropi.X-CUBE-qispace-sdk-base.1.9.3.pdsc: PDSC version is not supported
2025-04-08 07:19:49,871 [WARN] PackLoader:240 - Cannot read IP mode file for STMicroelectronics.X-CUBE-EEPRMA1.5.1.0
2025-04-08 07:19:49,887 [WARN] PackLoader:240 - Cannot read IP mode file for ITTIA_DB.I-CUBE-ITTIADB.8.9.0
2025-04-08 07:19:49,916 [WARN] PackLoader:240 - Cannot read IP mode file for SEGGER.I-CUBE-embOS.1.3.1
2025-04-08 07:19:49,954 [WARN] PackLoader:240 - Cannot read IP mode file for STMicroelectronics.X-CUBE-ALGOBUILD.1.4.0
2025-04-08 07:19:49,969 [WARN] PackLoader:240 - Cannot read IP mode file for STMicroelectronics.X-CUBE-GNSS1.6.0.0
2025-04-08 07:19:49,994 [WARN] PackLoader:240 - Cannot read IP mode file for STMicroelectronics.X-CUBE-AZRTOS-F4.1.1.0
2025-04-08 07:19:50,009 [WARN] PackLoader:240 - Cannot read IP mode file for wolfSSL.I-CUBE-wolfSSL.5.6.3
2025-04-08 07:19:50,023 [WARN] PackLoader:240 - Cannot read IP mode file for STMicroelectronics.X-CUBE-ISPU.2.1.0
2025-04-08 07:19:50,050 [WARN] PackLoader:240 - Cannot read IP mode file for STMicroelectronics.X-CUBE-AZRTOS-L5.2.0.0
2025-04-08 07:19:50,093 [WARN] PackLoader:240 - Cannot read IP mode file for STMicroelectronics.X-CUBE-MEMS1.9.6.0
2025-04-08 07:19:50,186 [WARN] PackLoader:240 - Cannot read IP mode file for STMicroelectronics.X-CUBE-NFC6.3.1.0
2025-04-08 07:19:50,202 [WARN] PackLoader:240 - Cannot read IP mode file for STMicroelectronics.X-CUBE-BLEMGR.2.0.0
2025-04-08 07:19:50,215 [ERROR] Engine:466 - C:\Users\Admin\.stm32cubemx\thirdparties\pdsc\STMicroelectronics.X-CUBE-DPower.1.2.0.pdsc: PDSC version is not supported
2025-04-08 07:19:50,242 [WARN] ConditionMgr:438 - getConditionDescription Invalid condition id : UX DEVICE CLASS RTOS Condition cause : null
2025-04-08 07:19:50,242 [WARN] ConditionMgr:438 - getConditionDescription Invalid condition id : UX DEVICE CLASS RTOS Condition cause : null
2025-04-08 07:19:50,244 [WARN] PackLoader:240 - Cannot read IP mode file for STMicroelectronics.X-CUBE-AZRTOS-H7.3.1.0
2025-04-08 07:19:50,245 [WARN] ConditionMgr:1039 - genDependencies : Invalid condition id : UX DEVICE CLASS RTOS Condition cause : null
2025-04-08 07:19:50,245 [WARN] ConditionMgr:1039 - genDependencies : Invalid condition id : UX DEVICE CLASS RTOS Condition cause : null
2025-04-08 07:19:50,245 [WARN] ConditionMgr:1039 - genDependencies : Invalid condition id : UX DEVICE CLASS RTOS Condition cause : null
2025-04-08 07:19:50,245 [WARN] ConditionMgr:1039 - genDependencies : Invalid condition id : UX DEVICE CLASS RTOS Condition cause : null
2025-04-08 07:19:50,245 [WARN] ConditionMgr:1039 - genDependencies : Invalid condition id : UX DEVICE CLASS RTOS Condition cause : null
2025-04-08 07:19:50,262 [WARN] PackLoader:240 - Cannot read IP mode file for STMicroelectronics.X-CUBE-FREERTOS.1.3.0
2025-04-08 07:19:50,275 [WARN] PackLoader:240 - Cannot read IP mode file for STMicroelectronics.X-CUBE-NFC7.1.0.1
2025-04-08 07:19:50,288 [WARN] PackLoader:240 - Cannot read IP mode file for STMicroelectronics.X-CUBE-EEPRMA1.4.1.0
2025-04-08 07:19:50,300 [ERROR] Engine:466 - C:\Users\Admin\.stm32cubemx\thirdparties\pdsc\STMicroelectronics.X-CUBE-DPower.1.3.0.pdsc: PDSC version is not supported
2025-04-08 07:19:50,313 [WARN] PackLoader:240 - Cannot read IP mode file for STMicroelectronics.X-CUBE-AI.8.1.0
2025-04-08 07:19:50,338 [WARN] ConditionMgr:438 - getConditionDescription Invalid condition id : LAN8742 Phy interface Condition cause : null
2025-04-08 07:19:50,339 [WARN] PackLoader:240 - Cannot read IP mode file for STMicroelectronics.X-CUBE-AZRTOS-L4.2.0.0
2025-04-08 07:19:50,339 [WARN] ConditionMgr:1039 - genDependencies : Invalid condition id : LAN8742 Phy interface Condition cause : null
2025-04-08 07:19:50,340 [WARN] ConditionMgr:1039 - genDependencies : Invalid condition id : LAN8742 Phy interface Condition cause : null
2025-04-08 07:19:50,340 [WARN] ConditionMgr:1039 - genDependencies : Invalid condition id : LAN8742 Phy interface Condition cause : null
2025-04-08 07:19:50,357 [WARN] PackLoader:240 - Cannot read IP mode file for STMicroelectronics.X-CUBE-SFXS2LP1.4.0.0
2025-04-08 07:19:50,369 [WARN] PackLoader:240 - Cannot read IP mode file for STMicroelectronics.X-CUBE-ISPU.1.1.0
2025-04-08 07:19:50,393 [WARN] PackLoader:240 - Cannot read IP mode file for STMicroelectronics.X-CUBE-AZRTOS-H7.3.3.0
2025-04-08 07:19:50,418 [WARN] ConditionMgr:438 - getConditionDescription Invalid condition id : UX DEVICE CLASS RTOS Condition cause : null
2025-04-08 07:19:50,418 [WARN] ConditionMgr:438 - getConditionDescription Invalid condition id : UX DEVICE CLASS RTOS Condition cause : null
2025-04-08 07:19:50,419 [WARN] PackLoader:240 - Cannot read IP mode file for STMicroelectronics.X-CUBE-AZRTOS-WB.2.0.0
2025-04-08 07:19:50,419 [WARN] ConditionMgr:1039 - genDependencies : Invalid condition id : UX DEVICE CLASS RTOS Condition cause : null
2025-04-08 07:19:50,419 [WARN] ConditionMgr:1039 - genDependencies : Invalid condition id : UX DEVICE CLASS RTOS Condition cause : null
2025-04-08 07:19:50,419 [WARN] ConditionMgr:1039 - genDependencies : Invalid condition id : UX DEVICE CLASS RTOS Condition cause : null
2025-04-08 07:19:50,420 [WARN] ConditionMgr:1039 - genDependencies : Invalid condition id : UX DEVICE CLASS RTOS Condition cause : null
2025-04-08 07:19:50,420 [WARN] ConditionMgr:1039 - genDependencies : Invalid condition id : UX DEVICE CLASS RTOS Condition cause : null
2025-04-08 07:19:50,432 [WARN] PackLoader:240 - Cannot read IP mode file for STMicroelectronics.X-CUBE-FREERTOS.1.0.1
2025-04-08 07:19:50,445 [WARN] PackLoader:240 - Cannot read IP mode file for STMicroelectronics.X-CUBE-GNSS1.7.0.1
2025-04-08 07:19:50,459 [WARN] PackLoader:240 - Cannot read IP mode file for STMicroelectronics.X-CUBE-TOUCHGFX.4.25.0
2025-04-08 07:19:50,472 [ERROR] Engine:466 - C:\Users\Admin\.stm32cubemx\thirdparties\pdsc\STMicroelectronics.FP-SNS-STBOX1.2.0.0.pdsc: PDSC version is not supported
2025-04-08 07:19:50,492 [WARN] PackLoader:240 - Cannot read IP mode file for STMicroelectronics.X-CUBE-AZRTOS-L5.1.1.0
2025-04-08 07:19:50,506 [WARN] PackLoader:240 - Cannot read IP mode file for STMicroelectronics.X-CUBE-AI.8.0.1
2025-04-08 07:19:50,524 [WARN] PackLoader:240 - Cannot read IP mode file for STMicroelectronics.X-CUBE-SUBG2.5.0.0
2025-04-08 07:19:50,550 [WARN] PackLoader:240 - Cannot read IP mode file for STMicroelectronics.X-CUBE-AZRTOS-H7RS.1.1.0
2025-04-08 07:19:50,565 [WARN] PackLoader:240 - Cannot read IP mode file for Cesanta.I-CUBE-Mongoose.7.13.0
2025-04-08 07:19:50,583 [WARN] PackLoader:240 - Cannot read IP mode file for STMicroelectronics.X-CUBE-TOF1.3.3.1
2025-04-08 07:19:50,608 [WARN] PackLoader:240 - Cannot read IP mode file for STMicroelectronics.X-CUBE-AZRTOS-G4.2.0.0
2025-04-08 07:19:50,624 [ERROR] Engine:466 - C:\Users\Admin\.stm32cubemx\thirdparties\pdsc\STMicroelectronics.X-CUBE-IPS.3.1.0.pdsc: PDSC version is not supported
2025-04-08 07:19:50,638 [WARN] PackLoader:240 - Cannot read IP mode file for STMicroelectronics.X-CUBE-ALS.1.0.2
2025-04-08 07:19:50,653 [WARN] PackLoader:240 - Cannot read IP mode file for STMicroelectronics.X-CUBE-TOUCHGFX.4.24.2
2025-04-08 07:19:50,667 [WARN] PackLoader:240 - Cannot read IP mode file for wolfSSL.I-CUBE-wolfTPM.3.4.0
2025-04-08 07:19:50,682 [WARN] PackLoader:240 - Cannot read IP mode file for portGmbH.I-Cube-SoM-uGOAL.1.1.0
2025-04-08 07:19:50,696 [WARN] PackLoader:240 - Cannot read IP mode file for STMicroelectronics.X-CUBE-ALS.1.0.1
2025-04-08 07:19:50,718 [WARN] PackLoader:240 - Cannot read IP mode file for STMicroelectronics.X-CUBE-AZRTOS-WB.1.1.0
2025-04-08 07:19:50,741 [WARN] PackLoader:240 - Cannot read IP mode file for STMicroelectronics.X-CUBE-AZRTOS-H7RS.1.0.0
2025-04-08 07:19:50,756 [WARN] PackLoader:240 - Cannot read IP mode file for STMicroelectronics.FP-ATR-ASTRA1.2.0.0
2025-04-08 07:19:50,772 [ERROR] Engine:466 - C:\Users\Admin\.stm32cubemx\thirdparties\pdsc\STMicroelectronics.X-CUBE-TOF1.3.4.2.pdsc: PDSC version is not supported
2025-04-08 07:19:50,785 [WARN] PackLoader:240 - Cannot read IP mode file for wolfSSL.I-CUBE-wolfSSH.1.4.17
2025-04-08 07:19:50,786 [INFO] ThirdParty:978 - Integrity check success = true
2025-04-08 07:19:50,786 [INFO] IntegrityCheckThread:100 - exiting critical section [integrity check]
2025-04-08 07:19:50,786 [INFO] IntegrityCheckThread:103 - End integrity checks thread
2025-04-08 07:20:07,089 [ERROR] LogOutputStream:75 - [STDERR_REDIRECT] SLF4J: Failed to load class "org.slf4j.impl.StaticLoggerBinder".
2025-04-08 07:20:07,089 [ERROR] LogOutputStream:75 - [STDERR_REDIRECT] SLF4J: Defaulting to no-operation (NOP) logger implementation
2025-04-08 07:20:07,090 [ERROR] LogOutputStream:75 - [STDERR_REDIRECT] SLF4J: See http://www.slf4j.org/codes.html#StaticLoggerBinder for further details.
