2025-03-24 16:54:54,611 [INFO] Activator:176 - 


2025-03-24 16:54:54,615 [INFO] Activator:177 - !SESSION log4j initialized
2025-03-24 16:55:01,283 [INFO] LogOutputStream:77 - [STDOUT_REDIRECT] 
2025-03-24 16:55:02,658 [INFO] ApplicationProperties:184 - Using Application install path: D:\ST\STM32CubeIDE_1.13.0\STM32CubeIDE\plugins\com.st.stm32cube.common.mx_6.9.0.202307051724
2025-03-24 16:55:02,673 [INFO] DbMcusXml:78 - Set database path to: D:\ST\STM32CubeIDE_1.13.0\STM32CubeIDE\plugins\com.st.stm32cube.common.mx_6.9.0.202307051724\\db\/mcu/
2025-03-24 16:55:02,674 [INFO] ApiDb:274 - Set plugin database path to: D:\ST\STM32CubeIDE_1.13.0\STM32CubeIDE\plugins\com.st.stm32cube.common.mx_6.9.0.202307051724\\db\/plugins/boardmanager/
2025-03-24 16:55:02,674 [WARN] ApiDb:259 - Overriding images path with different value:  => D:\ST\STM32CubeIDE_1.13.0\STM32CubeIDE\plugins\com.st.stm32cube.common.mx_6.9.0.202307051724\\db\/plugins/mcufinder/images/
2025-03-24 16:55:02,683 [INFO] ApiDb:250 - Set database path to: C:\Users\Admin\.stmcufinder\plugins\mcufinder//mcu/
2025-03-24 16:55:02,684 [INFO] DbMcusAds:125 - Set database path to: C:\Users\Admin\.stmcufinder\plugins\mcufinder//mcu/
2025-03-24 16:55:02,685 [INFO] CrossReferenceDbSqlite:203 - Set database path to: C:\Users\Admin\.stmcufinder\plugins\mcufinder//mcu/cs/
2025-03-24 16:55:02,793 [INFO] RulesReader:64 - Compatibility file has been processed (293 Rules)
2025-03-24 16:55:02,885 [INFO] DbMcusXml:78 - Set database path to: D:\ST\STM32CubeIDE_1.13.0\STM32CubeIDE\plugins\com.st.stm32cube.common.mx_6.9.0.202307051724\\db\/mcu/
2025-03-24 16:55:02,885 [INFO] ApiDb:274 - Set plugin database path to: D:\ST\STM32CubeIDE_1.13.0\STM32CubeIDE\plugins\com.st.stm32cube.common.mx_6.9.0.202307051724\\db\/plugins/boardmanager/
2025-03-24 16:55:02,885 [INFO] ApiDb:261 - Set plugin images path to: D:\ST\STM32CubeIDE_1.13.0\STM32CubeIDE\plugins\com.st.stm32cube.common.mx_6.9.0.202307051724\\db\/plugins/mcufinder/images/
2025-03-24 16:55:02,885 [WARN] DbFile:41 - Overriding database path with different value: C:\Users\Admin\.stmcufinder\plugins\mcufinder/ => C:\Users\Admin\.stmcufinder\plugins\mcufinder
2025-03-24 16:55:02,885 [INFO] ApiDb:250 - Set database path to: C:\Users\Admin\.stmcufinder\plugins\mcufinder//mcu/
2025-03-24 16:55:02,885 [WARN] DbFile:41 - Overriding database path with different value: C:\Users\Admin\.stmcufinder\plugins\mcufinder/ => C:\Users\Admin\.stmcufinder\plugins\mcufinder
2025-03-24 16:55:02,885 [INFO] DbMcusAds:125 - Set database path to: C:\Users\Admin\.stmcufinder\plugins\mcufinder//mcu/
2025-03-24 16:55:02,887 [WARN] DbFile:41 - Overriding database path with different value: C:\Users\Admin\.stmcufinder\plugins\mcufinder/ => C:\Users\Admin\.stmcufinder\plugins\mcufinder
2025-03-24 16:55:02,887 [WARN] DbFile:41 - Overriding database path with different value: C:\Users\Admin\.stmcufinder\plugins\mcufinder/ => C:\Users\Admin\.stmcufinder\plugins\mcufinder
2025-03-24 16:55:02,887 [INFO] CrossReferenceDbSqlite:203 - Set database path to: C:\Users\Admin\.stmcufinder\plugins\mcufinder//mcu/cs/
2025-03-24 16:55:03,031 [INFO] MainPanel:262 - HeapMemory: 268435456
2025-03-24 16:55:03,190 [INFO] DbMcusXml:78 - Set database path to: D:\ST\STM32CubeIDE_1.13.0\STM32CubeIDE\plugins\com.st.stm32cube.common.mx_6.9.0.202307051724\\db\/mcu/
2025-03-24 16:55:03,190 [INFO] ApiDb:274 - Set plugin database path to: D:\ST\STM32CubeIDE_1.13.0\STM32CubeIDE\plugins\com.st.stm32cube.common.mx_6.9.0.202307051724\\db\/plugins/boardmanager/
2025-03-24 16:55:03,190 [INFO] ApiDb:261 - Set plugin images path to: D:\ST\STM32CubeIDE_1.13.0\STM32CubeIDE\plugins\com.st.stm32cube.common.mx_6.9.0.202307051724\\db\/plugins/mcufinder/images/
2025-03-24 16:55:03,191 [WARN] DbFile:41 - Overriding database path with different value: C:\Users\Admin\.stmcufinder\plugins\mcufinder/ => C:\Users\Admin\.stmcufinder\plugins\mcufinder
2025-03-24 16:55:03,191 [INFO] ApiDb:250 - Set database path to: C:\Users\Admin\.stmcufinder\plugins\mcufinder//mcu/
2025-03-24 16:55:03,191 [WARN] DbFile:41 - Overriding database path with different value: C:\Users\Admin\.stmcufinder\plugins\mcufinder/ => C:\Users\Admin\.stmcufinder\plugins\mcufinder
2025-03-24 16:55:03,191 [INFO] DbMcusAds:125 - Set database path to: C:\Users\Admin\.stmcufinder\plugins\mcufinder//mcu/
2025-03-24 16:55:03,191 [WARN] DbFile:41 - Overriding database path with different value: C:\Users\Admin\.stmcufinder\plugins\mcufinder/ => C:\Users\Admin\.stmcufinder\plugins\mcufinder
2025-03-24 16:55:03,191 [WARN] DbFile:41 - Overriding database path with different value: C:\Users\Admin\.stmcufinder\plugins\mcufinder/ => C:\Users\Admin\.stmcufinder\plugins\mcufinder
2025-03-24 16:55:03,191 [INFO] CrossReferenceDbSqlite:203 - Set database path to: C:\Users\Admin\.stmcufinder\plugins\mcufinder//mcu/cs/
2025-03-24 16:55:03,207 [INFO] ApplicationProperties:184 - Using Application install path: D:\ST\STM32CubeIDE_1.13.0\STM32CubeIDE\plugins\com.st.stm32cube.common.mx_6.9.0.202307051724
2025-03-24 16:55:03,208 [INFO] PluginManage:196 - Search for loadable plugins [exclusion list=, ]
2025-03-24 16:55:03,210 [INFO] PluginManage:310 - Check plugin analytics
2025-03-24 16:55:03,337 [INFO] AnalyticsPlugin:253 - Accepted Software Licenses: 
2025-03-24 16:55:03,337 [INFO] AnalyticsPlugin:255 - Accepted CMSIS Pack Licenses: 
2025-03-24 16:55:03,337 [INFO] AnalyticsPlugin:257 - Accepted Firmware Licenses: FW.F4.1.27.0
2025-03-24 16:55:03,339 [INFO] PluginManage:359 - Loaded plugin analytics (category:tool,tabindex:-1)
2025-03-24 16:55:03,340 [INFO] PluginManage:310 - Check plugin cadmodel
2025-03-24 16:55:03,363 [INFO] CADModel:105 - Init CAD model plugin
2025-03-24 16:55:03,363 [INFO] PluginManage:359 - Loaded plugin cadmodel (category:power,tabindex:5)
2025-03-24 16:55:03,363 [INFO] PluginManage:310 - Check plugin clock
2025-03-24 16:55:03,390 [INFO] PluginManage:359 - Loaded plugin clock (category:base,tabindex:2)
2025-03-24 16:55:03,390 [INFO] PluginManage:310 - Check plugin ddr
2025-03-24 16:55:03,392 [INFO] PluginManage:359 - Loaded plugin ddr (category:tool,tabindex:6)
2025-03-24 16:55:03,393 [INFO] PluginManage:310 - Check plugin filemanager
2025-03-24 16:55:03,501 [INFO] PluginManage:359 - Loaded plugin filemanager (category:base,tabindex:10)
2025-03-24 16:55:03,501 [INFO] PluginManage:310 - Check plugin ipmanager
2025-03-24 16:55:03,512 [INFO] PluginManage:359 - Loaded plugin ipmanager (category:base,tabindex:5)
2025-03-24 16:55:03,512 [INFO] PluginManage:310 - Check plugin lpbam
2025-03-24 16:55:03,531 [INFO] PluginManage:359 - Loaded plugin lpbam (category:base,tabindex:0)
2025-03-24 16:55:03,531 [INFO] PluginManage:310 - Check plugin memorymap
2025-03-24 16:55:03,553 [INFO] PluginManage:359 - Loaded plugin memorymap (category:base,tabindex:4)
2025-03-24 16:55:03,554 [INFO] PluginManage:310 - Check plugin pinoutandconfiguration
2025-03-24 16:55:03,570 [INFO] PluginManage:359 - Loaded plugin pinoutandconfiguration (category:base,tabindex:1)
2025-03-24 16:55:03,570 [INFO] PluginManage:310 - Check plugin pinoutconfig
2025-03-24 16:55:03,696 [WARN] SupportedApi:132 - Cannot load RTOS API schema: s4s-elt-must-match.1: The content of 'definitions' must match (annotation?, (simpleType | complexType)?, (unique | key | keyref)*)). A problem was found starting at: attribute.
2025-03-24 16:55:03,810 [INFO] PluginManage:359 - Loaded plugin pinoutconfig (category:base,tabindex:0)
2025-03-24 16:55:03,810 [INFO] PluginManage:310 - Check plugin power
2025-03-24 16:55:03,834 [INFO] PluginManage:359 - Loaded plugin power (category:power,tabindex:4)
2025-03-24 16:55:03,834 [INFO] PluginManage:310 - Check plugin projectmanager
2025-03-24 16:55:03,845 [INFO] PluginManage:359 - Loaded plugin projectmanager (category:projectmanager,tabindex:3)
2025-03-24 16:55:03,845 [INFO] PluginManage:310 - Check plugin thirdparty
2025-03-24 16:55:04,170 [INFO] PluginManage:359 - Loaded plugin thirdparty (category:base,tabindex:-1)
2025-03-24 16:55:04,170 [WARN] IntegrityCheckThread:84 - waiting for thirdparty lock release [integrity check]
2025-03-24 16:55:04,170 [INFO] PluginManage:310 - Check plugin tools
2025-03-24 16:55:04,170 [INFO] IntegrityCheckThread:86 - entering critical section [integrity check]
2025-03-24 16:55:04,171 [INFO] ThirdPartyUpdaterWithRetryManager:70 - Updater plugin not ready yet. [1/15]
2025-03-24 16:55:04,220 [INFO] PluginManage:359 - Loaded plugin tools (category:base,tabindex:7)
2025-03-24 16:55:04,220 [INFO] PluginManage:310 - Check plugin tutovideos
2025-03-24 16:55:04,393 [INFO] PluginManage:359 - Loaded plugin tutovideos (category:base,tabindex:-1)
2025-03-24 16:55:04,393 [INFO] PluginManage:310 - Check plugin updater
2025-03-24 16:55:04,407 [INFO] PluginManage:359 - Loaded plugin updater (category:base,tabindex:12)
2025-03-24 16:55:04,407 [INFO] PluginManage:310 - Check plugin userauth
2025-03-24 16:55:04,413 [INFO] UserAuth:113 - Init User Auth plugin
2025-03-24 16:55:04,413 [INFO] PluginManage:359 - Loaded plugin userauth (category:base,tabindex:14)
2025-03-24 16:55:04,414 [INFO] PluginManage:283 - PluginManage : Loaded plugins [17]
2025-03-24 16:55:04,595 [INFO] PinOutPanel:1499 - setPackage(No Configuration,No Configuration)
2025-03-24 16:55:04,684 [INFO] CADModel:165 - CPN selected for project level
2025-03-24 16:55:04,684 [INFO] CADModel:114 - Register for checkConnection events
2025-03-24 16:55:04,710 [INFO] IPUIPlugin:80 - create IPUIPlugin
2025-03-24 16:55:04,710 [INFO] PluginManager:220 - loadIPPluginJar : add adc
2025-03-24 16:55:04,742 [INFO] IPUIPlugin:80 - create IPUIPlugin
2025-03-24 16:55:04,742 [INFO] PluginManager:220 - loadIPPluginJar : add aes
2025-03-24 16:55:04,781 [INFO] IPUIPlugin:80 - create IPUIPlugin
2025-03-24 16:55:04,781 [INFO] PluginManager:220 - loadIPPluginJar : add can
2025-03-24 16:55:04,805 [INFO] IPUIPlugin:80 - create IPUIPlugin
2025-03-24 16:55:04,806 [INFO] PluginManager:220 - loadIPPluginJar : add comp
2025-03-24 16:55:04,836 [INFO] IPUIPlugin:80 - create IPUIPlugin
2025-03-24 16:55:04,836 [INFO] PluginManager:220 - loadIPPluginJar : add cryp
2025-03-24 16:55:04,862 [INFO] IPUIPlugin:80 - create IPUIPlugin
2025-03-24 16:55:04,862 [INFO] PluginManager:220 - loadIPPluginJar : add dfsdm
2025-03-24 16:55:04,877 [INFO] IPUIPlugin:80 - create IPUIPlugin
2025-03-24 16:55:04,877 [INFO] PluginManager:220 - loadIPPluginJar : add dma
2025-03-24 16:55:04,918 [INFO] IPUIPlugin:80 - create IPUIPlugin
2025-03-24 16:55:04,918 [INFO] PluginManager:220 - loadIPPluginJar : add dma3
2025-03-24 16:55:04,940 [INFO] IPUIPlugin:80 - create IPUIPlugin
2025-03-24 16:55:04,940 [INFO] PluginManager:220 - loadIPPluginJar : add fatfs
2025-03-24 16:55:04,985 [INFO] IPUIPlugin:80 - create IPUIPlugin
2025-03-24 16:55:04,985 [INFO] PluginManager:220 - loadIPPluginJar : add fmc
2025-03-24 16:55:05,003 [INFO] IPUIPlugin:80 - create IPUIPlugin
2025-03-24 16:55:05,004 [INFO] PluginManager:220 - loadIPPluginJar : add freertos
2025-03-24 16:55:05,023 [INFO] IPUIPlugin:80 - create IPUIPlugin
2025-03-24 16:55:05,023 [INFO] PluginManager:220 - loadIPPluginJar : add genericplugin
2025-03-24 16:55:05,113 [INFO] IPUIPlugin:80 - create IPUIPlugin
2025-03-24 16:55:05,113 [INFO] PluginManager:220 - loadIPPluginJar : add gfxmmu
2025-03-24 16:55:05,223 [INFO] IPUIPlugin:80 - create IPUIPlugin
2025-03-24 16:55:05,223 [INFO] PluginManager:220 - loadIPPluginJar : add gic
2025-03-24 16:55:05,238 [INFO] IPUIPlugin:80 - create IPUIPlugin
2025-03-24 16:55:05,238 [INFO] PluginManager:220 - loadIPPluginJar : add gpio
2025-03-24 16:55:05,320 [INFO] IPUIPlugin:80 - create IPUIPlugin
2025-03-24 16:55:05,320 [INFO] PluginManager:220 - loadIPPluginJar : add gtzc
2025-03-24 16:55:05,350 [INFO] IPUIPlugin:80 - create IPUIPlugin
2025-03-24 16:55:05,350 [INFO] PluginManager:220 - loadIPPluginJar : add hash
2025-03-24 16:55:05,395 [INFO] IPUIPlugin:80 - create IPUIPlugin
2025-03-24 16:55:05,396 [INFO] PluginManager:220 - loadIPPluginJar : add i2c
2025-03-24 16:55:05,428 [INFO] IPUIPlugin:80 - create IPUIPlugin
2025-03-24 16:55:05,428 [INFO] PluginManager:220 - loadIPPluginJar : add i2s
2025-03-24 16:55:05,469 [INFO] IPUIPlugin:80 - create IPUIPlugin
2025-03-24 16:55:05,469 [INFO] PluginManager:220 - loadIPPluginJar : add i3c
2025-03-24 16:55:05,560 [INFO] IPUIPlugin:80 - create IPUIPlugin
2025-03-24 16:55:05,560 [INFO] PluginManager:220 - loadIPPluginJar : add ipddr
2025-03-24 16:55:05,641 [INFO] IPUIPlugin:80 - create IPUIPlugin
2025-03-24 16:55:05,643 [INFO] PluginManager:220 - loadIPPluginJar : add linkedlist
2025-03-24 16:55:05,677 [INFO] IPUIPlugin:80 - create IPUIPlugin
2025-03-24 16:55:05,677 [INFO] PluginManager:220 - loadIPPluginJar : add lorawan
2025-03-24 16:55:05,715 [INFO] IPUIPlugin:80 - create IPUIPlugin
2025-03-24 16:55:05,716 [INFO] PluginManager:220 - loadIPPluginJar : add ltdc
2025-03-24 16:55:05,731 [INFO] IPUIPlugin:80 - create IPUIPlugin
2025-03-24 16:55:05,732 [INFO] PluginManager:220 - loadIPPluginJar : add mdma
2025-03-24 16:55:05,747 [INFO] IPUIPlugin:80 - create IPUIPlugin
2025-03-24 16:55:05,747 [INFO] PluginManager:220 - loadIPPluginJar : add nvic
2025-03-24 16:55:05,786 [INFO] IPUIPlugin:80 - create IPUIPlugin
2025-03-24 16:55:05,786 [INFO] PluginManager:220 - loadIPPluginJar : add opamp
2025-03-24 16:55:05,843 [INFO] IPUIPlugin:80 - create IPUIPlugin
2025-03-24 16:55:05,843 [INFO] PluginManager:220 - loadIPPluginJar : add openamp
2025-03-24 16:55:05,886 [INFO] IPUIPlugin:80 - create IPUIPlugin
2025-03-24 16:55:05,886 [INFO] PluginManager:220 - loadIPPluginJar : add pdm2pcm
2025-03-24 16:55:05,904 [INFO] IPUIPlugin:80 - create IPUIPlugin
2025-03-24 16:55:05,906 [INFO] PluginManager:220 - loadIPPluginJar : add plateformsettings
2025-03-24 16:55:05,932 [INFO] IPUIPlugin:80 - create IPUIPlugin
2025-03-24 16:55:05,932 [INFO] PluginManager:220 - loadIPPluginJar : add quadspi
2025-03-24 16:55:05,950 [INFO] IPUIPlugin:80 - create IPUIPlugin
2025-03-24 16:55:05,950 [INFO] PluginManager:220 - loadIPPluginJar : add resmgrutility
2025-03-24 16:55:06,000 [INFO] IPUIPlugin:80 - create IPUIPlugin
2025-03-24 16:55:06,000 [INFO] PluginManager:220 - loadIPPluginJar : add sai
2025-03-24 16:55:06,047 [INFO] IPUIPlugin:80 - create IPUIPlugin
2025-03-24 16:55:06,048 [INFO] PluginManager:220 - loadIPPluginJar : add spi
2025-03-24 16:55:06,119 [INFO] IPUIPlugin:80 - create IPUIPlugin
2025-03-24 16:55:06,119 [INFO] PluginManager:220 - loadIPPluginJar : add stm32_wpan
2025-03-24 16:55:06,156 [INFO] IPUIPlugin:80 - create IPUIPlugin
2025-03-24 16:55:06,156 [INFO] PluginManager:220 - loadIPPluginJar : add tim
2025-03-24 16:55:06,236 [INFO] IPUIPlugin:80 - create IPUIPlugin
2025-03-24 16:55:06,236 [INFO] PluginManager:220 - loadIPPluginJar : add touchsensing
2025-03-24 16:55:06,266 [INFO] IPUIPlugin:80 - create IPUIPlugin
2025-03-24 16:55:06,266 [INFO] PluginManager:220 - loadIPPluginJar : add tracer_emb
2025-03-24 16:55:06,295 [INFO] IPUIPlugin:80 - create IPUIPlugin
2025-03-24 16:55:06,295 [INFO] PluginManager:220 - loadIPPluginJar : add ts
2025-03-24 16:55:06,324 [INFO] IPUIPlugin:80 - create IPUIPlugin
2025-03-24 16:55:06,324 [INFO] PluginManager:220 - loadIPPluginJar : add tsc
2025-03-24 16:55:06,355 [INFO] IPUIPlugin:80 - create IPUIPlugin
2025-03-24 16:55:06,355 [INFO] PluginManager:220 - loadIPPluginJar : add ucpd
2025-03-24 16:55:06,407 [INFO] IPUIPlugin:80 - create IPUIPlugin
2025-03-24 16:55:06,407 [INFO] PluginManager:220 - loadIPPluginJar : add usart
2025-03-24 16:55:06,447 [INFO] IPUIPlugin:80 - create IPUIPlugin
2025-03-24 16:55:06,447 [INFO] PluginManager:220 - loadIPPluginJar : add usbx
2025-03-24 16:55:06,559 [INFO] CADModel:165 - CPN selected for project level
2025-03-24 16:55:06,560 [INFO] CADModel:114 - Register for checkConnection events
2025-03-24 16:55:06,560 [FATAL] Updater:308 - Updater called before beeing initialized
2025-03-24 16:55:06,560 [ERROR] CADModel:125 - Updater not yet initialized, retry later 
2025-03-24 16:55:06,722 [INFO] CADModel:165 - CPN selected for project level
2025-03-24 16:55:06,722 [INFO] CADModel:114 - Register for checkConnection events
2025-03-24 16:55:06,722 [FATAL] Updater:308 - Updater called before beeing initialized
2025-03-24 16:55:06,722 [ERROR] CADModel:125 - Updater not yet initialized, retry later 
2025-03-24 16:55:06,725 [FATAL] Updater:308 - Updater called before beeing initialized
2025-03-24 16:55:06,808 [FATAL] Updater:308 - Updater called before beeing initialized
2025-03-24 16:55:06,821 [INFO] DbMcusAds:53 - JSON generation date=Thu Mar 06 21:54:21 ICT 2025 (1741272861825)
2025-03-24 16:55:06,821 [FATAL] Updater:308 - Updater called before beeing initialized
2025-03-24 16:55:06,905 [WARN] DetailPanel:346 - Failed to get advertising image, set to default
2025-03-24 16:55:06,985 [FATAL] Updater:308 - Updater called before beeing initialized
2025-03-24 16:55:06,987 [FATAL] Updater:308 - Updater called before beeing initialized
2025-03-24 16:55:06,987 [FATAL] Updater:308 - Updater called before beeing initialized
2025-03-24 16:55:06,987 [WARN] DetailPanel:346 - Failed to get advertising image, set to default
2025-03-24 16:55:06,987 [FATAL] Updater:308 - Updater called before beeing initialized
2025-03-24 16:55:07,035 [ERROR] Updater:1120 - MainUpdater not yet initialized. External WinMGr cannot be set.
2025-03-24 16:55:07,045 [INFO] Updater:1056 - Updater Version found : 6.9.0
2025-03-24 16:55:07,063 [INFO] ApplicationProperties:184 - Using Application install path: D:\ST\STM32CubeIDE_1.13.0\STM32CubeIDE\plugins\com.st.stm32cube.common.mx_6.9.0.202307051724
2025-03-24 16:55:07,172 [INFO] ThirdPartyUpdaterWithRetryManager:70 - Updater plugin not ready yet. [2/15]
2025-03-24 16:55:07,224 [INFO] MainUpdater:2868 - connection check result : 10
2025-03-24 16:55:07,224 [INFO] MainUpdater:285 - Updater Check For Update Now.
2025-03-24 16:55:07,224 [INFO] MicroXplorer:498 - Change Database Version : DB.6.0.90
2025-03-24 16:55:07,240 [INFO] McuFinderGlobals:63 - Set McuFinder mode to 2 (CubeIDE integrated)
2025-03-24 16:55:07,422 [INFO] CheckServerUpdateThread:120 - End of CheckServer Thread
2025-03-24 16:55:10,363 [WARN] PackLoader:240 - Cannot read IP mode file for STMicroelectronics.FP-SNS-MOTENVWB1.1.4.0
2025-03-24 16:55:10,377 [WARN] PackLoader:240 - Cannot read IP mode file for STMicroelectronics.FP-ATR-ASTRA1.2.0.2
2025-03-24 16:55:10,388 [WARN] PackLoader:240 - Cannot read IP mode file for STMicroelectronics.FP-ATR-ASTRA1.2.0.1
2025-03-24 16:55:10,404 [WARN] PackLoader:240 - Cannot read IP mode file for STMicroelectronics.X-CUBE-SMBUS.2.1.0
2025-03-24 16:55:10,419 [WARN] PackLoader:240 - Cannot read IP mode file for STMicroelectronics.X-CUBE-WB05N.1.1.0
2025-03-24 16:55:10,457 [WARN] PackLoader:240 - Cannot read IP mode file for STMicroelectronics.X-CUBE-AZRTOS-F7.1.1.0
2025-03-24 16:55:10,477 [WARN] PackLoader:240 - Cannot read IP mode file for STMicroelectronics.FP-SNS-MOTENV1.4.3.2
2025-03-24 16:55:10,492 [WARN] PackLoader:240 - Cannot read IP mode file for STMicroelectronics.FP-SNS-FLIGHT1.5.0.1
2025-03-24 16:55:10,508 [WARN] PackLoader:240 - Cannot read IP mode file for STMicroelectronics.X-CUBE-BLE1.6.2.4
2025-03-24 16:55:10,522 [WARN] PackLoader:240 - Cannot read IP mode file for STMicroelectronics.FP-SNS-FLIGHT1.5.0.2
2025-03-24 16:55:10,540 [ERROR] Engine:466 - C:\Users\Admin\.stm32cubemx\thirdparties\pdsc\Infineon.AIROC-Wi-Fi-Bluetooth-STM32.1.7.0.pdsc: PDSC version is not supported
2025-03-24 16:55:10,567 [WARN] PackLoader:240 - Cannot read IP mode file for STMicroelectronics.X-CUBE-DISPLAY.3.0.0
2025-03-24 16:55:10,586 [WARN] PackLoader:240 - Cannot read IP mode file for STMicroelectronics.X-CUBE-BLE1.7.0.0
2025-03-24 16:55:10,601 [WARN] PackLoader:240 - Cannot read IP mode file for STMicroelectronics.X-CUBE-NFC10.1.0.0
2025-03-24 16:55:10,617 [ERROR] Engine:466 - C:\Users\Admin\.stm32cubemx\thirdparties\pdsc\STMicroelectronics.X-CUBE-BLEMGR.4.0.0.pdsc: PDSC version is not supported
2025-03-24 16:55:10,631 [WARN] PackLoader:240 - Cannot read IP mode file for emotas.I-CUBE-CANOPEN.1.3.0
2025-03-24 16:55:10,647 [WARN] PackLoader:240 - Cannot read IP mode file for STMicroelectronics.X-CUBE-TOUCHGFX.4.22.0
2025-03-24 16:55:10,661 [WARN] PackLoader:240 - Cannot read IP mode file for STMicroelectronics.X-CUBE-AI.10.0.0
2025-03-24 16:55:10,676 [WARN] PackLoader:240 - Cannot read IP mode file for STMicroelectronics.FP-SNS-SMARTAG2.1.2.0
2025-03-24 16:55:10,687 [ERROR] Engine:466 - C:\Users\Admin\.stm32cubemx\thirdparties\pdsc\STMicroelectronics.FP-SNS-FLIGHT1.5.1.0.pdsc: PDSC version is not supported
2025-03-24 16:55:10,736 [WARN] PackLoader:240 - Cannot read IP mode file for STMicroelectronics.X-CUBE-MEMS1.11.1.0
2025-03-24 16:55:10,860 [INFO] LogOutputStream:77 - [STDOUT_REDIRECT] 1 : Invalid condition id : UX_CORESTACK_Condition cause : null
2025-03-24 16:55:10,860 [INFO] LogOutputStream:77 - [STDOUT_REDIRECT] 1 : Invalid condition id : UX_CORESTACK_Condition cause : null
2025-03-24 16:55:10,861 [INFO] LogOutputStream:77 - [STDOUT_REDIRECT] 1 : Invalid condition id : UX_CORESTACK_Condition cause : null
2025-03-24 16:55:10,861 [INFO] LogOutputStream:77 - [STDOUT_REDIRECT] 1 : Invalid condition id : UX_CORESTACK_Condition cause : null
2025-03-24 16:55:10,862 [INFO] LogOutputStream:77 - [STDOUT_REDIRECT] 1 : Invalid condition id : UX_CORESTACK_Condition cause : null
2025-03-24 16:55:10,864 [WARN] PackLoader:240 - Cannot read IP mode file for STMicroelectronics.X-CUBE-AZRTOS-WL.2.0.0
2025-03-24 16:55:10,877 [WARN] PackLoader:240 - Cannot read IP mode file for STMicroelectronics.FP-SNS-MOTENV1.5.0.0
2025-03-24 16:55:10,892 [WARN] PackLoader:240 - Cannot read IP mode file for wolfSSL.I-CUBE-wolfMQTT.1.19.0
2025-03-24 16:55:10,907 [WARN] PackLoader:240 - Cannot read IP mode file for WES.I-CUBE-Cesium.1.3.0
2025-03-24 16:55:10,920 [WARN] PackLoader:240 - Cannot read IP mode file for STMicroelectronics.X-CUBE-BLE2.3.3.0
2025-03-24 16:55:10,935 [WARN] PackLoader:240 - Cannot read IP mode file for STMicroelectronics.X-CUBE-NFC9.1.0.0
2025-03-24 16:55:10,950 [WARN] PackLoader:240 - Cannot read IP mode file for STMicroelectronics.X-CUBE-BLE1.7.1.0
2025-03-24 16:55:10,965 [WARN] PackLoader:240 - Cannot read IP mode file for STMicroelectronics.X-CUBE-ALGOBUILD.1.3.0
2025-03-24 16:55:10,988 [WARN] PackLoader:240 - Cannot read IP mode file for STMicroelectronics.X-CUBE-AZRTOS-G0.1.1.0
2025-03-24 16:55:11,003 [WARN] PackLoader:240 - Cannot read IP mode file for STMicroelectronics.X-CUBE-SAFEA1.1.2.2
2025-03-24 16:55:11,017 [WARN] PackLoader:240 - Cannot read IP mode file for STMicroelectronics.X-CUBE-NFC4.3.0.0
2025-03-24 16:55:11,029 [ERROR] Engine:466 - C:\Users\Admin\.stm32cubemx\thirdparties\pdsc\EmbeddedOffice.I-CUBE-FS-RTOS.1.0.1.pdsc: PDSC version is not supported
2025-03-24 16:55:11,040 [ERROR] Engine:466 - C:\Users\Admin\.stm32cubemx\thirdparties\pdsc\STMicroelectronics.X-CUBE-TCPP.4.2.0.pdsc: PDSC version is not supported
2025-03-24 16:55:11,052 [ERROR] Engine:466 - C:\Users\Admin\.stm32cubemx\thirdparties\pdsc\RealThread.X-CUBE-RT-Thread_Nano.4.1.1.pdsc: PDSC version is not supported
2025-03-24 16:55:11,064 [WARN] PackLoader:240 - Cannot read IP mode file for STMicroelectronics.FP-ATR-SIGFOX1.3.2.0
2025-03-24 16:55:11,074 [ERROR] Engine:466 - C:\Users\Admin\.stm32cubemx\thirdparties\pdsc\quantropi.X-CUBE-qispace-sdk-base.1.9.3.pdsc: PDSC version is not supported
2025-03-24 16:55:11,088 [WARN] PackLoader:240 - Cannot read IP mode file for STMicroelectronics.X-CUBE-EEPRMA1.5.1.0
2025-03-24 16:55:11,103 [WARN] PackLoader:240 - Cannot read IP mode file for ITTIA_DB.I-CUBE-ITTIADB.8.9.0
2025-03-24 16:55:11,129 [WARN] PackLoader:240 - Cannot read IP mode file for SEGGER.I-CUBE-embOS.1.3.1
2025-03-24 16:55:11,175 [WARN] PackLoader:240 - Cannot read IP mode file for STMicroelectronics.X-CUBE-ALGOBUILD.1.4.0
2025-03-24 16:55:11,195 [WARN] PackLoader:240 - Cannot read IP mode file for STMicroelectronics.X-CUBE-GNSS1.6.0.0
2025-03-24 16:55:11,226 [WARN] PackLoader:240 - Cannot read IP mode file for STMicroelectronics.X-CUBE-AZRTOS-F4.1.1.0
2025-03-24 16:55:11,239 [WARN] PackLoader:240 - Cannot read IP mode file for wolfSSL.I-CUBE-wolfSSL.5.6.3
2025-03-24 16:55:11,252 [WARN] PackLoader:240 - Cannot read IP mode file for STMicroelectronics.X-CUBE-ISPU.2.1.0
2025-03-24 16:55:11,279 [WARN] PackLoader:240 - Cannot read IP mode file for STMicroelectronics.X-CUBE-AZRTOS-L5.2.0.0
2025-03-24 16:55:11,317 [WARN] PackLoader:240 - Cannot read IP mode file for STMicroelectronics.X-CUBE-MEMS1.9.6.0
2025-03-24 16:55:11,427 [WARN] PackLoader:240 - Cannot read IP mode file for STMicroelectronics.X-CUBE-NFC6.3.1.0
2025-03-24 16:55:11,443 [WARN] PackLoader:240 - Cannot read IP mode file for STMicroelectronics.X-CUBE-BLEMGR.2.0.0
2025-03-24 16:55:11,459 [ERROR] Engine:466 - C:\Users\Admin\.stm32cubemx\thirdparties\pdsc\STMicroelectronics.X-CUBE-DPower.1.2.0.pdsc: PDSC version is not supported
2025-03-24 16:55:11,483 [WARN] ConditionMgr:438 - getConditionDescription Invalid condition id : UX DEVICE CLASS RTOS Condition cause : null
2025-03-24 16:55:11,483 [WARN] ConditionMgr:438 - getConditionDescription Invalid condition id : UX DEVICE CLASS RTOS Condition cause : null
2025-03-24 16:55:11,484 [WARN] PackLoader:240 - Cannot read IP mode file for STMicroelectronics.X-CUBE-AZRTOS-H7.3.1.0
2025-03-24 16:55:11,485 [WARN] ConditionMgr:1039 - genDependencies : Invalid condition id : UX DEVICE CLASS RTOS Condition cause : null
2025-03-24 16:55:11,485 [WARN] ConditionMgr:1039 - genDependencies : Invalid condition id : UX DEVICE CLASS RTOS Condition cause : null
2025-03-24 16:55:11,485 [WARN] ConditionMgr:1039 - genDependencies : Invalid condition id : UX DEVICE CLASS RTOS Condition cause : null
2025-03-24 16:55:11,485 [WARN] ConditionMgr:1039 - genDependencies : Invalid condition id : UX DEVICE CLASS RTOS Condition cause : null
2025-03-24 16:55:11,486 [WARN] ConditionMgr:1039 - genDependencies : Invalid condition id : UX DEVICE CLASS RTOS Condition cause : null
2025-03-24 16:55:11,499 [WARN] PackLoader:240 - Cannot read IP mode file for STMicroelectronics.X-CUBE-FREERTOS.1.3.0
2025-03-24 16:55:11,512 [WARN] PackLoader:240 - Cannot read IP mode file for STMicroelectronics.X-CUBE-NFC7.1.0.1
2025-03-24 16:55:11,525 [WARN] PackLoader:240 - Cannot read IP mode file for STMicroelectronics.X-CUBE-EEPRMA1.4.1.0
2025-03-24 16:55:11,537 [WARN] PackLoader:240 - Cannot read IP mode file for STMicroelectronics.X-CUBE-AI.8.1.0
2025-03-24 16:55:11,571 [WARN] ConditionMgr:438 - getConditionDescription Invalid condition id : LAN8742 Phy interface Condition cause : null
2025-03-24 16:55:11,572 [WARN] PackLoader:240 - Cannot read IP mode file for STMicroelectronics.X-CUBE-AZRTOS-L4.2.0.0
2025-03-24 16:55:11,573 [WARN] ConditionMgr:1039 - genDependencies : Invalid condition id : LAN8742 Phy interface Condition cause : null
2025-03-24 16:55:11,573 [WARN] ConditionMgr:1039 - genDependencies : Invalid condition id : LAN8742 Phy interface Condition cause : null
2025-03-24 16:55:11,573 [WARN] ConditionMgr:1039 - genDependencies : Invalid condition id : LAN8742 Phy interface Condition cause : null
2025-03-24 16:55:11,591 [WARN] PackLoader:240 - Cannot read IP mode file for STMicroelectronics.X-CUBE-SFXS2LP1.4.0.0
2025-03-24 16:55:11,607 [WARN] PackLoader:240 - Cannot read IP mode file for STMicroelectronics.X-CUBE-ISPU.1.1.0
2025-03-24 16:55:11,640 [WARN] PackLoader:240 - Cannot read IP mode file for STMicroelectronics.X-CUBE-AZRTOS-H7.3.3.0
2025-03-24 16:55:11,665 [WARN] ConditionMgr:438 - getConditionDescription Invalid condition id : UX DEVICE CLASS RTOS Condition cause : null
2025-03-24 16:55:11,665 [WARN] ConditionMgr:438 - getConditionDescription Invalid condition id : UX DEVICE CLASS RTOS Condition cause : null
2025-03-24 16:55:11,666 [WARN] PackLoader:240 - Cannot read IP mode file for STMicroelectronics.X-CUBE-AZRTOS-WB.2.0.0
2025-03-24 16:55:11,667 [WARN] ConditionMgr:1039 - genDependencies : Invalid condition id : UX DEVICE CLASS RTOS Condition cause : null
2025-03-24 16:55:11,667 [WARN] ConditionMgr:1039 - genDependencies : Invalid condition id : UX DEVICE CLASS RTOS Condition cause : null
2025-03-24 16:55:11,667 [WARN] ConditionMgr:1039 - genDependencies : Invalid condition id : UX DEVICE CLASS RTOS Condition cause : null
2025-03-24 16:55:11,667 [WARN] ConditionMgr:1039 - genDependencies : Invalid condition id : UX DEVICE CLASS RTOS Condition cause : null
2025-03-24 16:55:11,667 [WARN] ConditionMgr:1039 - genDependencies : Invalid condition id : UX DEVICE CLASS RTOS Condition cause : null
2025-03-24 16:55:11,680 [WARN] PackLoader:240 - Cannot read IP mode file for STMicroelectronics.X-CUBE-FREERTOS.1.0.1
2025-03-24 16:55:11,692 [WARN] PackLoader:240 - Cannot read IP mode file for STMicroelectronics.X-CUBE-GNSS1.7.0.1
2025-03-24 16:55:11,706 [WARN] PackLoader:240 - Cannot read IP mode file for STMicroelectronics.X-CUBE-TOUCHGFX.4.25.0
2025-03-24 16:55:11,717 [ERROR] Engine:466 - C:\Users\Admin\.stm32cubemx\thirdparties\pdsc\STMicroelectronics.FP-SNS-STBOX1.2.0.0.pdsc: PDSC version is not supported
2025-03-24 16:55:11,741 [WARN] PackLoader:240 - Cannot read IP mode file for STMicroelectronics.X-CUBE-AZRTOS-L5.1.1.0
2025-03-24 16:55:11,756 [WARN] PackLoader:240 - Cannot read IP mode file for STMicroelectronics.X-CUBE-AI.8.0.1
2025-03-24 16:55:11,773 [WARN] PackLoader:240 - Cannot read IP mode file for STMicroelectronics.X-CUBE-SUBG2.5.0.0
2025-03-24 16:55:11,803 [WARN] PackLoader:240 - Cannot read IP mode file for STMicroelectronics.X-CUBE-AZRTOS-H7RS.1.1.0
2025-03-24 16:55:11,817 [WARN] PackLoader:240 - Cannot read IP mode file for Cesanta.I-CUBE-Mongoose.7.13.0
2025-03-24 16:55:11,836 [WARN] PackLoader:240 - Cannot read IP mode file for STMicroelectronics.X-CUBE-TOF1.3.3.1
2025-03-24 16:55:11,866 [WARN] PackLoader:240 - Cannot read IP mode file for STMicroelectronics.X-CUBE-AZRTOS-G4.2.0.0
2025-03-24 16:55:11,882 [ERROR] Engine:466 - C:\Users\Admin\.stm32cubemx\thirdparties\pdsc\STMicroelectronics.X-CUBE-IPS.3.1.0.pdsc: PDSC version is not supported
2025-03-24 16:55:11,896 [WARN] PackLoader:240 - Cannot read IP mode file for STMicroelectronics.X-CUBE-ALS.1.0.2
2025-03-24 16:55:11,908 [WARN] PackLoader:240 - Cannot read IP mode file for STMicroelectronics.X-CUBE-TOUCHGFX.4.24.2
2025-03-24 16:55:11,921 [WARN] PackLoader:240 - Cannot read IP mode file for wolfSSL.I-CUBE-wolfTPM.3.4.0
2025-03-24 16:55:11,934 [WARN] PackLoader:240 - Cannot read IP mode file for portGmbH.I-Cube-SoM-uGOAL.1.1.0
2025-03-24 16:55:11,946 [WARN] PackLoader:240 - Cannot read IP mode file for STMicroelectronics.X-CUBE-ALS.1.0.1
2025-03-24 16:55:11,968 [WARN] PackLoader:240 - Cannot read IP mode file for STMicroelectronics.X-CUBE-AZRTOS-WB.1.1.0
2025-03-24 16:55:11,994 [WARN] PackLoader:240 - Cannot read IP mode file for STMicroelectronics.X-CUBE-AZRTOS-H7RS.1.0.0
2025-03-24 16:55:12,008 [WARN] PackLoader:240 - Cannot read IP mode file for STMicroelectronics.FP-ATR-ASTRA1.2.0.0
2025-03-24 16:55:12,023 [ERROR] Engine:466 - C:\Users\Admin\.stm32cubemx\thirdparties\pdsc\STMicroelectronics.X-CUBE-TOF1.3.4.2.pdsc: PDSC version is not supported
2025-03-24 16:55:12,035 [WARN] PackLoader:240 - Cannot read IP mode file for wolfSSL.I-CUBE-wolfSSH.1.4.17
2025-03-24 16:55:12,035 [INFO] ThirdParty:978 - Integrity check success = true
2025-03-24 16:55:12,035 [INFO] IntegrityCheckThread:100 - exiting critical section [integrity check]
2025-03-24 16:55:12,035 [INFO] IntegrityCheckThread:103 - End integrity checks thread
2025-03-24 16:55:28,284 [ERROR] LogOutputStream:75 - [STDERR_REDIRECT] SLF4J: Failed to load class "org.slf4j.impl.StaticLoggerBinder".
2025-03-24 16:55:28,285 [ERROR] LogOutputStream:75 - [STDERR_REDIRECT] SLF4J: Defaulting to no-operation (NOP) logger implementation
2025-03-24 16:55:28,286 [ERROR] LogOutputStream:75 - [STDERR_REDIRECT] SLF4J: See http://www.slf4j.org/codes.html#StaticLoggerBinder for further details.
2025-03-24 17:01:26,944 [INFO] Activator:176 - 


2025-03-24 17:01:26,946 [INFO] Activator:177 - !SESSION log4j initialized
2025-03-24 17:01:31,081 [INFO] LogOutputStream:77 - [STDOUT_REDIRECT] 
2025-03-24 17:01:31,654 [INFO] ApplicationProperties:184 - Using Application install path: D:\ST\STM32CubeIDE_1.13.0\STM32CubeIDE\plugins\com.st.stm32cube.common.mx_6.9.0.202307051724
2025-03-24 17:01:31,670 [INFO] DbMcusXml:78 - Set database path to: D:\ST\STM32CubeIDE_1.13.0\STM32CubeIDE\plugins\com.st.stm32cube.common.mx_6.9.0.202307051724\\db\/mcu/
2025-03-24 17:01:31,671 [INFO] ApiDb:274 - Set plugin database path to: D:\ST\STM32CubeIDE_1.13.0\STM32CubeIDE\plugins\com.st.stm32cube.common.mx_6.9.0.202307051724\\db\/plugins/boardmanager/
2025-03-24 17:01:31,671 [WARN] ApiDb:259 - Overriding images path with different value:  => D:\ST\STM32CubeIDE_1.13.0\STM32CubeIDE\plugins\com.st.stm32cube.common.mx_6.9.0.202307051724\\db\/plugins/mcufinder/images/
2025-03-24 17:01:31,683 [INFO] ApiDb:250 - Set database path to: C:\Users\Admin\.stmcufinder\plugins\mcufinder//mcu/
2025-03-24 17:01:31,684 [INFO] DbMcusAds:125 - Set database path to: C:\Users\Admin\.stmcufinder\plugins\mcufinder//mcu/
2025-03-24 17:01:31,687 [INFO] CrossReferenceDbSqlite:203 - Set database path to: C:\Users\Admin\.stmcufinder\plugins\mcufinder//mcu/cs/
2025-03-24 17:01:31,794 [INFO] RulesReader:64 - Compatibility file has been processed (293 Rules)
2025-03-24 17:01:31,865 [INFO] DbMcusXml:78 - Set database path to: D:\ST\STM32CubeIDE_1.13.0\STM32CubeIDE\plugins\com.st.stm32cube.common.mx_6.9.0.202307051724\\db\/mcu/
2025-03-24 17:01:31,865 [INFO] ApiDb:274 - Set plugin database path to: D:\ST\STM32CubeIDE_1.13.0\STM32CubeIDE\plugins\com.st.stm32cube.common.mx_6.9.0.202307051724\\db\/plugins/boardmanager/
2025-03-24 17:01:31,865 [INFO] ApiDb:261 - Set plugin images path to: D:\ST\STM32CubeIDE_1.13.0\STM32CubeIDE\plugins\com.st.stm32cube.common.mx_6.9.0.202307051724\\db\/plugins/mcufinder/images/
2025-03-24 17:01:31,866 [WARN] DbFile:41 - Overriding database path with different value: C:\Users\Admin\.stmcufinder\plugins\mcufinder/ => C:\Users\Admin\.stmcufinder\plugins\mcufinder
2025-03-24 17:01:31,866 [INFO] ApiDb:250 - Set database path to: C:\Users\Admin\.stmcufinder\plugins\mcufinder//mcu/
2025-03-24 17:01:31,866 [WARN] DbFile:41 - Overriding database path with different value: C:\Users\Admin\.stmcufinder\plugins\mcufinder/ => C:\Users\Admin\.stmcufinder\plugins\mcufinder
2025-03-24 17:01:31,866 [INFO] DbMcusAds:125 - Set database path to: C:\Users\Admin\.stmcufinder\plugins\mcufinder//mcu/
2025-03-24 17:01:31,866 [WARN] DbFile:41 - Overriding database path with different value: C:\Users\Admin\.stmcufinder\plugins\mcufinder/ => C:\Users\Admin\.stmcufinder\plugins\mcufinder
2025-03-24 17:01:31,866 [WARN] DbFile:41 - Overriding database path with different value: C:\Users\Admin\.stmcufinder\plugins\mcufinder/ => C:\Users\Admin\.stmcufinder\plugins\mcufinder
2025-03-24 17:01:31,866 [INFO] CrossReferenceDbSqlite:203 - Set database path to: C:\Users\Admin\.stmcufinder\plugins\mcufinder//mcu/cs/
2025-03-24 17:01:31,927 [INFO] MainPanel:262 - HeapMemory: 268435456
2025-03-24 17:01:31,982 [INFO] DbMcusXml:78 - Set database path to: D:\ST\STM32CubeIDE_1.13.0\STM32CubeIDE\plugins\com.st.stm32cube.common.mx_6.9.0.202307051724\\db\/mcu/
2025-03-24 17:01:31,983 [INFO] ApiDb:274 - Set plugin database path to: D:\ST\STM32CubeIDE_1.13.0\STM32CubeIDE\plugins\com.st.stm32cube.common.mx_6.9.0.202307051724\\db\/plugins/boardmanager/
2025-03-24 17:01:31,983 [INFO] ApiDb:261 - Set plugin images path to: D:\ST\STM32CubeIDE_1.13.0\STM32CubeIDE\plugins\com.st.stm32cube.common.mx_6.9.0.202307051724\\db\/plugins/mcufinder/images/
2025-03-24 17:01:31,983 [WARN] DbFile:41 - Overriding database path with different value: C:\Users\Admin\.stmcufinder\plugins\mcufinder/ => C:\Users\Admin\.stmcufinder\plugins\mcufinder
2025-03-24 17:01:31,983 [INFO] ApiDb:250 - Set database path to: C:\Users\Admin\.stmcufinder\plugins\mcufinder//mcu/
2025-03-24 17:01:31,983 [WARN] DbFile:41 - Overriding database path with different value: C:\Users\Admin\.stmcufinder\plugins\mcufinder/ => C:\Users\Admin\.stmcufinder\plugins\mcufinder
2025-03-24 17:01:31,983 [INFO] DbMcusAds:125 - Set database path to: C:\Users\Admin\.stmcufinder\plugins\mcufinder//mcu/
2025-03-24 17:01:31,983 [WARN] DbFile:41 - Overriding database path with different value: C:\Users\Admin\.stmcufinder\plugins\mcufinder/ => C:\Users\Admin\.stmcufinder\plugins\mcufinder
2025-03-24 17:01:31,983 [WARN] DbFile:41 - Overriding database path with different value: C:\Users\Admin\.stmcufinder\plugins\mcufinder/ => C:\Users\Admin\.stmcufinder\plugins\mcufinder
2025-03-24 17:01:31,983 [INFO] CrossReferenceDbSqlite:203 - Set database path to: C:\Users\Admin\.stmcufinder\plugins\mcufinder//mcu/cs/
2025-03-24 17:01:31,998 [INFO] ApplicationProperties:184 - Using Application install path: D:\ST\STM32CubeIDE_1.13.0\STM32CubeIDE\plugins\com.st.stm32cube.common.mx_6.9.0.202307051724
2025-03-24 17:01:31,999 [INFO] PluginManage:196 - Search for loadable plugins [exclusion list=, ]
2025-03-24 17:01:32,000 [INFO] PluginManage:310 - Check plugin analytics
2025-03-24 17:01:32,119 [INFO] AnalyticsPlugin:253 - Accepted Software Licenses: 
2025-03-24 17:01:32,119 [INFO] AnalyticsPlugin:255 - Accepted CMSIS Pack Licenses: 
2025-03-24 17:01:32,119 [INFO] AnalyticsPlugin:257 - Accepted Firmware Licenses: FW.F4.1.27.0
2025-03-24 17:01:32,121 [INFO] PluginManage:359 - Loaded plugin analytics (category:tool,tabindex:-1)
2025-03-24 17:01:32,122 [INFO] PluginManage:310 - Check plugin cadmodel
2025-03-24 17:01:32,124 [INFO] CADModel:105 - Init CAD model plugin
2025-03-24 17:01:32,124 [INFO] PluginManage:359 - Loaded plugin cadmodel (category:power,tabindex:5)
2025-03-24 17:01:32,124 [INFO] PluginManage:310 - Check plugin clock
2025-03-24 17:01:32,132 [INFO] PluginManage:359 - Loaded plugin clock (category:base,tabindex:2)
2025-03-24 17:01:32,132 [INFO] PluginManage:310 - Check plugin ddr
2025-03-24 17:01:32,135 [INFO] PluginManage:359 - Loaded plugin ddr (category:tool,tabindex:6)
2025-03-24 17:01:32,135 [INFO] PluginManage:310 - Check plugin filemanager
2025-03-24 17:01:32,228 [INFO] PluginManage:359 - Loaded plugin filemanager (category:base,tabindex:10)
2025-03-24 17:01:32,228 [INFO] PluginManage:310 - Check plugin ipmanager
2025-03-24 17:01:32,235 [INFO] PluginManage:359 - Loaded plugin ipmanager (category:base,tabindex:5)
2025-03-24 17:01:32,235 [INFO] PluginManage:310 - Check plugin lpbam
2025-03-24 17:01:32,243 [INFO] PluginManage:359 - Loaded plugin lpbam (category:base,tabindex:0)
2025-03-24 17:01:32,243 [INFO] PluginManage:310 - Check plugin memorymap
2025-03-24 17:01:32,254 [INFO] PluginManage:359 - Loaded plugin memorymap (category:base,tabindex:4)
2025-03-24 17:01:32,254 [INFO] PluginManage:310 - Check plugin pinoutandconfiguration
2025-03-24 17:01:32,260 [INFO] PluginManage:359 - Loaded plugin pinoutandconfiguration (category:base,tabindex:1)
2025-03-24 17:01:32,261 [INFO] PluginManage:310 - Check plugin pinoutconfig
2025-03-24 17:01:32,329 [WARN] SupportedApi:132 - Cannot load RTOS API schema: s4s-elt-must-match.1: The content of 'definitions' must match (annotation?, (simpleType | complexType)?, (unique | key | keyref)*)). A problem was found starting at: attribute.
2025-03-24 17:01:32,422 [INFO] PluginManage:359 - Loaded plugin pinoutconfig (category:base,tabindex:0)
2025-03-24 17:01:32,422 [INFO] PluginManage:310 - Check plugin power
2025-03-24 17:01:32,428 [INFO] PluginManage:359 - Loaded plugin power (category:power,tabindex:4)
2025-03-24 17:01:32,428 [INFO] PluginManage:310 - Check plugin projectmanager
2025-03-24 17:01:32,438 [INFO] PluginManage:359 - Loaded plugin projectmanager (category:projectmanager,tabindex:3)
2025-03-24 17:01:32,438 [INFO] PluginManage:310 - Check plugin thirdparty
2025-03-24 17:01:32,513 [INFO] PluginManage:359 - Loaded plugin thirdparty (category:base,tabindex:-1)
2025-03-24 17:01:32,513 [WARN] IntegrityCheckThread:84 - waiting for thirdparty lock release [integrity check]
2025-03-24 17:01:32,514 [INFO] PluginManage:310 - Check plugin tools
2025-03-24 17:01:32,514 [INFO] IntegrityCheckThread:86 - entering critical section [integrity check]
2025-03-24 17:01:32,514 [INFO] ThirdPartyUpdaterWithRetryManager:70 - Updater plugin not ready yet. [1/15]
2025-03-24 17:01:32,515 [INFO] PluginManage:359 - Loaded plugin tools (category:base,tabindex:7)
2025-03-24 17:01:32,515 [INFO] PluginManage:310 - Check plugin tutovideos
2025-03-24 17:01:32,645 [INFO] PluginManage:359 - Loaded plugin tutovideos (category:base,tabindex:-1)
2025-03-24 17:01:32,646 [INFO] PluginManage:310 - Check plugin updater
2025-03-24 17:01:32,653 [INFO] PluginManage:359 - Loaded plugin updater (category:base,tabindex:12)
2025-03-24 17:01:32,653 [INFO] PluginManage:310 - Check plugin userauth
2025-03-24 17:01:32,657 [INFO] UserAuth:113 - Init User Auth plugin
2025-03-24 17:01:32,657 [INFO] PluginManage:359 - Loaded plugin userauth (category:base,tabindex:14)
2025-03-24 17:01:32,657 [INFO] PluginManage:283 - PluginManage : Loaded plugins [17]
2025-03-24 17:01:32,811 [INFO] PinOutPanel:1499 - setPackage(No Configuration,No Configuration)
2025-03-24 17:01:32,898 [INFO] CADModel:165 - CPN selected for project level
2025-03-24 17:01:32,898 [INFO] CADModel:114 - Register for checkConnection events
2025-03-24 17:01:32,909 [INFO] IPUIPlugin:80 - create IPUIPlugin
2025-03-24 17:01:32,910 [INFO] PluginManager:220 - loadIPPluginJar : add adc
2025-03-24 17:01:32,911 [INFO] IPUIPlugin:80 - create IPUIPlugin
2025-03-24 17:01:32,911 [INFO] PluginManager:220 - loadIPPluginJar : add aes
2025-03-24 17:01:32,913 [INFO] IPUIPlugin:80 - create IPUIPlugin
2025-03-24 17:01:32,913 [INFO] PluginManager:220 - loadIPPluginJar : add can
2025-03-24 17:01:32,915 [INFO] IPUIPlugin:80 - create IPUIPlugin
2025-03-24 17:01:32,915 [INFO] PluginManager:220 - loadIPPluginJar : add comp
2025-03-24 17:01:32,916 [INFO] IPUIPlugin:80 - create IPUIPlugin
2025-03-24 17:01:32,917 [INFO] PluginManager:220 - loadIPPluginJar : add cryp
2025-03-24 17:01:32,918 [INFO] IPUIPlugin:80 - create IPUIPlugin
2025-03-24 17:01:32,918 [INFO] PluginManager:220 - loadIPPluginJar : add dfsdm
2025-03-24 17:01:32,922 [INFO] IPUIPlugin:80 - create IPUIPlugin
2025-03-24 17:01:32,923 [INFO] PluginManager:220 - loadIPPluginJar : add dma
2025-03-24 17:01:32,924 [INFO] IPUIPlugin:80 - create IPUIPlugin
2025-03-24 17:01:32,924 [INFO] PluginManager:220 - loadIPPluginJar : add dma3
2025-03-24 17:01:32,925 [INFO] IPUIPlugin:80 - create IPUIPlugin
2025-03-24 17:01:32,925 [INFO] PluginManager:220 - loadIPPluginJar : add fatfs
2025-03-24 17:01:32,927 [INFO] IPUIPlugin:80 - create IPUIPlugin
2025-03-24 17:01:32,928 [INFO] PluginManager:220 - loadIPPluginJar : add fmc
2025-03-24 17:01:32,931 [INFO] IPUIPlugin:80 - create IPUIPlugin
2025-03-24 17:01:32,931 [INFO] PluginManager:220 - loadIPPluginJar : add freertos
2025-03-24 17:01:32,932 [INFO] IPUIPlugin:80 - create IPUIPlugin
2025-03-24 17:01:32,932 [INFO] PluginManager:220 - loadIPPluginJar : add genericplugin
2025-03-24 17:01:32,933 [INFO] IPUIPlugin:80 - create IPUIPlugin
2025-03-24 17:01:32,933 [INFO] PluginManager:220 - loadIPPluginJar : add gfxmmu
2025-03-24 17:01:32,936 [INFO] IPUIPlugin:80 - create IPUIPlugin
2025-03-24 17:01:32,936 [INFO] PluginManager:220 - loadIPPluginJar : add gic
2025-03-24 17:01:32,938 [INFO] IPUIPlugin:80 - create IPUIPlugin
2025-03-24 17:01:32,938 [INFO] PluginManager:220 - loadIPPluginJar : add gpio
2025-03-24 17:01:32,939 [INFO] IPUIPlugin:80 - create IPUIPlugin
2025-03-24 17:01:32,939 [INFO] PluginManager:220 - loadIPPluginJar : add gtzc
2025-03-24 17:01:32,941 [INFO] IPUIPlugin:80 - create IPUIPlugin
2025-03-24 17:01:32,941 [INFO] PluginManager:220 - loadIPPluginJar : add hash
2025-03-24 17:01:32,942 [INFO] IPUIPlugin:80 - create IPUIPlugin
2025-03-24 17:01:32,942 [INFO] PluginManager:220 - loadIPPluginJar : add i2c
2025-03-24 17:01:32,943 [INFO] IPUIPlugin:80 - create IPUIPlugin
2025-03-24 17:01:32,943 [INFO] PluginManager:220 - loadIPPluginJar : add i2s
2025-03-24 17:01:32,945 [INFO] IPUIPlugin:80 - create IPUIPlugin
2025-03-24 17:01:32,945 [INFO] PluginManager:220 - loadIPPluginJar : add i3c
2025-03-24 17:01:32,946 [INFO] IPUIPlugin:80 - create IPUIPlugin
2025-03-24 17:01:32,947 [INFO] PluginManager:220 - loadIPPluginJar : add ipddr
2025-03-24 17:01:32,951 [INFO] IPUIPlugin:80 - create IPUIPlugin
2025-03-24 17:01:32,951 [INFO] PluginManager:220 - loadIPPluginJar : add linkedlist
2025-03-24 17:01:32,953 [INFO] IPUIPlugin:80 - create IPUIPlugin
2025-03-24 17:01:32,953 [INFO] PluginManager:220 - loadIPPluginJar : add lorawan
2025-03-24 17:01:32,955 [INFO] IPUIPlugin:80 - create IPUIPlugin
2025-03-24 17:01:32,955 [INFO] PluginManager:220 - loadIPPluginJar : add ltdc
2025-03-24 17:01:32,958 [INFO] IPUIPlugin:80 - create IPUIPlugin
2025-03-24 17:01:32,958 [INFO] PluginManager:220 - loadIPPluginJar : add mdma
2025-03-24 17:01:32,960 [INFO] IPUIPlugin:80 - create IPUIPlugin
2025-03-24 17:01:32,960 [INFO] PluginManager:220 - loadIPPluginJar : add nvic
2025-03-24 17:01:32,963 [INFO] IPUIPlugin:80 - create IPUIPlugin
2025-03-24 17:01:32,963 [INFO] PluginManager:220 - loadIPPluginJar : add opamp
2025-03-24 17:01:32,964 [INFO] IPUIPlugin:80 - create IPUIPlugin
2025-03-24 17:01:32,964 [INFO] PluginManager:220 - loadIPPluginJar : add openamp
2025-03-24 17:01:32,966 [INFO] IPUIPlugin:80 - create IPUIPlugin
2025-03-24 17:01:32,966 [INFO] PluginManager:220 - loadIPPluginJar : add pdm2pcm
2025-03-24 17:01:32,969 [INFO] IPUIPlugin:80 - create IPUIPlugin
2025-03-24 17:01:32,971 [INFO] PluginManager:220 - loadIPPluginJar : add plateformsettings
2025-03-24 17:01:32,972 [INFO] IPUIPlugin:80 - create IPUIPlugin
2025-03-24 17:01:32,972 [INFO] PluginManager:220 - loadIPPluginJar : add quadspi
2025-03-24 17:01:32,974 [INFO] IPUIPlugin:80 - create IPUIPlugin
2025-03-24 17:01:32,975 [INFO] PluginManager:220 - loadIPPluginJar : add resmgrutility
2025-03-24 17:01:32,976 [INFO] IPUIPlugin:80 - create IPUIPlugin
2025-03-24 17:01:32,976 [INFO] PluginManager:220 - loadIPPluginJar : add sai
2025-03-24 17:01:32,978 [INFO] IPUIPlugin:80 - create IPUIPlugin
2025-03-24 17:01:32,978 [INFO] PluginManager:220 - loadIPPluginJar : add spi
2025-03-24 17:01:32,981 [INFO] IPUIPlugin:80 - create IPUIPlugin
2025-03-24 17:01:32,981 [INFO] PluginManager:220 - loadIPPluginJar : add stm32_wpan
2025-03-24 17:01:32,982 [INFO] IPUIPlugin:80 - create IPUIPlugin
2025-03-24 17:01:32,982 [INFO] PluginManager:220 - loadIPPluginJar : add tim
2025-03-24 17:01:32,984 [INFO] IPUIPlugin:80 - create IPUIPlugin
2025-03-24 17:01:32,984 [INFO] PluginManager:220 - loadIPPluginJar : add touchsensing
2025-03-24 17:01:32,985 [INFO] IPUIPlugin:80 - create IPUIPlugin
2025-03-24 17:01:32,985 [INFO] PluginManager:220 - loadIPPluginJar : add tracer_emb
2025-03-24 17:01:32,986 [INFO] IPUIPlugin:80 - create IPUIPlugin
2025-03-24 17:01:32,986 [INFO] PluginManager:220 - loadIPPluginJar : add ts
2025-03-24 17:01:32,987 [INFO] IPUIPlugin:80 - create IPUIPlugin
2025-03-24 17:01:32,987 [INFO] PluginManager:220 - loadIPPluginJar : add tsc
2025-03-24 17:01:32,989 [INFO] IPUIPlugin:80 - create IPUIPlugin
2025-03-24 17:01:32,989 [INFO] PluginManager:220 - loadIPPluginJar : add ucpd
2025-03-24 17:01:32,990 [INFO] IPUIPlugin:80 - create IPUIPlugin
2025-03-24 17:01:32,990 [INFO] PluginManager:220 - loadIPPluginJar : add usart
2025-03-24 17:01:32,992 [INFO] IPUIPlugin:80 - create IPUIPlugin
2025-03-24 17:01:32,992 [INFO] PluginManager:220 - loadIPPluginJar : add usbx
2025-03-24 17:01:33,111 [INFO] CADModel:165 - CPN selected for project level
2025-03-24 17:01:33,111 [INFO] CADModel:114 - Register for checkConnection events
2025-03-24 17:01:33,111 [FATAL] Updater:308 - Updater called before beeing initialized
2025-03-24 17:01:33,111 [ERROR] CADModel:125 - Updater not yet initialized, retry later 
2025-03-24 17:01:33,216 [INFO] CADModel:165 - CPN selected for project level
2025-03-24 17:01:33,216 [INFO] CADModel:114 - Register for checkConnection events
2025-03-24 17:01:33,216 [FATAL] Updater:308 - Updater called before beeing initialized
2025-03-24 17:01:33,216 [ERROR] CADModel:125 - Updater not yet initialized, retry later 
2025-03-24 17:01:33,218 [FATAL] Updater:308 - Updater called before beeing initialized
2025-03-24 17:01:33,304 [FATAL] Updater:308 - Updater called before beeing initialized
2025-03-24 17:01:33,309 [INFO] DbMcusAds:53 - JSON generation date=Thu Mar 06 21:54:21 ICT 2025 (1741272861825)
2025-03-24 17:01:33,309 [FATAL] Updater:308 - Updater called before beeing initialized
2025-03-24 17:01:33,341 [WARN] DetailPanel:346 - Failed to get advertising image, set to default
2025-03-24 17:01:33,426 [FATAL] Updater:308 - Updater called before beeing initialized
2025-03-24 17:01:33,427 [FATAL] Updater:308 - Updater called before beeing initialized
2025-03-24 17:01:33,427 [FATAL] Updater:308 - Updater called before beeing initialized
2025-03-24 17:01:33,427 [WARN] DetailPanel:346 - Failed to get advertising image, set to default
2025-03-24 17:01:33,427 [FATAL] Updater:308 - Updater called before beeing initialized
2025-03-24 17:01:33,464 [ERROR] Updater:1120 - MainUpdater not yet initialized. External WinMGr cannot be set.
2025-03-24 17:01:33,466 [INFO] Updater:1056 - Updater Version found : 6.9.0
2025-03-24 17:01:33,484 [INFO] ApplicationProperties:184 - Using Application install path: D:\ST\STM32CubeIDE_1.13.0\STM32CubeIDE\plugins\com.st.stm32cube.common.mx_6.9.0.202307051724
2025-03-24 17:01:33,585 [INFO] MainUpdater:2868 - connection check result : 10
2025-03-24 17:01:33,586 [INFO] MainUpdater:285 - Updater Check For Update Now.
2025-03-24 17:01:33,586 [INFO] MicroXplorer:498 - Change Database Version : DB.6.0.90
2025-03-24 17:01:33,590 [INFO] McuFinderGlobals:63 - Set McuFinder mode to 2 (CubeIDE integrated)
2025-03-24 17:01:33,754 [INFO] CheckServerUpdateThread:120 - End of CheckServer Thread
2025-03-24 17:01:35,661 [WARN] PackLoader:240 - Cannot read IP mode file for STMicroelectronics.FP-SNS-MOTENVWB1.1.4.0
2025-03-24 17:01:35,668 [WARN] PackLoader:240 - Cannot read IP mode file for STMicroelectronics.FP-ATR-ASTRA1.2.0.2
2025-03-24 17:01:35,673 [WARN] PackLoader:240 - Cannot read IP mode file for STMicroelectronics.FP-ATR-ASTRA1.2.0.1
2025-03-24 17:01:35,681 [WARN] PackLoader:240 - Cannot read IP mode file for STMicroelectronics.X-CUBE-SMBUS.2.1.0
2025-03-24 17:01:35,688 [WARN] PackLoader:240 - Cannot read IP mode file for STMicroelectronics.X-CUBE-WB05N.1.1.0
2025-03-24 17:01:35,713 [WARN] PackLoader:240 - Cannot read IP mode file for STMicroelectronics.X-CUBE-AZRTOS-F7.1.1.0
2025-03-24 17:01:35,723 [WARN] PackLoader:240 - Cannot read IP mode file for STMicroelectronics.FP-SNS-MOTENV1.4.3.2
2025-03-24 17:01:35,729 [WARN] PackLoader:240 - Cannot read IP mode file for STMicroelectronics.FP-SNS-FLIGHT1.5.0.1
2025-03-24 17:01:35,736 [WARN] PackLoader:240 - Cannot read IP mode file for STMicroelectronics.X-CUBE-BLE1.6.2.4
2025-03-24 17:01:35,740 [WARN] PackLoader:240 - Cannot read IP mode file for STMicroelectronics.FP-SNS-FLIGHT1.5.0.2
2025-03-24 17:01:35,748 [ERROR] Engine:466 - C:\Users\Admin\.stm32cubemx\thirdparties\pdsc\Infineon.AIROC-Wi-Fi-Bluetooth-STM32.1.7.0.pdsc: PDSC version is not supported
2025-03-24 17:01:35,756 [WARN] PackLoader:240 - Cannot read IP mode file for STMicroelectronics.X-CUBE-DISPLAY.3.0.0
2025-03-24 17:01:35,763 [WARN] PackLoader:240 - Cannot read IP mode file for STMicroelectronics.X-CUBE-BLE1.7.0.0
2025-03-24 17:01:35,769 [WARN] PackLoader:240 - Cannot read IP mode file for STMicroelectronics.X-CUBE-NFC10.1.0.0
2025-03-24 17:01:35,773 [ERROR] Engine:466 - C:\Users\Admin\.stm32cubemx\thirdparties\pdsc\STMicroelectronics.X-CUBE-BLEMGR.4.0.0.pdsc: PDSC version is not supported
2025-03-24 17:01:35,777 [WARN] PackLoader:240 - Cannot read IP mode file for emotas.I-CUBE-CANOPEN.1.3.0
2025-03-24 17:01:35,781 [WARN] PackLoader:240 - Cannot read IP mode file for STMicroelectronics.X-CUBE-TOUCHGFX.4.22.0
2025-03-24 17:01:35,784 [WARN] PackLoader:240 - Cannot read IP mode file for STMicroelectronics.X-CUBE-AI.10.0.0
2025-03-24 17:01:35,787 [WARN] PackLoader:240 - Cannot read IP mode file for STMicroelectronics.FP-SNS-SMARTAG2.1.2.0
2025-03-24 17:01:35,789 [ERROR] Engine:466 - C:\Users\Admin\.stm32cubemx\thirdparties\pdsc\STMicroelectronics.FP-SNS-FLIGHT1.5.1.0.pdsc: PDSC version is not supported
2025-03-24 17:01:35,833 [WARN] PackLoader:240 - Cannot read IP mode file for STMicroelectronics.X-CUBE-MEMS1.11.1.0
2025-03-24 17:01:35,922 [INFO] LogOutputStream:77 - [STDOUT_REDIRECT] 1 : Invalid condition id : UX_CORESTACK_Condition cause : null
2025-03-24 17:01:35,923 [INFO] LogOutputStream:77 - [STDOUT_REDIRECT] 1 : Invalid condition id : UX_CORESTACK_Condition cause : null
2025-03-24 17:01:35,924 [INFO] LogOutputStream:77 - [STDOUT_REDIRECT] 1 : Invalid condition id : UX_CORESTACK_Condition cause : null
2025-03-24 17:01:35,924 [INFO] LogOutputStream:77 - [STDOUT_REDIRECT] 1 : Invalid condition id : UX_CORESTACK_Condition cause : null
2025-03-24 17:01:35,925 [INFO] LogOutputStream:77 - [STDOUT_REDIRECT] 1 : Invalid condition id : UX_CORESTACK_Condition cause : null
2025-03-24 17:01:35,926 [WARN] PackLoader:240 - Cannot read IP mode file for STMicroelectronics.X-CUBE-AZRTOS-WL.2.0.0
2025-03-24 17:01:35,930 [WARN] PackLoader:240 - Cannot read IP mode file for STMicroelectronics.FP-SNS-MOTENV1.5.0.0
2025-03-24 17:01:35,934 [WARN] PackLoader:240 - Cannot read IP mode file for wolfSSL.I-CUBE-wolfMQTT.1.19.0
2025-03-24 17:01:35,939 [WARN] PackLoader:240 - Cannot read IP mode file for WES.I-CUBE-Cesium.1.3.0
2025-03-24 17:01:35,943 [WARN] PackLoader:240 - Cannot read IP mode file for STMicroelectronics.X-CUBE-BLE2.3.3.0
2025-03-24 17:01:35,947 [WARN] PackLoader:240 - Cannot read IP mode file for STMicroelectronics.X-CUBE-NFC9.1.0.0
2025-03-24 17:01:35,952 [WARN] PackLoader:240 - Cannot read IP mode file for STMicroelectronics.X-CUBE-BLE1.7.1.0
2025-03-24 17:01:35,956 [WARN] PackLoader:240 - Cannot read IP mode file for STMicroelectronics.X-CUBE-ALGOBUILD.1.3.0
2025-03-24 17:01:35,966 [WARN] PackLoader:240 - Cannot read IP mode file for STMicroelectronics.X-CUBE-AZRTOS-G0.1.1.0
2025-03-24 17:01:35,972 [WARN] PackLoader:240 - Cannot read IP mode file for STMicroelectronics.X-CUBE-SAFEA1.1.2.2
2025-03-24 17:01:35,976 [WARN] PackLoader:240 - Cannot read IP mode file for STMicroelectronics.X-CUBE-NFC4.3.0.0
2025-03-24 17:01:35,978 [ERROR] Engine:466 - C:\Users\Admin\.stm32cubemx\thirdparties\pdsc\EmbeddedOffice.I-CUBE-FS-RTOS.1.0.1.pdsc: PDSC version is not supported
2025-03-24 17:01:35,980 [ERROR] Engine:466 - C:\Users\Admin\.stm32cubemx\thirdparties\pdsc\STMicroelectronics.X-CUBE-TCPP.4.2.0.pdsc: PDSC version is not supported
2025-03-24 17:01:35,981 [ERROR] Engine:466 - C:\Users\Admin\.stm32cubemx\thirdparties\pdsc\RealThread.X-CUBE-RT-Thread_Nano.4.1.1.pdsc: PDSC version is not supported
2025-03-24 17:01:35,984 [WARN] PackLoader:240 - Cannot read IP mode file for STMicroelectronics.FP-ATR-SIGFOX1.3.2.0
2025-03-24 17:01:35,985 [ERROR] Engine:466 - C:\Users\Admin\.stm32cubemx\thirdparties\pdsc\quantropi.X-CUBE-qispace-sdk-base.1.9.3.pdsc: PDSC version is not supported
2025-03-24 17:01:35,988 [WARN] PackLoader:240 - Cannot read IP mode file for STMicroelectronics.X-CUBE-EEPRMA1.5.1.0
2025-03-24 17:01:35,993 [WARN] PackLoader:240 - Cannot read IP mode file for ITTIA_DB.I-CUBE-ITTIADB.8.9.0
2025-03-24 17:01:36,015 [WARN] PackLoader:240 - Cannot read IP mode file for SEGGER.I-CUBE-embOS.1.3.1
2025-03-24 17:01:36,044 [WARN] PackLoader:240 - Cannot read IP mode file for STMicroelectronics.X-CUBE-ALGOBUILD.1.4.0
2025-03-24 17:01:36,048 [WARN] PackLoader:240 - Cannot read IP mode file for STMicroelectronics.X-CUBE-GNSS1.6.0.0
2025-03-24 17:01:36,058 [WARN] PackLoader:240 - Cannot read IP mode file for STMicroelectronics.X-CUBE-AZRTOS-F4.1.1.0
2025-03-24 17:01:36,063 [WARN] PackLoader:240 - Cannot read IP mode file for wolfSSL.I-CUBE-wolfSSL.5.6.3
2025-03-24 17:01:36,066 [WARN] PackLoader:240 - Cannot read IP mode file for STMicroelectronics.X-CUBE-ISPU.2.1.0
2025-03-24 17:01:36,076 [WARN] PackLoader:240 - Cannot read IP mode file for STMicroelectronics.X-CUBE-AZRTOS-L5.2.0.0
2025-03-24 17:01:36,098 [WARN] PackLoader:240 - Cannot read IP mode file for STMicroelectronics.X-CUBE-MEMS1.9.6.0
2025-03-24 17:01:36,194 [WARN] PackLoader:240 - Cannot read IP mode file for STMicroelectronics.X-CUBE-NFC6.3.1.0
2025-03-24 17:01:36,199 [WARN] PackLoader:240 - Cannot read IP mode file for STMicroelectronics.X-CUBE-BLEMGR.2.0.0
2025-03-24 17:01:36,202 [ERROR] Engine:466 - C:\Users\Admin\.stm32cubemx\thirdparties\pdsc\STMicroelectronics.X-CUBE-DPower.1.2.0.pdsc: PDSC version is not supported
2025-03-24 17:01:36,210 [WARN] ConditionMgr:438 - getConditionDescription Invalid condition id : UX DEVICE CLASS RTOS Condition cause : null
2025-03-24 17:01:36,210 [WARN] ConditionMgr:438 - getConditionDescription Invalid condition id : UX DEVICE CLASS RTOS Condition cause : null
2025-03-24 17:01:36,212 [WARN] PackLoader:240 - Cannot read IP mode file for STMicroelectronics.X-CUBE-AZRTOS-H7.3.1.0
2025-03-24 17:01:36,213 [WARN] ConditionMgr:1039 - genDependencies : Invalid condition id : UX DEVICE CLASS RTOS Condition cause : null
2025-03-24 17:01:36,213 [WARN] ConditionMgr:1039 - genDependencies : Invalid condition id : UX DEVICE CLASS RTOS Condition cause : null
2025-03-24 17:01:36,213 [WARN] ConditionMgr:1039 - genDependencies : Invalid condition id : UX DEVICE CLASS RTOS Condition cause : null
2025-03-24 17:01:36,213 [WARN] ConditionMgr:1039 - genDependencies : Invalid condition id : UX DEVICE CLASS RTOS Condition cause : null
2025-03-24 17:01:36,213 [WARN] ConditionMgr:1039 - genDependencies : Invalid condition id : UX DEVICE CLASS RTOS Condition cause : null
2025-03-24 17:01:36,218 [WARN] PackLoader:240 - Cannot read IP mode file for STMicroelectronics.X-CUBE-FREERTOS.1.3.0
2025-03-24 17:01:36,222 [WARN] PackLoader:240 - Cannot read IP mode file for STMicroelectronics.X-CUBE-NFC7.1.0.1
2025-03-24 17:01:36,225 [WARN] PackLoader:240 - Cannot read IP mode file for STMicroelectronics.X-CUBE-EEPRMA1.4.1.0
2025-03-24 17:01:36,227 [WARN] PackLoader:240 - Cannot read IP mode file for STMicroelectronics.X-CUBE-AI.8.1.0
2025-03-24 17:01:36,237 [WARN] ConditionMgr:438 - getConditionDescription Invalid condition id : LAN8742 Phy interface Condition cause : null
2025-03-24 17:01:36,238 [WARN] PackLoader:240 - Cannot read IP mode file for STMicroelectronics.X-CUBE-AZRTOS-L4.2.0.0
2025-03-24 17:01:36,238 [WARN] ConditionMgr:1039 - genDependencies : Invalid condition id : LAN8742 Phy interface Condition cause : null
2025-03-24 17:01:36,238 [WARN] ConditionMgr:1039 - genDependencies : Invalid condition id : LAN8742 Phy interface Condition cause : null
2025-03-24 17:01:36,238 [WARN] ConditionMgr:1039 - genDependencies : Invalid condition id : LAN8742 Phy interface Condition cause : null
2025-03-24 17:01:36,243 [WARN] PackLoader:240 - Cannot read IP mode file for STMicroelectronics.X-CUBE-SFXS2LP1.4.0.0
2025-03-24 17:01:36,246 [WARN] PackLoader:240 - Cannot read IP mode file for STMicroelectronics.X-CUBE-ISPU.1.1.0
2025-03-24 17:01:36,261 [WARN] PackLoader:240 - Cannot read IP mode file for STMicroelectronics.X-CUBE-AZRTOS-H7.3.3.0
2025-03-24 17:01:36,275 [WARN] ConditionMgr:438 - getConditionDescription Invalid condition id : UX DEVICE CLASS RTOS Condition cause : null
2025-03-24 17:01:36,276 [WARN] ConditionMgr:438 - getConditionDescription Invalid condition id : UX DEVICE CLASS RTOS Condition cause : null
2025-03-24 17:01:36,277 [WARN] PackLoader:240 - Cannot read IP mode file for STMicroelectronics.X-CUBE-AZRTOS-WB.2.0.0
2025-03-24 17:01:36,278 [WARN] ConditionMgr:1039 - genDependencies : Invalid condition id : UX DEVICE CLASS RTOS Condition cause : null
2025-03-24 17:01:36,278 [WARN] ConditionMgr:1039 - genDependencies : Invalid condition id : UX DEVICE CLASS RTOS Condition cause : null
2025-03-24 17:01:36,278 [WARN] ConditionMgr:1039 - genDependencies : Invalid condition id : UX DEVICE CLASS RTOS Condition cause : null
2025-03-24 17:01:36,280 [WARN] ConditionMgr:1039 - genDependencies : Invalid condition id : UX DEVICE CLASS RTOS Condition cause : null
2025-03-24 17:01:36,280 [WARN] ConditionMgr:1039 - genDependencies : Invalid condition id : UX DEVICE CLASS RTOS Condition cause : null
2025-03-24 17:01:36,284 [WARN] PackLoader:240 - Cannot read IP mode file for STMicroelectronics.X-CUBE-FREERTOS.1.0.1
2025-03-24 17:01:36,288 [WARN] PackLoader:240 - Cannot read IP mode file for STMicroelectronics.X-CUBE-GNSS1.7.0.1
2025-03-24 17:01:36,291 [WARN] PackLoader:240 - Cannot read IP mode file for STMicroelectronics.X-CUBE-TOUCHGFX.4.25.0
2025-03-24 17:01:36,294 [ERROR] Engine:466 - C:\Users\Admin\.stm32cubemx\thirdparties\pdsc\STMicroelectronics.FP-SNS-STBOX1.2.0.0.pdsc: PDSC version is not supported
2025-03-24 17:01:36,312 [WARN] PackLoader:240 - Cannot read IP mode file for STMicroelectronics.X-CUBE-AZRTOS-L5.1.1.0
2025-03-24 17:01:36,317 [WARN] PackLoader:240 - Cannot read IP mode file for STMicroelectronics.X-CUBE-AI.8.0.1
2025-03-24 17:01:36,324 [WARN] PackLoader:240 - Cannot read IP mode file for STMicroelectronics.X-CUBE-SUBG2.5.0.0
2025-03-24 17:01:36,342 [WARN] PackLoader:240 - Cannot read IP mode file for STMicroelectronics.X-CUBE-AZRTOS-H7RS.1.1.0
2025-03-24 17:01:36,347 [WARN] PackLoader:240 - Cannot read IP mode file for Cesanta.I-CUBE-Mongoose.7.13.0
2025-03-24 17:01:36,353 [WARN] PackLoader:240 - Cannot read IP mode file for STMicroelectronics.X-CUBE-TOF1.3.3.1
2025-03-24 17:01:36,364 [WARN] PackLoader:240 - Cannot read IP mode file for STMicroelectronics.X-CUBE-AZRTOS-G4.2.0.0
2025-03-24 17:01:36,368 [ERROR] Engine:466 - C:\Users\Admin\.stm32cubemx\thirdparties\pdsc\STMicroelectronics.X-CUBE-IPS.3.1.0.pdsc: PDSC version is not supported
2025-03-24 17:01:36,370 [WARN] PackLoader:240 - Cannot read IP mode file for STMicroelectronics.X-CUBE-ALS.1.0.2
2025-03-24 17:01:36,373 [WARN] PackLoader:240 - Cannot read IP mode file for STMicroelectronics.X-CUBE-TOUCHGFX.4.24.2
2025-03-24 17:01:36,375 [WARN] PackLoader:240 - Cannot read IP mode file for wolfSSL.I-CUBE-wolfTPM.3.4.0
2025-03-24 17:01:36,380 [WARN] PackLoader:240 - Cannot read IP mode file for portGmbH.I-Cube-SoM-uGOAL.1.1.0
2025-03-24 17:01:36,382 [WARN] PackLoader:240 - Cannot read IP mode file for STMicroelectronics.X-CUBE-ALS.1.0.1
2025-03-24 17:01:36,389 [WARN] PackLoader:240 - Cannot read IP mode file for STMicroelectronics.X-CUBE-AZRTOS-WB.1.1.0
2025-03-24 17:01:36,403 [WARN] PackLoader:240 - Cannot read IP mode file for STMicroelectronics.X-CUBE-AZRTOS-H7RS.1.0.0
2025-03-24 17:01:36,410 [WARN] PackLoader:240 - Cannot read IP mode file for STMicroelectronics.FP-ATR-ASTRA1.2.0.0
2025-03-24 17:01:36,413 [ERROR] Engine:466 - C:\Users\Admin\.stm32cubemx\thirdparties\pdsc\STMicroelectronics.X-CUBE-TOF1.3.4.2.pdsc: PDSC version is not supported
2025-03-24 17:01:36,416 [WARN] PackLoader:240 - Cannot read IP mode file for wolfSSL.I-CUBE-wolfSSH.1.4.17
2025-03-24 17:01:36,417 [INFO] ThirdParty:978 - Integrity check success = true
2025-03-24 17:01:36,417 [INFO] IntegrityCheckThread:100 - exiting critical section [integrity check]
2025-03-24 17:01:36,417 [INFO] IntegrityCheckThread:103 - End integrity checks thread
2025-03-24 17:01:54,550 [ERROR] LogOutputStream:75 - [STDERR_REDIRECT] SLF4J: Failed to load class "org.slf4j.impl.StaticLoggerBinder".
2025-03-24 17:01:54,551 [ERROR] LogOutputStream:75 - [STDERR_REDIRECT] SLF4J: Defaulting to no-operation (NOP) logger implementation
2025-03-24 17:01:54,552 [ERROR] LogOutputStream:75 - [STDERR_REDIRECT] SLF4J: See http://www.slf4j.org/codes.html#StaticLoggerBinder for further details.
