2025-04-20 13:31:41,165 [INFO] Activator:176 - 


2025-04-20 13:31:41,171 [INFO] Activator:177 - !SESSION log4j initialized
2025-04-20 13:31:47,403 [INFO] LogOutputStream:77 - [STDOUT_REDIRECT] 
2025-04-20 13:31:50,813 [INFO] ApplicationProperties:184 - Using Application install path: D:\ST\STM32CubeIDE_1.13.0\STM32CubeIDE\plugins\com.st.stm32cube.common.mx_6.9.0.202307051724
2025-04-20 13:31:50,829 [INFO] DbMcusXml:78 - Set database path to: D:\ST\STM32CubeIDE_1.13.0\STM32CubeIDE\plugins\com.st.stm32cube.common.mx_6.9.0.202307051724\\db\/mcu/
2025-04-20 13:31:50,829 [INFO] ApiDb:274 - Set plugin database path to: D:\ST\STM32CubeIDE_1.13.0\STM32CubeIDE\plugins\com.st.stm32cube.common.mx_6.9.0.202307051724\\db\/plugins/boardmanager/
2025-04-20 13:31:50,829 [WARN] ApiDb:259 - Overriding images path with different value:  => D:\ST\STM32CubeIDE_1.13.0\STM32CubeIDE\plugins\com.st.stm32cube.common.mx_6.9.0.202307051724\\db\/plugins/mcufinder/images/
2025-04-20 13:31:50,838 [INFO] ApiDb:250 - Set database path to: C:\Users\Admin\.stmcufinder\plugins\mcufinder//mcu/
2025-04-20 13:31:50,839 [INFO] DbMcusAds:125 - Set database path to: C:\Users\Admin\.stmcufinder\plugins\mcufinder//mcu/
2025-04-20 13:31:50,840 [INFO] CrossReferenceDbSqlite:203 - Set database path to: C:\Users\Admin\.stmcufinder\plugins\mcufinder//mcu/cs/
2025-04-20 13:31:50,951 [INFO] RulesReader:64 - Compatibility file has been processed (293 Rules)
2025-04-20 13:31:51,028 [INFO] DbMcusXml:78 - Set database path to: D:\ST\STM32CubeIDE_1.13.0\STM32CubeIDE\plugins\com.st.stm32cube.common.mx_6.9.0.202307051724\\db\/mcu/
2025-04-20 13:31:51,028 [INFO] ApiDb:274 - Set plugin database path to: D:\ST\STM32CubeIDE_1.13.0\STM32CubeIDE\plugins\com.st.stm32cube.common.mx_6.9.0.202307051724\\db\/plugins/boardmanager/
2025-04-20 13:31:51,028 [INFO] ApiDb:261 - Set plugin images path to: D:\ST\STM32CubeIDE_1.13.0\STM32CubeIDE\plugins\com.st.stm32cube.common.mx_6.9.0.202307051724\\db\/plugins/mcufinder/images/
2025-04-20 13:31:51,028 [WARN] DbFile:41 - Overriding database path with different value: C:\Users\Admin\.stmcufinder\plugins\mcufinder/ => C:\Users\Admin\.stmcufinder\plugins\mcufinder
2025-04-20 13:31:51,028 [INFO] ApiDb:250 - Set database path to: C:\Users\Admin\.stmcufinder\plugins\mcufinder//mcu/
2025-04-20 13:31:51,028 [WARN] DbFile:41 - Overriding database path with different value: C:\Users\Admin\.stmcufinder\plugins\mcufinder/ => C:\Users\Admin\.stmcufinder\plugins\mcufinder
2025-04-20 13:31:51,028 [INFO] DbMcusAds:125 - Set database path to: C:\Users\Admin\.stmcufinder\plugins\mcufinder//mcu/
2025-04-20 13:31:51,028 [WARN] DbFile:41 - Overriding database path with different value: C:\Users\Admin\.stmcufinder\plugins\mcufinder/ => C:\Users\Admin\.stmcufinder\plugins\mcufinder
2025-04-20 13:31:51,028 [WARN] DbFile:41 - Overriding database path with different value: C:\Users\Admin\.stmcufinder\plugins\mcufinder/ => C:\Users\Admin\.stmcufinder\plugins\mcufinder
2025-04-20 13:31:51,029 [INFO] CrossReferenceDbSqlite:203 - Set database path to: C:\Users\Admin\.stmcufinder\plugins\mcufinder//mcu/cs/
2025-04-20 13:31:51,106 [INFO] MainPanel:262 - HeapMemory: 268435456
2025-04-20 13:31:51,191 [INFO] DbMcusXml:78 - Set database path to: D:\ST\STM32CubeIDE_1.13.0\STM32CubeIDE\plugins\com.st.stm32cube.common.mx_6.9.0.202307051724\\db\/mcu/
2025-04-20 13:31:51,191 [INFO] ApiDb:274 - Set plugin database path to: D:\ST\STM32CubeIDE_1.13.0\STM32CubeIDE\plugins\com.st.stm32cube.common.mx_6.9.0.202307051724\\db\/plugins/boardmanager/
2025-04-20 13:31:51,191 [INFO] ApiDb:261 - Set plugin images path to: D:\ST\STM32CubeIDE_1.13.0\STM32CubeIDE\plugins\com.st.stm32cube.common.mx_6.9.0.202307051724\\db\/plugins/mcufinder/images/
2025-04-20 13:31:51,191 [WARN] DbFile:41 - Overriding database path with different value: C:\Users\Admin\.stmcufinder\plugins\mcufinder/ => C:\Users\Admin\.stmcufinder\plugins\mcufinder
2025-04-20 13:31:51,191 [INFO] ApiDb:250 - Set database path to: C:\Users\Admin\.stmcufinder\plugins\mcufinder//mcu/
2025-04-20 13:31:51,191 [WARN] DbFile:41 - Overriding database path with different value: C:\Users\Admin\.stmcufinder\plugins\mcufinder/ => C:\Users\Admin\.stmcufinder\plugins\mcufinder
2025-04-20 13:31:51,192 [INFO] DbMcusAds:125 - Set database path to: C:\Users\Admin\.stmcufinder\plugins\mcufinder//mcu/
2025-04-20 13:31:51,192 [WARN] DbFile:41 - Overriding database path with different value: C:\Users\Admin\.stmcufinder\plugins\mcufinder/ => C:\Users\Admin\.stmcufinder\plugins\mcufinder
2025-04-20 13:31:51,192 [WARN] DbFile:41 - Overriding database path with different value: C:\Users\Admin\.stmcufinder\plugins\mcufinder/ => C:\Users\Admin\.stmcufinder\plugins\mcufinder
2025-04-20 13:31:51,192 [INFO] CrossReferenceDbSqlite:203 - Set database path to: C:\Users\Admin\.stmcufinder\plugins\mcufinder//mcu/cs/
2025-04-20 13:31:51,208 [INFO] ApplicationProperties:184 - Using Application install path: D:\ST\STM32CubeIDE_1.13.0\STM32CubeIDE\plugins\com.st.stm32cube.common.mx_6.9.0.202307051724
2025-04-20 13:31:51,209 [INFO] PluginManage:196 - Search for loadable plugins [exclusion list=, ]
2025-04-20 13:31:51,210 [INFO] PluginManage:310 - Check plugin analytics
2025-04-20 13:31:51,338 [INFO] AnalyticsPlugin:253 - Accepted Software Licenses: 
2025-04-20 13:31:51,339 [INFO] AnalyticsPlugin:255 - Accepted CMSIS Pack Licenses: 
2025-04-20 13:31:51,339 [INFO] AnalyticsPlugin:257 - Accepted Firmware Licenses: FW.F4.1.27.0
2025-04-20 13:31:51,340 [INFO] PluginManage:359 - Loaded plugin analytics (category:tool,tabindex:-1)
2025-04-20 13:31:51,341 [INFO] PluginManage:310 - Check plugin cadmodel
2025-04-20 13:31:51,365 [INFO] CADModel:105 - Init CAD model plugin
2025-04-20 13:31:51,365 [INFO] PluginManage:359 - Loaded plugin cadmodel (category:power,tabindex:5)
2025-04-20 13:31:51,365 [INFO] PluginManage:310 - Check plugin clock
2025-04-20 13:31:51,388 [INFO] PluginManage:359 - Loaded plugin clock (category:base,tabindex:2)
2025-04-20 13:31:51,388 [INFO] PluginManage:310 - Check plugin ddr
2025-04-20 13:31:51,390 [INFO] PluginManage:359 - Loaded plugin ddr (category:tool,tabindex:6)
2025-04-20 13:31:51,390 [INFO] PluginManage:310 - Check plugin filemanager
2025-04-20 13:31:51,500 [INFO] PluginManage:359 - Loaded plugin filemanager (category:base,tabindex:10)
2025-04-20 13:31:51,501 [INFO] PluginManage:310 - Check plugin ipmanager
2025-04-20 13:31:51,513 [INFO] PluginManage:359 - Loaded plugin ipmanager (category:base,tabindex:5)
2025-04-20 13:31:51,513 [INFO] PluginManage:310 - Check plugin lpbam
2025-04-20 13:31:51,534 [INFO] PluginManage:359 - Loaded plugin lpbam (category:base,tabindex:0)
2025-04-20 13:31:51,534 [INFO] PluginManage:310 - Check plugin memorymap
2025-04-20 13:31:51,563 [INFO] PluginManage:359 - Loaded plugin memorymap (category:base,tabindex:4)
2025-04-20 13:31:51,563 [INFO] PluginManage:310 - Check plugin pinoutandconfiguration
2025-04-20 13:31:51,583 [INFO] PluginManage:359 - Loaded plugin pinoutandconfiguration (category:base,tabindex:1)
2025-04-20 13:31:51,583 [INFO] PluginManage:310 - Check plugin pinoutconfig
2025-04-20 13:31:51,667 [WARN] SupportedApi:132 - Cannot load RTOS API schema: s4s-elt-must-match.1: The content of 'definitions' must match (annotation?, (simpleType | complexType)?, (unique | key | keyref)*)). A problem was found starting at: attribute.
2025-04-20 13:31:51,787 [INFO] PluginManage:359 - Loaded plugin pinoutconfig (category:base,tabindex:0)
2025-04-20 13:31:51,787 [INFO] PluginManage:310 - Check plugin power
2025-04-20 13:31:51,811 [INFO] PluginManage:359 - Loaded plugin power (category:power,tabindex:4)
2025-04-20 13:31:51,811 [INFO] PluginManage:310 - Check plugin projectmanager
2025-04-20 13:31:51,822 [INFO] PluginManage:359 - Loaded plugin projectmanager (category:projectmanager,tabindex:3)
2025-04-20 13:31:51,822 [INFO] PluginManage:310 - Check plugin thirdparty
2025-04-20 13:31:52,085 [INFO] PluginManage:359 - Loaded plugin thirdparty (category:base,tabindex:-1)
2025-04-20 13:31:52,085 [WARN] IntegrityCheckThread:84 - waiting for thirdparty lock release [integrity check]
2025-04-20 13:31:52,085 [INFO] PluginManage:310 - Check plugin tools
2025-04-20 13:31:52,085 [INFO] IntegrityCheckThread:86 - entering critical section [integrity check]
2025-04-20 13:31:52,085 [INFO] ThirdPartyUpdaterWithRetryManager:70 - Updater plugin not ready yet. [1/15]
2025-04-20 13:31:52,120 [INFO] PluginManage:359 - Loaded plugin tools (category:base,tabindex:7)
2025-04-20 13:31:52,120 [INFO] PluginManage:310 - Check plugin tutovideos
2025-04-20 13:31:52,292 [INFO] PluginManage:359 - Loaded plugin tutovideos (category:base,tabindex:-1)
2025-04-20 13:31:52,292 [INFO] PluginManage:310 - Check plugin updater
2025-04-20 13:31:52,302 [INFO] PluginManage:359 - Loaded plugin updater (category:base,tabindex:12)
2025-04-20 13:31:52,303 [INFO] PluginManage:310 - Check plugin userauth
2025-04-20 13:31:52,308 [INFO] UserAuth:113 - Init User Auth plugin
2025-04-20 13:31:52,309 [INFO] PluginManage:359 - Loaded plugin userauth (category:base,tabindex:14)
2025-04-20 13:31:52,309 [INFO] PluginManage:283 - PluginManage : Loaded plugins [17]
2025-04-20 13:31:52,500 [INFO] PinOutPanel:1499 - setPackage(No Configuration,No Configuration)
2025-04-20 13:31:52,587 [INFO] CADModel:165 - CPN selected for project level
2025-04-20 13:31:52,587 [INFO] CADModel:114 - Register for checkConnection events
2025-04-20 13:31:52,613 [INFO] IPUIPlugin:80 - create IPUIPlugin
2025-04-20 13:31:52,613 [INFO] PluginManager:220 - loadIPPluginJar : add adc
2025-04-20 13:31:52,648 [INFO] IPUIPlugin:80 - create IPUIPlugin
2025-04-20 13:31:52,648 [INFO] PluginManager:220 - loadIPPluginJar : add aes
2025-04-20 13:31:52,688 [INFO] IPUIPlugin:80 - create IPUIPlugin
2025-04-20 13:31:52,689 [INFO] PluginManager:220 - loadIPPluginJar : add can
2025-04-20 13:31:52,715 [INFO] IPUIPlugin:80 - create IPUIPlugin
2025-04-20 13:31:52,715 [INFO] PluginManager:220 - loadIPPluginJar : add comp
2025-04-20 13:31:52,748 [INFO] IPUIPlugin:80 - create IPUIPlugin
2025-04-20 13:31:52,748 [INFO] PluginManager:220 - loadIPPluginJar : add cryp
2025-04-20 13:31:52,777 [INFO] IPUIPlugin:80 - create IPUIPlugin
2025-04-20 13:31:52,777 [INFO] PluginManager:220 - loadIPPluginJar : add dfsdm
2025-04-20 13:31:52,794 [INFO] IPUIPlugin:80 - create IPUIPlugin
2025-04-20 13:31:52,794 [INFO] PluginManager:220 - loadIPPluginJar : add dma
2025-04-20 13:31:52,840 [INFO] IPUIPlugin:80 - create IPUIPlugin
2025-04-20 13:31:52,841 [INFO] PluginManager:220 - loadIPPluginJar : add dma3
2025-04-20 13:31:52,862 [INFO] IPUIPlugin:80 - create IPUIPlugin
2025-04-20 13:31:52,862 [INFO] PluginManager:220 - loadIPPluginJar : add fatfs
2025-04-20 13:31:52,916 [INFO] IPUIPlugin:80 - create IPUIPlugin
2025-04-20 13:31:52,916 [INFO] PluginManager:220 - loadIPPluginJar : add fmc
2025-04-20 13:31:52,937 [INFO] IPUIPlugin:80 - create IPUIPlugin
2025-04-20 13:31:52,937 [INFO] PluginManager:220 - loadIPPluginJar : add freertos
2025-04-20 13:31:52,964 [INFO] IPUIPlugin:80 - create IPUIPlugin
2025-04-20 13:31:52,964 [INFO] PluginManager:220 - loadIPPluginJar : add genericplugin
2025-04-20 13:31:53,067 [INFO] IPUIPlugin:80 - create IPUIPlugin
2025-04-20 13:31:53,067 [INFO] PluginManager:220 - loadIPPluginJar : add gfxmmu
2025-04-20 13:31:53,219 [INFO] IPUIPlugin:80 - create IPUIPlugin
2025-04-20 13:31:53,219 [INFO] PluginManager:220 - loadIPPluginJar : add gic
2025-04-20 13:31:53,237 [INFO] IPUIPlugin:80 - create IPUIPlugin
2025-04-20 13:31:53,237 [INFO] PluginManager:220 - loadIPPluginJar : add gpio
2025-04-20 13:31:53,342 [INFO] IPUIPlugin:80 - create IPUIPlugin
2025-04-20 13:31:53,343 [INFO] PluginManager:220 - loadIPPluginJar : add gtzc
2025-04-20 13:31:53,384 [INFO] IPUIPlugin:80 - create IPUIPlugin
2025-04-20 13:31:53,385 [INFO] PluginManager:220 - loadIPPluginJar : add hash
2025-04-20 13:31:53,453 [INFO] IPUIPlugin:80 - create IPUIPlugin
2025-04-20 13:31:53,453 [INFO] PluginManager:220 - loadIPPluginJar : add i2c
2025-04-20 13:31:53,499 [INFO] IPUIPlugin:80 - create IPUIPlugin
2025-04-20 13:31:53,499 [INFO] PluginManager:220 - loadIPPluginJar : add i2s
2025-04-20 13:31:53,546 [INFO] IPUIPlugin:80 - create IPUIPlugin
2025-04-20 13:31:53,546 [INFO] PluginManager:220 - loadIPPluginJar : add i3c
2025-04-20 13:31:53,664 [INFO] IPUIPlugin:80 - create IPUIPlugin
2025-04-20 13:31:53,664 [INFO] PluginManager:220 - loadIPPluginJar : add ipddr
2025-04-20 13:31:53,756 [INFO] IPUIPlugin:80 - create IPUIPlugin
2025-04-20 13:31:53,756 [INFO] PluginManager:220 - loadIPPluginJar : add linkedlist
2025-04-20 13:31:53,793 [INFO] IPUIPlugin:80 - create IPUIPlugin
2025-04-20 13:31:53,793 [INFO] PluginManager:220 - loadIPPluginJar : add lorawan
2025-04-20 13:31:53,831 [INFO] IPUIPlugin:80 - create IPUIPlugin
2025-04-20 13:31:53,831 [INFO] PluginManager:220 - loadIPPluginJar : add ltdc
2025-04-20 13:31:53,851 [INFO] IPUIPlugin:80 - create IPUIPlugin
2025-04-20 13:31:53,851 [INFO] PluginManager:220 - loadIPPluginJar : add mdma
2025-04-20 13:31:53,866 [INFO] IPUIPlugin:80 - create IPUIPlugin
2025-04-20 13:31:53,866 [INFO] PluginManager:220 - loadIPPluginJar : add nvic
2025-04-20 13:31:53,902 [INFO] IPUIPlugin:80 - create IPUIPlugin
2025-04-20 13:31:53,902 [INFO] PluginManager:220 - loadIPPluginJar : add opamp
2025-04-20 13:31:53,964 [INFO] IPUIPlugin:80 - create IPUIPlugin
2025-04-20 13:31:53,964 [INFO] PluginManager:220 - loadIPPluginJar : add openamp
2025-04-20 13:31:54,013 [INFO] IPUIPlugin:80 - create IPUIPlugin
2025-04-20 13:31:54,014 [INFO] PluginManager:220 - loadIPPluginJar : add pdm2pcm
2025-04-20 13:31:54,031 [INFO] IPUIPlugin:80 - create IPUIPlugin
2025-04-20 13:31:54,032 [INFO] PluginManager:220 - loadIPPluginJar : add plateformsettings
2025-04-20 13:31:54,059 [INFO] IPUIPlugin:80 - create IPUIPlugin
2025-04-20 13:31:54,059 [INFO] PluginManager:220 - loadIPPluginJar : add quadspi
2025-04-20 13:31:54,076 [INFO] IPUIPlugin:80 - create IPUIPlugin
2025-04-20 13:31:54,076 [INFO] PluginManager:220 - loadIPPluginJar : add resmgrutility
2025-04-20 13:31:54,128 [INFO] IPUIPlugin:80 - create IPUIPlugin
2025-04-20 13:31:54,128 [INFO] PluginManager:220 - loadIPPluginJar : add sai
2025-04-20 13:31:54,169 [INFO] IPUIPlugin:80 - create IPUIPlugin
2025-04-20 13:31:54,170 [INFO] PluginManager:220 - loadIPPluginJar : add spi
2025-04-20 13:31:54,225 [INFO] IPUIPlugin:80 - create IPUIPlugin
2025-04-20 13:31:54,226 [INFO] PluginManager:220 - loadIPPluginJar : add stm32_wpan
2025-04-20 13:31:54,254 [INFO] IPUIPlugin:80 - create IPUIPlugin
2025-04-20 13:31:54,254 [INFO] PluginManager:220 - loadIPPluginJar : add tim
2025-04-20 13:31:54,309 [INFO] IPUIPlugin:80 - create IPUIPlugin
2025-04-20 13:31:54,309 [INFO] PluginManager:220 - loadIPPluginJar : add touchsensing
2025-04-20 13:31:54,333 [INFO] IPUIPlugin:80 - create IPUIPlugin
2025-04-20 13:31:54,333 [INFO] PluginManager:220 - loadIPPluginJar : add tracer_emb
2025-04-20 13:31:54,358 [INFO] IPUIPlugin:80 - create IPUIPlugin
2025-04-20 13:31:54,359 [INFO] PluginManager:220 - loadIPPluginJar : add ts
2025-04-20 13:31:54,384 [INFO] IPUIPlugin:80 - create IPUIPlugin
2025-04-20 13:31:54,384 [INFO] PluginManager:220 - loadIPPluginJar : add tsc
2025-04-20 13:31:54,407 [INFO] IPUIPlugin:80 - create IPUIPlugin
2025-04-20 13:31:54,407 [INFO] PluginManager:220 - loadIPPluginJar : add ucpd
2025-04-20 13:31:54,453 [INFO] IPUIPlugin:80 - create IPUIPlugin
2025-04-20 13:31:54,454 [INFO] PluginManager:220 - loadIPPluginJar : add usart
2025-04-20 13:31:54,497 [INFO] IPUIPlugin:80 - create IPUIPlugin
2025-04-20 13:31:54,498 [INFO] PluginManager:220 - loadIPPluginJar : add usbx
2025-04-20 13:31:54,611 [INFO] CADModel:165 - CPN selected for project level
2025-04-20 13:31:54,611 [INFO] CADModel:114 - Register for checkConnection events
2025-04-20 13:31:54,611 [FATAL] Updater:308 - Updater called before beeing initialized
2025-04-20 13:31:54,611 [ERROR] CADModel:125 - Updater not yet initialized, retry later 
2025-04-20 13:31:54,744 [INFO] CADModel:165 - CPN selected for project level
2025-04-20 13:31:54,744 [INFO] CADModel:114 - Register for checkConnection events
2025-04-20 13:31:54,744 [FATAL] Updater:308 - Updater called before beeing initialized
2025-04-20 13:31:54,744 [ERROR] CADModel:125 - Updater not yet initialized, retry later 
2025-04-20 13:31:54,747 [FATAL] Updater:308 - Updater called before beeing initialized
2025-04-20 13:31:54,828 [FATAL] Updater:308 - Updater called before beeing initialized
2025-04-20 13:31:54,838 [INFO] DbMcusAds:53 - JSON generation date=Thu Mar 06 21:54:22 ICT 2025 (1741272862078)
2025-04-20 13:31:54,838 [FATAL] Updater:308 - Updater called before beeing initialized
2025-04-20 13:31:54,926 [WARN] DetailPanel:346 - Failed to get advertising image, set to default
2025-04-20 13:31:55,013 [FATAL] Updater:308 - Updater called before beeing initialized
2025-04-20 13:31:55,015 [FATAL] Updater:308 - Updater called before beeing initialized
2025-04-20 13:31:55,015 [FATAL] Updater:308 - Updater called before beeing initialized
2025-04-20 13:31:55,015 [WARN] DetailPanel:346 - Failed to get advertising image, set to default
2025-04-20 13:31:55,015 [FATAL] Updater:308 - Updater called before beeing initialized
2025-04-20 13:31:55,072 [ERROR] Updater:1120 - MainUpdater not yet initialized. External WinMGr cannot be set.
2025-04-20 13:31:55,085 [INFO] Updater:1056 - Updater Version found : 6.9.0
2025-04-20 13:31:55,088 [INFO] ThirdPartyUpdaterWithRetryManager:70 - Updater plugin not ready yet. [2/15]
2025-04-20 13:31:55,102 [INFO] ApplicationProperties:184 - Using Application install path: D:\ST\STM32CubeIDE_1.13.0\STM32CubeIDE\plugins\com.st.stm32cube.common.mx_6.9.0.202307051724
2025-04-20 13:31:55,622 [INFO] MainUpdater:2868 - connection check result : 10
2025-04-20 13:31:55,622 [INFO] MainUpdater:285 - Updater Check For Update Now.
2025-04-20 13:31:55,622 [INFO] MicroXplorer:498 - Change Database Version : DB.6.0.90
2025-04-20 13:31:55,637 [INFO] McuFinderGlobals:63 - Set McuFinder mode to 2 (CubeIDE integrated)
2025-04-20 13:31:55,817 [INFO] CheckServerUpdateThread:120 - End of CheckServer Thread
2025-04-20 13:31:58,282 [WARN] PackLoader:240 - Cannot read IP mode file for STMicroelectronics.FP-SNS-MOTENVWB1.1.4.0
2025-04-20 13:31:58,298 [WARN] PackLoader:240 - Cannot read IP mode file for STMicroelectronics.FP-ATR-ASTRA1.2.0.2
2025-04-20 13:31:58,310 [WARN] PackLoader:240 - Cannot read IP mode file for STMicroelectronics.FP-ATR-ASTRA1.2.0.1
2025-04-20 13:31:58,326 [WARN] PackLoader:240 - Cannot read IP mode file for STMicroelectronics.X-CUBE-SMBUS.2.1.0
2025-04-20 13:31:58,343 [WARN] PackLoader:240 - Cannot read IP mode file for STMicroelectronics.X-CUBE-WB05N.1.1.0
2025-04-20 13:31:58,380 [WARN] PackLoader:240 - Cannot read IP mode file for STMicroelectronics.X-CUBE-AZRTOS-F7.1.1.0
2025-04-20 13:31:58,397 [WARN] PackLoader:240 - Cannot read IP mode file for STMicroelectronics.FP-SNS-MOTENV1.4.3.2
2025-04-20 13:31:58,412 [WARN] PackLoader:240 - Cannot read IP mode file for STMicroelectronics.FP-SNS-FLIGHT1.5.0.1
2025-04-20 13:31:58,427 [WARN] PackLoader:240 - Cannot read IP mode file for STMicroelectronics.X-CUBE-BLE1.6.2.4
2025-04-20 13:31:58,439 [WARN] PackLoader:240 - Cannot read IP mode file for STMicroelectronics.FP-SNS-FLIGHT1.5.0.2
2025-04-20 13:31:58,458 [ERROR] Engine:466 - C:\Users\Admin\.stm32cubemx\thirdparties\pdsc\Infineon.AIROC-Wi-Fi-Bluetooth-STM32.1.7.0.pdsc: PDSC version is not supported
2025-04-20 13:31:58,472 [WARN] PackLoader:240 - Cannot read IP mode file for STMicroelectronics.X-CUBE-DISPLAY.3.0.0
2025-04-20 13:31:58,489 [WARN] PackLoader:240 - Cannot read IP mode file for STMicroelectronics.X-CUBE-BLE1.7.0.0
2025-04-20 13:31:58,503 [WARN] PackLoader:240 - Cannot read IP mode file for STMicroelectronics.X-CUBE-NFC10.1.0.0
2025-04-20 13:31:58,517 [ERROR] Engine:466 - C:\Users\Admin\.stm32cubemx\thirdparties\pdsc\STMicroelectronics.X-CUBE-BLEMGR.4.0.0.pdsc: PDSC version is not supported
2025-04-20 13:31:58,530 [WARN] PackLoader:240 - Cannot read IP mode file for emotas.I-CUBE-CANOPEN.1.3.0
2025-04-20 13:31:58,544 [WARN] PackLoader:240 - Cannot read IP mode file for STMicroelectronics.X-CUBE-TOUCHGFX.4.22.0
2025-04-20 13:31:58,556 [WARN] PackLoader:240 - Cannot read IP mode file for STMicroelectronics.X-CUBE-AI.10.0.0
2025-04-20 13:31:58,570 [WARN] PackLoader:240 - Cannot read IP mode file for STMicroelectronics.FP-SNS-SMARTAG2.1.2.0
2025-04-20 13:31:58,580 [ERROR] Engine:466 - C:\Users\Admin\.stm32cubemx\thirdparties\pdsc\STMicroelectronics.FP-SNS-FLIGHT1.5.1.0.pdsc: PDSC version is not supported
2025-04-20 13:31:58,633 [WARN] PackLoader:240 - Cannot read IP mode file for STMicroelectronics.X-CUBE-MEMS1.11.1.0
2025-04-20 13:31:58,746 [INFO] LogOutputStream:77 - [STDOUT_REDIRECT] 1 : Invalid condition id : UX_CORESTACK_Condition cause : null
2025-04-20 13:31:58,748 [INFO] LogOutputStream:77 - [STDOUT_REDIRECT] 1 : Invalid condition id : UX_CORESTACK_Condition cause : null
2025-04-20 13:31:58,748 [INFO] LogOutputStream:77 - [STDOUT_REDIRECT] 1 : Invalid condition id : UX_CORESTACK_Condition cause : null
2025-04-20 13:31:58,749 [INFO] LogOutputStream:77 - [STDOUT_REDIRECT] 1 : Invalid condition id : UX_CORESTACK_Condition cause : null
2025-04-20 13:31:58,750 [INFO] LogOutputStream:77 - [STDOUT_REDIRECT] 1 : Invalid condition id : UX_CORESTACK_Condition cause : null
2025-04-20 13:31:58,752 [WARN] PackLoader:240 - Cannot read IP mode file for STMicroelectronics.X-CUBE-AZRTOS-WL.2.0.0
2025-04-20 13:31:58,765 [WARN] PackLoader:240 - Cannot read IP mode file for STMicroelectronics.FP-SNS-MOTENV1.5.0.0
2025-04-20 13:31:58,779 [WARN] PackLoader:240 - Cannot read IP mode file for wolfSSL.I-CUBE-wolfMQTT.1.19.0
2025-04-20 13:31:58,794 [WARN] PackLoader:240 - Cannot read IP mode file for WES.I-CUBE-Cesium.1.3.0
2025-04-20 13:31:58,807 [WARN] PackLoader:240 - Cannot read IP mode file for STMicroelectronics.X-CUBE-BLE2.3.3.0
2025-04-20 13:31:58,822 [WARN] PackLoader:240 - Cannot read IP mode file for STMicroelectronics.X-CUBE-NFC9.1.0.0
2025-04-20 13:31:58,839 [WARN] PackLoader:240 - Cannot read IP mode file for STMicroelectronics.X-CUBE-BLE1.7.1.0
2025-04-20 13:31:58,854 [WARN] PackLoader:240 - Cannot read IP mode file for STMicroelectronics.X-CUBE-ALGOBUILD.1.3.0
2025-04-20 13:31:58,897 [WARN] PackLoader:240 - Cannot read IP mode file for STMicroelectronics.X-CUBE-MEMS1.11.2.0
2025-04-20 13:31:58,992 [WARN] PackLoader:240 - Cannot read IP mode file for STMicroelectronics.X-CUBE-AZRTOS-G0.1.1.0
2025-04-20 13:31:59,010 [WARN] PackLoader:240 - Cannot read IP mode file for STMicroelectronics.X-CUBE-SAFEA1.1.2.2
2025-04-20 13:31:59,029 [WARN] PackLoader:240 - Cannot read IP mode file for STMicroelectronics.X-CUBE-NFC4.3.0.0
2025-04-20 13:31:59,042 [ERROR] Engine:466 - C:\Users\Admin\.stm32cubemx\thirdparties\pdsc\EmbeddedOffice.I-CUBE-FS-RTOS.1.0.1.pdsc: PDSC version is not supported
2025-04-20 13:31:59,065 [ERROR] Engine:466 - C:\Users\Admin\.stm32cubemx\thirdparties\pdsc\STMicroelectronics.X-CUBE-TCPP.4.2.0.pdsc: PDSC version is not supported
2025-04-20 13:31:59,081 [ERROR] Engine:466 - C:\Users\Admin\.stm32cubemx\thirdparties\pdsc\RealThread.X-CUBE-RT-Thread_Nano.4.1.1.pdsc: PDSC version is not supported
2025-04-20 13:31:59,096 [WARN] PackLoader:240 - Cannot read IP mode file for STMicroelectronics.FP-ATR-SIGFOX1.3.2.0
2025-04-20 13:31:59,107 [ERROR] Engine:466 - C:\Users\Admin\.stm32cubemx\thirdparties\pdsc\quantropi.X-CUBE-qispace-sdk-base.1.9.3.pdsc: PDSC version is not supported
2025-04-20 13:31:59,121 [WARN] PackLoader:240 - Cannot read IP mode file for STMicroelectronics.X-CUBE-EEPRMA1.5.1.0
2025-04-20 13:31:59,137 [WARN] PackLoader:240 - Cannot read IP mode file for ITTIA_DB.I-CUBE-ITTIADB.8.9.0
2025-04-20 13:31:59,174 [WARN] PackLoader:240 - Cannot read IP mode file for SEGGER.I-CUBE-embOS.1.3.1
2025-04-20 13:31:59,210 [WARN] PackLoader:240 - Cannot read IP mode file for STMicroelectronics.X-CUBE-ALGOBUILD.1.4.0
2025-04-20 13:31:59,225 [WARN] PackLoader:240 - Cannot read IP mode file for STMicroelectronics.X-CUBE-GNSS1.6.0.0
2025-04-20 13:31:59,250 [WARN] PackLoader:240 - Cannot read IP mode file for STMicroelectronics.X-CUBE-AZRTOS-F4.1.1.0
2025-04-20 13:31:59,264 [WARN] PackLoader:240 - Cannot read IP mode file for wolfSSL.I-CUBE-wolfSSL.5.6.3
2025-04-20 13:31:59,277 [ERROR] Engine:466 - C:\Users\Admin\.stm32cubemx\thirdparties\pdsc\Avnet-IotConnect.X-CUBE-IoTC-DA16k-PMOD.1.0.0.pdsc: PDSC version is not supported
2025-04-20 13:31:59,291 [WARN] PackLoader:240 - Cannot read IP mode file for STMicroelectronics.X-CUBE-ISPU.2.1.0
2025-04-20 13:31:59,314 [WARN] PackLoader:240 - Cannot read IP mode file for STMicroelectronics.X-CUBE-AZRTOS-L5.2.0.0
2025-04-20 13:31:59,354 [WARN] PackLoader:240 - Cannot read IP mode file for STMicroelectronics.X-CUBE-MEMS1.9.6.0
2025-04-20 13:31:59,454 [WARN] PackLoader:240 - Cannot read IP mode file for STMicroelectronics.X-CUBE-NFC6.3.1.0
2025-04-20 13:31:59,470 [WARN] PackLoader:240 - Cannot read IP mode file for STMicroelectronics.X-CUBE-BLEMGR.2.0.0
2025-04-20 13:31:59,483 [ERROR] Engine:466 - C:\Users\Admin\.stm32cubemx\thirdparties\pdsc\STMicroelectronics.X-CUBE-DPower.1.2.0.pdsc: PDSC version is not supported
2025-04-20 13:31:59,506 [WARN] ConditionMgr:438 - getConditionDescription Invalid condition id : UX DEVICE CLASS RTOS Condition cause : null
2025-04-20 13:31:59,507 [WARN] ConditionMgr:438 - getConditionDescription Invalid condition id : UX DEVICE CLASS RTOS Condition cause : null
2025-04-20 13:31:59,508 [WARN] PackLoader:240 - Cannot read IP mode file for STMicroelectronics.X-CUBE-AZRTOS-H7.3.1.0
2025-04-20 13:31:59,509 [WARN] ConditionMgr:1039 - genDependencies : Invalid condition id : UX DEVICE CLASS RTOS Condition cause : null
2025-04-20 13:31:59,509 [WARN] ConditionMgr:1039 - genDependencies : Invalid condition id : UX DEVICE CLASS RTOS Condition cause : null
2025-04-20 13:31:59,510 [WARN] ConditionMgr:1039 - genDependencies : Invalid condition id : UX DEVICE CLASS RTOS Condition cause : null
2025-04-20 13:31:59,510 [WARN] ConditionMgr:1039 - genDependencies : Invalid condition id : UX DEVICE CLASS RTOS Condition cause : null
2025-04-20 13:31:59,510 [WARN] ConditionMgr:1039 - genDependencies : Invalid condition id : UX DEVICE CLASS RTOS Condition cause : null
2025-04-20 13:31:59,523 [WARN] PackLoader:240 - Cannot read IP mode file for STMicroelectronics.X-CUBE-FREERTOS.1.3.0
2025-04-20 13:31:59,537 [WARN] PackLoader:240 - Cannot read IP mode file for STMicroelectronics.X-CUBE-NFC7.1.0.1
2025-04-20 13:31:59,550 [WARN] PackLoader:240 - Cannot read IP mode file for STMicroelectronics.X-CUBE-EEPRMA1.4.1.0
2025-04-20 13:31:59,562 [ERROR] Engine:466 - C:\Users\Admin\.stm32cubemx\thirdparties\pdsc\STMicroelectronics.X-CUBE-DPower.1.3.0.pdsc: PDSC version is not supported
2025-04-20 13:31:59,574 [WARN] PackLoader:240 - Cannot read IP mode file for STMicroelectronics.X-CUBE-AI.8.1.0
2025-04-20 13:31:59,600 [WARN] ConditionMgr:438 - getConditionDescription Invalid condition id : LAN8742 Phy interface Condition cause : null
2025-04-20 13:31:59,602 [WARN] PackLoader:240 - Cannot read IP mode file for STMicroelectronics.X-CUBE-AZRTOS-L4.2.0.0
2025-04-20 13:31:59,602 [WARN] ConditionMgr:1039 - genDependencies : Invalid condition id : LAN8742 Phy interface Condition cause : null
2025-04-20 13:31:59,602 [WARN] ConditionMgr:1039 - genDependencies : Invalid condition id : LAN8742 Phy interface Condition cause : null
2025-04-20 13:31:59,602 [WARN] ConditionMgr:1039 - genDependencies : Invalid condition id : LAN8742 Phy interface Condition cause : null
2025-04-20 13:31:59,616 [WARN] PackLoader:240 - Cannot read IP mode file for STMicroelectronics.X-CUBE-SFXS2LP1.4.0.0
2025-04-20 13:31:59,629 [WARN] PackLoader:240 - Cannot read IP mode file for STMicroelectronics.X-CUBE-ISPU.1.1.0
2025-04-20 13:31:59,664 [WARN] PackLoader:240 - Cannot read IP mode file for STMicroelectronics.X-CUBE-AZRTOS-H7.3.3.0
2025-04-20 13:31:59,692 [WARN] ConditionMgr:438 - getConditionDescription Invalid condition id : UX DEVICE CLASS RTOS Condition cause : null
2025-04-20 13:31:59,692 [WARN] ConditionMgr:438 - getConditionDescription Invalid condition id : UX DEVICE CLASS RTOS Condition cause : null
2025-04-20 13:31:59,694 [WARN] PackLoader:240 - Cannot read IP mode file for STMicroelectronics.X-CUBE-AZRTOS-WB.2.0.0
2025-04-20 13:31:59,694 [WARN] ConditionMgr:1039 - genDependencies : Invalid condition id : UX DEVICE CLASS RTOS Condition cause : null
2025-04-20 13:31:59,695 [WARN] ConditionMgr:1039 - genDependencies : Invalid condition id : UX DEVICE CLASS RTOS Condition cause : null
2025-04-20 13:31:59,695 [WARN] ConditionMgr:1039 - genDependencies : Invalid condition id : UX DEVICE CLASS RTOS Condition cause : null
2025-04-20 13:31:59,695 [WARN] ConditionMgr:1039 - genDependencies : Invalid condition id : UX DEVICE CLASS RTOS Condition cause : null
2025-04-20 13:31:59,695 [WARN] ConditionMgr:1039 - genDependencies : Invalid condition id : UX DEVICE CLASS RTOS Condition cause : null
2025-04-20 13:31:59,709 [WARN] PackLoader:240 - Cannot read IP mode file for STMicroelectronics.X-CUBE-FREERTOS.1.0.1
2025-04-20 13:31:59,727 [WARN] PackLoader:240 - Cannot read IP mode file for STMicroelectronics.X-CUBE-GNSS1.7.0.1
2025-04-20 13:31:59,741 [WARN] PackLoader:240 - Cannot read IP mode file for STMicroelectronics.X-CUBE-TOUCHGFX.4.25.0
2025-04-20 13:31:59,754 [ERROR] Engine:466 - C:\Users\Admin\.stm32cubemx\thirdparties\pdsc\STMicroelectronics.FP-SNS-STBOX1.2.0.0.pdsc: PDSC version is not supported
2025-04-20 13:31:59,776 [WARN] PackLoader:240 - Cannot read IP mode file for STMicroelectronics.X-CUBE-AZRTOS-L5.1.1.0
2025-04-20 13:31:59,790 [WARN] PackLoader:240 - Cannot read IP mode file for STMicroelectronics.X-CUBE-AI.8.0.1
2025-04-20 13:31:59,808 [WARN] PackLoader:240 - Cannot read IP mode file for STMicroelectronics.X-CUBE-SUBG2.5.0.0
2025-04-20 13:31:59,835 [WARN] PackLoader:240 - Cannot read IP mode file for STMicroelectronics.X-CUBE-AZRTOS-H7RS.1.1.0
2025-04-20 13:31:59,849 [WARN] PackLoader:240 - Cannot read IP mode file for Cesanta.I-CUBE-Mongoose.7.13.0
2025-04-20 13:31:59,867 [WARN] PackLoader:240 - Cannot read IP mode file for STMicroelectronics.X-CUBE-TOF1.3.3.1
2025-04-20 13:31:59,892 [WARN] PackLoader:240 - Cannot read IP mode file for STMicroelectronics.X-CUBE-AZRTOS-G4.2.0.0
2025-04-20 13:31:59,908 [ERROR] Engine:466 - C:\Users\Admin\.stm32cubemx\thirdparties\pdsc\STMicroelectronics.X-CUBE-IPS.3.1.0.pdsc: PDSC version is not supported
2025-04-20 13:31:59,920 [WARN] PackLoader:240 - Cannot read IP mode file for STMicroelectronics.X-CUBE-ALS.1.0.2
2025-04-20 13:31:59,934 [WARN] PackLoader:240 - Cannot read IP mode file for STMicroelectronics.X-CUBE-TOUCHGFX.4.24.2
2025-04-20 13:31:59,947 [WARN] PackLoader:240 - Cannot read IP mode file for wolfSSL.I-CUBE-wolfTPM.3.4.0
2025-04-20 13:31:59,961 [WARN] PackLoader:240 - Cannot read IP mode file for portGmbH.I-Cube-SoM-uGOAL.1.1.0
2025-04-20 13:31:59,974 [WARN] PackLoader:240 - Cannot read IP mode file for STMicroelectronics.X-CUBE-ALS.1.0.1
2025-04-20 13:31:59,993 [WARN] PackLoader:240 - Cannot read IP mode file for STMicroelectronics.X-CUBE-AZRTOS-WB.1.1.0
2025-04-20 13:32:00,017 [WARN] PackLoader:240 - Cannot read IP mode file for STMicroelectronics.X-CUBE-AZRTOS-H7RS.1.0.0
2025-04-20 13:32:00,032 [WARN] PackLoader:240 - Cannot read IP mode file for STMicroelectronics.FP-ATR-ASTRA1.2.0.0
2025-04-20 13:32:00,050 [ERROR] Engine:466 - C:\Users\Admin\.stm32cubemx\thirdparties\pdsc\STMicroelectronics.X-CUBE-TOF1.3.4.2.pdsc: PDSC version is not supported
2025-04-20 13:32:00,067 [ERROR] Engine:466 - C:\Users\Admin\.stm32cubemx\thirdparties\pdsc\STMicroelectronics.X-CUBE-TOF1.3.4.3.pdsc: PDSC version is not supported
2025-04-20 13:32:00,080 [WARN] PackLoader:240 - Cannot read IP mode file for wolfSSL.I-CUBE-wolfSSH.1.4.17
2025-04-20 13:32:00,081 [INFO] ThirdParty:978 - Integrity check success = true
2025-04-20 13:32:00,081 [INFO] IntegrityCheckThread:100 - exiting critical section [integrity check]
2025-04-20 13:32:00,081 [INFO] IntegrityCheckThread:103 - End integrity checks thread
2025-04-20 13:32:16,796 [ERROR] LogOutputStream:75 - [STDERR_REDIRECT] SLF4J: Failed to load class "org.slf4j.impl.StaticLoggerBinder".
2025-04-20 13:32:16,796 [ERROR] LogOutputStream:75 - [STDERR_REDIRECT] SLF4J: Defaulting to no-operation (NOP) logger implementation
2025-04-20 13:32:16,797 [ERROR] LogOutputStream:75 - [STDERR_REDIRECT] SLF4J: See http://www.slf4j.org/codes.html#StaticLoggerBinder for further details.
