2025-04-03 21:43:45,523 [INFO] Activator:176 - 


2025-04-03 21:43:45,523 [INFO] Activator:177 - !SESSION log4j initialized
2025-04-03 21:43:53,861 [INFO] LogOutputStream:77 - [STDOUT_REDIRECT] 
2025-04-03 21:43:57,027 [INFO] ApplicationProperties:184 - Using Application install path: D:\ST\STM32CubeIDE_1.13.0\STM32CubeIDE\plugins\com.st.stm32cube.common.mx_6.9.0.202307051724
2025-04-03 21:43:57,047 [INFO] DbMcusXml:78 - Set database path to: D:\ST\STM32CubeIDE_1.13.0\STM32CubeIDE\plugins\com.st.stm32cube.common.mx_6.9.0.202307051724\\db\/mcu/
2025-04-03 21:43:57,047 [INFO] ApiDb:274 - Set plugin database path to: D:\ST\STM32CubeIDE_1.13.0\STM32CubeIDE\plugins\com.st.stm32cube.common.mx_6.9.0.202307051724\\db\/plugins/boardmanager/
2025-04-03 21:43:57,047 [WARN] ApiDb:259 - Overriding images path with different value:  => D:\ST\STM32CubeIDE_1.13.0\STM32CubeIDE\plugins\com.st.stm32cube.common.mx_6.9.0.202307051724\\db\/plugins/mcufinder/images/
2025-04-03 21:43:57,058 [INFO] ApiDb:250 - Set database path to: C:\Users\Admin\.stmcufinder\plugins\mcufinder//mcu/
2025-04-03 21:43:57,058 [INFO] DbMcusAds:125 - Set database path to: C:\Users\Admin\.stmcufinder\plugins\mcufinder//mcu/
2025-04-03 21:43:57,058 [INFO] CrossReferenceDbSqlite:203 - Set database path to: C:\Users\Admin\.stmcufinder\plugins\mcufinder//mcu/cs/
2025-04-03 21:43:57,168 [INFO] RulesReader:64 - Compatibility file has been processed (293 Rules)
2025-04-03 21:43:57,244 [INFO] DbMcusXml:78 - Set database path to: D:\ST\STM32CubeIDE_1.13.0\STM32CubeIDE\plugins\com.st.stm32cube.common.mx_6.9.0.202307051724\\db\/mcu/
2025-04-03 21:43:57,244 [INFO] ApiDb:274 - Set plugin database path to: D:\ST\STM32CubeIDE_1.13.0\STM32CubeIDE\plugins\com.st.stm32cube.common.mx_6.9.0.202307051724\\db\/plugins/boardmanager/
2025-04-03 21:43:57,244 [INFO] ApiDb:261 - Set plugin images path to: D:\ST\STM32CubeIDE_1.13.0\STM32CubeIDE\plugins\com.st.stm32cube.common.mx_6.9.0.202307051724\\db\/plugins/mcufinder/images/
2025-04-03 21:43:57,250 [WARN] DbFile:41 - Overriding database path with different value: C:\Users\Admin\.stmcufinder\plugins\mcufinder/ => C:\Users\Admin\.stmcufinder\plugins\mcufinder
2025-04-03 21:43:57,250 [INFO] ApiDb:250 - Set database path to: C:\Users\Admin\.stmcufinder\plugins\mcufinder//mcu/
2025-04-03 21:43:57,250 [WARN] DbFile:41 - Overriding database path with different value: C:\Users\Admin\.stmcufinder\plugins\mcufinder/ => C:\Users\Admin\.stmcufinder\plugins\mcufinder
2025-04-03 21:43:57,250 [INFO] DbMcusAds:125 - Set database path to: C:\Users\Admin\.stmcufinder\plugins\mcufinder//mcu/
2025-04-03 21:43:57,250 [WARN] DbFile:41 - Overriding database path with different value: C:\Users\Admin\.stmcufinder\plugins\mcufinder/ => C:\Users\Admin\.stmcufinder\plugins\mcufinder
2025-04-03 21:43:57,250 [WARN] DbFile:41 - Overriding database path with different value: C:\Users\Admin\.stmcufinder\plugins\mcufinder/ => C:\Users\Admin\.stmcufinder\plugins\mcufinder
2025-04-03 21:43:57,250 [INFO] CrossReferenceDbSqlite:203 - Set database path to: C:\Users\Admin\.stmcufinder\plugins\mcufinder//mcu/cs/
2025-04-03 21:43:57,324 [INFO] MainPanel:262 - HeapMemory: 268435456
2025-04-03 21:43:57,402 [INFO] DbMcusXml:78 - Set database path to: D:\ST\STM32CubeIDE_1.13.0\STM32CubeIDE\plugins\com.st.stm32cube.common.mx_6.9.0.202307051724\\db\/mcu/
2025-04-03 21:43:57,402 [INFO] ApiDb:274 - Set plugin database path to: D:\ST\STM32CubeIDE_1.13.0\STM32CubeIDE\plugins\com.st.stm32cube.common.mx_6.9.0.202307051724\\db\/plugins/boardmanager/
2025-04-03 21:43:57,402 [INFO] ApiDb:261 - Set plugin images path to: D:\ST\STM32CubeIDE_1.13.0\STM32CubeIDE\plugins\com.st.stm32cube.common.mx_6.9.0.202307051724\\db\/plugins/mcufinder/images/
2025-04-03 21:43:57,402 [WARN] DbFile:41 - Overriding database path with different value: C:\Users\Admin\.stmcufinder\plugins\mcufinder/ => C:\Users\Admin\.stmcufinder\plugins\mcufinder
2025-04-03 21:43:57,402 [INFO] ApiDb:250 - Set database path to: C:\Users\Admin\.stmcufinder\plugins\mcufinder//mcu/
2025-04-03 21:43:57,402 [WARN] DbFile:41 - Overriding database path with different value: C:\Users\Admin\.stmcufinder\plugins\mcufinder/ => C:\Users\Admin\.stmcufinder\plugins\mcufinder
2025-04-03 21:43:57,402 [INFO] DbMcusAds:125 - Set database path to: C:\Users\Admin\.stmcufinder\plugins\mcufinder//mcu/
2025-04-03 21:43:57,402 [WARN] DbFile:41 - Overriding database path with different value: C:\Users\Admin\.stmcufinder\plugins\mcufinder/ => C:\Users\Admin\.stmcufinder\plugins\mcufinder
2025-04-03 21:43:57,402 [WARN] DbFile:41 - Overriding database path with different value: C:\Users\Admin\.stmcufinder\plugins\mcufinder/ => C:\Users\Admin\.stmcufinder\plugins\mcufinder
2025-04-03 21:43:57,402 [INFO] CrossReferenceDbSqlite:203 - Set database path to: C:\Users\Admin\.stmcufinder\plugins\mcufinder//mcu/cs/
2025-04-03 21:43:57,422 [INFO] ApplicationProperties:184 - Using Application install path: D:\ST\STM32CubeIDE_1.13.0\STM32CubeIDE\plugins\com.st.stm32cube.common.mx_6.9.0.202307051724
2025-04-03 21:43:57,422 [INFO] PluginManage:196 - Search for loadable plugins [exclusion list=, ]
2025-04-03 21:43:57,422 [INFO] PluginManage:310 - Check plugin analytics
2025-04-03 21:43:57,573 [INFO] AnalyticsPlugin:253 - Accepted Software Licenses: 
2025-04-03 21:43:57,573 [INFO] AnalyticsPlugin:255 - Accepted CMSIS Pack Licenses: 
2025-04-03 21:43:57,573 [INFO] AnalyticsPlugin:257 - Accepted Firmware Licenses: FW.F4.1.27.0
2025-04-03 21:43:57,573 [INFO] PluginManage:359 - Loaded plugin analytics (category:tool,tabindex:-1)
2025-04-03 21:43:57,573 [INFO] PluginManage:310 - Check plugin cadmodel
2025-04-03 21:43:57,593 [INFO] CADModel:105 - Init CAD model plugin
2025-04-03 21:43:57,593 [INFO] PluginManage:359 - Loaded plugin cadmodel (category:power,tabindex:5)
2025-04-03 21:43:57,593 [INFO] PluginManage:310 - Check plugin clock
2025-04-03 21:43:57,623 [INFO] PluginManage:359 - Loaded plugin clock (category:base,tabindex:2)
2025-04-03 21:43:57,623 [INFO] PluginManage:310 - Check plugin ddr
2025-04-03 21:43:57,623 [INFO] PluginManage:359 - Loaded plugin ddr (category:tool,tabindex:6)
2025-04-03 21:43:57,623 [INFO] PluginManage:310 - Check plugin filemanager
2025-04-03 21:43:57,733 [INFO] PluginManage:359 - Loaded plugin filemanager (category:base,tabindex:10)
2025-04-03 21:43:57,733 [INFO] PluginManage:310 - Check plugin ipmanager
2025-04-03 21:43:57,743 [INFO] PluginManage:359 - Loaded plugin ipmanager (category:base,tabindex:5)
2025-04-03 21:43:57,743 [INFO] PluginManage:310 - Check plugin lpbam
2025-04-03 21:43:57,763 [INFO] PluginManage:359 - Loaded plugin lpbam (category:base,tabindex:0)
2025-04-03 21:43:57,763 [INFO] PluginManage:310 - Check plugin memorymap
2025-04-03 21:43:57,795 [INFO] PluginManage:359 - Loaded plugin memorymap (category:base,tabindex:4)
2025-04-03 21:43:57,795 [INFO] PluginManage:310 - Check plugin pinoutandconfiguration
2025-04-03 21:43:57,814 [INFO] PluginManage:359 - Loaded plugin pinoutandconfiguration (category:base,tabindex:1)
2025-04-03 21:43:57,814 [INFO] PluginManage:310 - Check plugin pinoutconfig
2025-04-03 21:43:57,907 [WARN] SupportedApi:132 - Cannot load RTOS API schema: s4s-elt-must-match.1: The content of 'definitions' must match (annotation?, (simpleType | complexType)?, (unique | key | keyref)*)). A problem was found starting at: attribute.
2025-04-03 21:43:58,034 [INFO] PluginManage:359 - Loaded plugin pinoutconfig (category:base,tabindex:0)
2025-04-03 21:43:58,034 [INFO] PluginManage:310 - Check plugin power
2025-04-03 21:43:58,059 [INFO] PluginManage:359 - Loaded plugin power (category:power,tabindex:4)
2025-04-03 21:43:58,059 [INFO] PluginManage:310 - Check plugin projectmanager
2025-04-03 21:43:58,073 [INFO] PluginManage:359 - Loaded plugin projectmanager (category:projectmanager,tabindex:3)
2025-04-03 21:43:58,074 [INFO] PluginManage:310 - Check plugin thirdparty
2025-04-03 21:43:58,353 [INFO] PluginManage:359 - Loaded plugin thirdparty (category:base,tabindex:-1)
2025-04-03 21:43:58,353 [WARN] IntegrityCheckThread:84 - waiting for thirdparty lock release [integrity check]
2025-04-03 21:43:58,353 [INFO] PluginManage:310 - Check plugin tools
2025-04-03 21:43:58,353 [INFO] IntegrityCheckThread:86 - entering critical section [integrity check]
2025-04-03 21:43:58,353 [INFO] ThirdPartyUpdaterWithRetryManager:70 - Updater plugin not ready yet. [1/15]
2025-04-03 21:43:58,383 [INFO] PluginManage:359 - Loaded plugin tools (category:base,tabindex:7)
2025-04-03 21:43:58,383 [INFO] PluginManage:310 - Check plugin tutovideos
2025-04-03 21:43:58,573 [INFO] PluginManage:359 - Loaded plugin tutovideos (category:base,tabindex:-1)
2025-04-03 21:43:58,573 [INFO] PluginManage:310 - Check plugin updater
2025-04-03 21:43:58,586 [INFO] PluginManage:359 - Loaded plugin updater (category:base,tabindex:12)
2025-04-03 21:43:58,586 [INFO] PluginManage:310 - Check plugin userauth
2025-04-03 21:43:58,586 [INFO] UserAuth:113 - Init User Auth plugin
2025-04-03 21:43:58,586 [INFO] PluginManage:359 - Loaded plugin userauth (category:base,tabindex:14)
2025-04-03 21:43:58,586 [INFO] PluginManage:283 - PluginManage : Loaded plugins [17]
2025-04-03 21:43:58,792 [INFO] PinOutPanel:1499 - setPackage(No Configuration,No Configuration)
2025-04-03 21:43:58,883 [INFO] CADModel:165 - CPN selected for project level
2025-04-03 21:43:58,883 [INFO] CADModel:114 - Register for checkConnection events
2025-04-03 21:43:58,913 [INFO] IPUIPlugin:80 - create IPUIPlugin
2025-04-03 21:43:58,913 [INFO] PluginManager:220 - loadIPPluginJar : add adc
2025-04-03 21:43:58,943 [INFO] IPUIPlugin:80 - create IPUIPlugin
2025-04-03 21:43:58,943 [INFO] PluginManager:220 - loadIPPluginJar : add aes
2025-04-03 21:43:58,983 [INFO] IPUIPlugin:80 - create IPUIPlugin
2025-04-03 21:43:58,983 [INFO] PluginManager:220 - loadIPPluginJar : add can
2025-04-03 21:43:59,013 [INFO] IPUIPlugin:80 - create IPUIPlugin
2025-04-03 21:43:59,013 [INFO] PluginManager:220 - loadIPPluginJar : add comp
2025-04-03 21:43:59,044 [INFO] IPUIPlugin:80 - create IPUIPlugin
2025-04-03 21:43:59,044 [INFO] PluginManager:220 - loadIPPluginJar : add cryp
2025-04-03 21:43:59,074 [INFO] IPUIPlugin:80 - create IPUIPlugin
2025-04-03 21:43:59,074 [INFO] PluginManager:220 - loadIPPluginJar : add dfsdm
2025-04-03 21:43:59,086 [INFO] IPUIPlugin:80 - create IPUIPlugin
2025-04-03 21:43:59,094 [INFO] PluginManager:220 - loadIPPluginJar : add dma
2025-04-03 21:43:59,124 [INFO] IPUIPlugin:80 - create IPUIPlugin
2025-04-03 21:43:59,124 [INFO] PluginManager:220 - loadIPPluginJar : add dma3
2025-04-03 21:43:59,144 [INFO] IPUIPlugin:80 - create IPUIPlugin
2025-04-03 21:43:59,144 [INFO] PluginManager:220 - loadIPPluginJar : add fatfs
2025-04-03 21:43:59,194 [INFO] IPUIPlugin:80 - create IPUIPlugin
2025-04-03 21:43:59,194 [INFO] PluginManager:220 - loadIPPluginJar : add fmc
2025-04-03 21:43:59,234 [INFO] IPUIPlugin:80 - create IPUIPlugin
2025-04-03 21:43:59,234 [INFO] PluginManager:220 - loadIPPluginJar : add freertos
2025-04-03 21:43:59,254 [INFO] IPUIPlugin:80 - create IPUIPlugin
2025-04-03 21:43:59,254 [INFO] PluginManager:220 - loadIPPluginJar : add genericplugin
2025-04-03 21:43:59,334 [INFO] IPUIPlugin:80 - create IPUIPlugin
2025-04-03 21:43:59,334 [INFO] PluginManager:220 - loadIPPluginJar : add gfxmmu
2025-04-03 21:43:59,445 [INFO] IPUIPlugin:80 - create IPUIPlugin
2025-04-03 21:43:59,445 [INFO] PluginManager:220 - loadIPPluginJar : add gic
2025-04-03 21:43:59,455 [INFO] IPUIPlugin:80 - create IPUIPlugin
2025-04-03 21:43:59,455 [INFO] PluginManager:220 - loadIPPluginJar : add gpio
2025-04-03 21:43:59,545 [INFO] IPUIPlugin:80 - create IPUIPlugin
2025-04-03 21:43:59,545 [INFO] PluginManager:220 - loadIPPluginJar : add gtzc
2025-04-03 21:43:59,580 [INFO] IPUIPlugin:80 - create IPUIPlugin
2025-04-03 21:43:59,580 [INFO] PluginManager:220 - loadIPPluginJar : add hash
2025-04-03 21:43:59,627 [INFO] IPUIPlugin:80 - create IPUIPlugin
2025-04-03 21:43:59,627 [INFO] PluginManager:220 - loadIPPluginJar : add i2c
2025-04-03 21:43:59,666 [INFO] IPUIPlugin:80 - create IPUIPlugin
2025-04-03 21:43:59,666 [INFO] PluginManager:220 - loadIPPluginJar : add i2s
2025-04-03 21:43:59,696 [INFO] IPUIPlugin:80 - create IPUIPlugin
2025-04-03 21:43:59,696 [INFO] PluginManager:220 - loadIPPluginJar : add i3c
2025-04-03 21:43:59,796 [INFO] IPUIPlugin:80 - create IPUIPlugin
2025-04-03 21:43:59,796 [INFO] PluginManager:220 - loadIPPluginJar : add ipddr
2025-04-03 21:43:59,866 [INFO] IPUIPlugin:80 - create IPUIPlugin
2025-04-03 21:43:59,866 [INFO] PluginManager:220 - loadIPPluginJar : add linkedlist
2025-04-03 21:43:59,906 [INFO] IPUIPlugin:80 - create IPUIPlugin
2025-04-03 21:43:59,906 [INFO] PluginManager:220 - loadIPPluginJar : add lorawan
2025-04-03 21:43:59,938 [INFO] IPUIPlugin:80 - create IPUIPlugin
2025-04-03 21:43:59,938 [INFO] PluginManager:220 - loadIPPluginJar : add ltdc
2025-04-03 21:43:59,957 [INFO] IPUIPlugin:80 - create IPUIPlugin
2025-04-03 21:43:59,957 [INFO] PluginManager:220 - loadIPPluginJar : add mdma
2025-04-03 21:43:59,967 [INFO] IPUIPlugin:80 - create IPUIPlugin
2025-04-03 21:43:59,967 [INFO] PluginManager:220 - loadIPPluginJar : add nvic
2025-04-03 21:43:59,997 [INFO] IPUIPlugin:80 - create IPUIPlugin
2025-04-03 21:43:59,997 [INFO] PluginManager:220 - loadIPPluginJar : add opamp
2025-04-03 21:44:00,057 [INFO] IPUIPlugin:80 - create IPUIPlugin
2025-04-03 21:44:00,057 [INFO] PluginManager:220 - loadIPPluginJar : add openamp
2025-04-03 21:44:00,097 [INFO] IPUIPlugin:80 - create IPUIPlugin
2025-04-03 21:44:00,107 [INFO] PluginManager:220 - loadIPPluginJar : add pdm2pcm
2025-04-03 21:44:00,117 [INFO] IPUIPlugin:80 - create IPUIPlugin
2025-04-03 21:44:00,127 [INFO] PluginManager:220 - loadIPPluginJar : add plateformsettings
2025-04-03 21:44:00,157 [INFO] IPUIPlugin:80 - create IPUIPlugin
2025-04-03 21:44:00,157 [INFO] PluginManager:220 - loadIPPluginJar : add quadspi
2025-04-03 21:44:00,177 [INFO] IPUIPlugin:80 - create IPUIPlugin
2025-04-03 21:44:00,177 [INFO] PluginManager:220 - loadIPPluginJar : add resmgrutility
2025-04-03 21:44:00,228 [INFO] IPUIPlugin:80 - create IPUIPlugin
2025-04-03 21:44:00,228 [INFO] PluginManager:220 - loadIPPluginJar : add sai
2025-04-03 21:44:00,258 [INFO] IPUIPlugin:80 - create IPUIPlugin
2025-04-03 21:44:00,258 [INFO] PluginManager:220 - loadIPPluginJar : add spi
2025-04-03 21:44:00,308 [INFO] IPUIPlugin:80 - create IPUIPlugin
2025-04-03 21:44:00,308 [INFO] PluginManager:220 - loadIPPluginJar : add stm32_wpan
2025-04-03 21:44:00,338 [INFO] IPUIPlugin:80 - create IPUIPlugin
2025-04-03 21:44:00,338 [INFO] PluginManager:220 - loadIPPluginJar : add tim
2025-04-03 21:44:00,378 [INFO] IPUIPlugin:80 - create IPUIPlugin
2025-04-03 21:44:00,378 [INFO] PluginManager:220 - loadIPPluginJar : add touchsensing
2025-04-03 21:44:00,409 [INFO] IPUIPlugin:80 - create IPUIPlugin
2025-04-03 21:44:00,409 [INFO] PluginManager:220 - loadIPPluginJar : add tracer_emb
2025-04-03 21:44:00,429 [INFO] IPUIPlugin:80 - create IPUIPlugin
2025-04-03 21:44:00,429 [INFO] PluginManager:220 - loadIPPluginJar : add ts
2025-04-03 21:44:00,449 [INFO] IPUIPlugin:80 - create IPUIPlugin
2025-04-03 21:44:00,449 [INFO] PluginManager:220 - loadIPPluginJar : add tsc
2025-04-03 21:44:00,469 [INFO] IPUIPlugin:80 - create IPUIPlugin
2025-04-03 21:44:00,469 [INFO] PluginManager:220 - loadIPPluginJar : add ucpd
2025-04-03 21:44:00,519 [INFO] IPUIPlugin:80 - create IPUIPlugin
2025-04-03 21:44:00,519 [INFO] PluginManager:220 - loadIPPluginJar : add usart
2025-04-03 21:44:00,559 [INFO] IPUIPlugin:80 - create IPUIPlugin
2025-04-03 21:44:00,559 [INFO] PluginManager:220 - loadIPPluginJar : add usbx
2025-04-03 21:44:00,680 [INFO] CADModel:165 - CPN selected for project level
2025-04-03 21:44:00,680 [INFO] CADModel:114 - Register for checkConnection events
2025-04-03 21:44:00,680 [FATAL] Updater:308 - Updater called before beeing initialized
2025-04-03 21:44:00,680 [ERROR] CADModel:125 - Updater not yet initialized, retry later 
2025-04-03 21:44:00,814 [INFO] CADModel:165 - CPN selected for project level
2025-04-03 21:44:00,814 [INFO] CADModel:114 - Register for checkConnection events
2025-04-03 21:44:00,814 [FATAL] Updater:308 - Updater called before beeing initialized
2025-04-03 21:44:00,814 [ERROR] CADModel:125 - Updater not yet initialized, retry later 
2025-04-03 21:44:00,824 [FATAL] Updater:308 - Updater called before beeing initialized
2025-04-03 21:44:00,915 [FATAL] Updater:308 - Updater called before beeing initialized
2025-04-03 21:44:00,925 [INFO] DbMcusAds:53 - JSON generation date=Thu Mar 06 21:54:21 ICT 2025 (1741272861825)
2025-04-03 21:44:00,925 [FATAL] Updater:308 - Updater called before beeing initialized
2025-04-03 21:44:01,032 [WARN] DetailPanel:346 - Failed to get advertising image, set to default
2025-04-03 21:44:01,128 [FATAL] Updater:308 - Updater called before beeing initialized
2025-04-03 21:44:01,138 [FATAL] Updater:308 - Updater called before beeing initialized
2025-04-03 21:44:01,139 [FATAL] Updater:308 - Updater called before beeing initialized
2025-04-03 21:44:01,139 [WARN] DetailPanel:346 - Failed to get advertising image, set to default
2025-04-03 21:44:01,139 [FATAL] Updater:308 - Updater called before beeing initialized
2025-04-03 21:44:01,189 [ERROR] Updater:1120 - MainUpdater not yet initialized. External WinMGr cannot be set.
2025-04-03 21:44:01,209 [INFO] Updater:1056 - Updater Version found : 6.9.0
2025-04-03 21:44:01,220 [INFO] ApplicationProperties:184 - Using Application install path: D:\ST\STM32CubeIDE_1.13.0\STM32CubeIDE\plugins\com.st.stm32cube.common.mx_6.9.0.202307051724
2025-04-03 21:44:01,362 [INFO] ThirdPartyUpdaterWithRetryManager:70 - Updater plugin not ready yet. [2/15]
2025-04-03 21:44:01,940 [INFO] MainUpdater:2868 - connection check result : 10
2025-04-03 21:44:01,940 [INFO] MainUpdater:285 - Updater Check For Update Now.
2025-04-03 21:44:01,940 [INFO] MicroXplorer:498 - Change Database Version : DB.6.0.90
2025-04-03 21:44:01,948 [INFO] McuFinderGlobals:63 - Set McuFinder mode to 2 (CubeIDE integrated)
2025-04-03 21:44:02,164 [INFO] CheckServerUpdateThread:120 - End of CheckServer Thread
2025-04-03 21:44:04,582 [WARN] PackLoader:240 - Cannot read IP mode file for STMicroelectronics.FP-SNS-MOTENVWB1.1.4.0
2025-04-03 21:44:04,600 [WARN] PackLoader:240 - Cannot read IP mode file for STMicroelectronics.FP-ATR-ASTRA1.2.0.2
2025-04-03 21:44:04,608 [WARN] PackLoader:240 - Cannot read IP mode file for STMicroelectronics.FP-ATR-ASTRA1.2.0.1
2025-04-03 21:44:04,618 [WARN] PackLoader:240 - Cannot read IP mode file for STMicroelectronics.X-CUBE-SMBUS.2.1.0
2025-04-03 21:44:04,639 [WARN] PackLoader:240 - Cannot read IP mode file for STMicroelectronics.X-CUBE-WB05N.1.1.0
2025-04-03 21:44:04,683 [WARN] PackLoader:240 - Cannot read IP mode file for STMicroelectronics.X-CUBE-AZRTOS-F7.1.1.0
2025-04-03 21:44:04,700 [WARN] PackLoader:240 - Cannot read IP mode file for STMicroelectronics.FP-SNS-MOTENV1.4.3.2
2025-04-03 21:44:04,711 [WARN] PackLoader:240 - Cannot read IP mode file for STMicroelectronics.FP-SNS-FLIGHT1.5.0.1
2025-04-03 21:44:04,731 [WARN] PackLoader:240 - Cannot read IP mode file for STMicroelectronics.X-CUBE-BLE1.6.2.4
2025-04-03 21:44:04,749 [WARN] PackLoader:240 - Cannot read IP mode file for STMicroelectronics.FP-SNS-FLIGHT1.5.0.2
2025-04-03 21:44:04,762 [ERROR] Engine:466 - C:\Users\Admin\.stm32cubemx\thirdparties\pdsc\Infineon.AIROC-Wi-Fi-Bluetooth-STM32.1.7.0.pdsc: PDSC version is not supported
2025-04-03 21:44:04,790 [WARN] PackLoader:240 - Cannot read IP mode file for STMicroelectronics.X-CUBE-DISPLAY.3.0.0
2025-04-03 21:44:04,802 [WARN] PackLoader:240 - Cannot read IP mode file for STMicroelectronics.X-CUBE-BLE1.7.0.0
2025-04-03 21:44:04,823 [WARN] PackLoader:240 - Cannot read IP mode file for STMicroelectronics.X-CUBE-NFC10.1.0.0
2025-04-03 21:44:04,833 [ERROR] Engine:466 - C:\Users\Admin\.stm32cubemx\thirdparties\pdsc\STMicroelectronics.X-CUBE-BLEMGR.4.0.0.pdsc: PDSC version is not supported
2025-04-03 21:44:04,851 [WARN] PackLoader:240 - Cannot read IP mode file for emotas.I-CUBE-CANOPEN.1.3.0
2025-04-03 21:44:04,864 [WARN] PackLoader:240 - Cannot read IP mode file for STMicroelectronics.X-CUBE-TOUCHGFX.4.22.0
2025-04-03 21:44:04,874 [WARN] PackLoader:240 - Cannot read IP mode file for STMicroelectronics.X-CUBE-AI.10.0.0
2025-04-03 21:44:04,884 [WARN] PackLoader:240 - Cannot read IP mode file for STMicroelectronics.FP-SNS-SMARTAG2.1.2.0
2025-04-03 21:44:04,895 [ERROR] Engine:466 - C:\Users\Admin\.stm32cubemx\thirdparties\pdsc\STMicroelectronics.FP-SNS-FLIGHT1.5.1.0.pdsc: PDSC version is not supported
2025-04-03 21:44:04,956 [WARN] PackLoader:240 - Cannot read IP mode file for STMicroelectronics.X-CUBE-MEMS1.11.1.0
2025-04-03 21:44:05,115 [INFO] LogOutputStream:77 - [STDOUT_REDIRECT] 1 : Invalid condition id : UX_CORESTACK_Condition cause : null
2025-04-03 21:44:05,115 [INFO] LogOutputStream:77 - [STDOUT_REDIRECT] 1 : Invalid condition id : UX_CORESTACK_Condition cause : null
2025-04-03 21:44:05,116 [INFO] LogOutputStream:77 - [STDOUT_REDIRECT] 1 : Invalid condition id : UX_CORESTACK_Condition cause : null
2025-04-03 21:44:05,116 [INFO] LogOutputStream:77 - [STDOUT_REDIRECT] 1 : Invalid condition id : UX_CORESTACK_Condition cause : null
2025-04-03 21:44:05,116 [INFO] LogOutputStream:77 - [STDOUT_REDIRECT] 1 : Invalid condition id : UX_CORESTACK_Condition cause : null
2025-04-03 21:44:05,119 [WARN] PackLoader:240 - Cannot read IP mode file for STMicroelectronics.X-CUBE-AZRTOS-WL.2.0.0
2025-04-03 21:44:05,129 [WARN] PackLoader:240 - Cannot read IP mode file for STMicroelectronics.FP-SNS-MOTENV1.5.0.0
2025-04-03 21:44:05,149 [WARN] PackLoader:240 - Cannot read IP mode file for wolfSSL.I-CUBE-wolfMQTT.1.19.0
2025-04-03 21:44:05,171 [WARN] PackLoader:240 - Cannot read IP mode file for WES.I-CUBE-Cesium.1.3.0
2025-04-03 21:44:05,189 [WARN] PackLoader:240 - Cannot read IP mode file for STMicroelectronics.X-CUBE-BLE2.3.3.0
2025-04-03 21:44:05,204 [WARN] PackLoader:240 - Cannot read IP mode file for STMicroelectronics.X-CUBE-NFC9.1.0.0
2025-04-03 21:44:05,221 [WARN] PackLoader:240 - Cannot read IP mode file for STMicroelectronics.X-CUBE-BLE1.7.1.0
2025-04-03 21:44:05,236 [WARN] PackLoader:240 - Cannot read IP mode file for STMicroelectronics.X-CUBE-ALGOBUILD.1.3.0
2025-04-03 21:44:05,263 [WARN] PackLoader:240 - Cannot read IP mode file for STMicroelectronics.X-CUBE-AZRTOS-G0.1.1.0
2025-04-03 21:44:05,284 [WARN] PackLoader:240 - Cannot read IP mode file for STMicroelectronics.X-CUBE-SAFEA1.1.2.2
2025-04-03 21:44:05,293 [WARN] PackLoader:240 - Cannot read IP mode file for STMicroelectronics.X-CUBE-NFC4.3.0.0
2025-04-03 21:44:05,312 [ERROR] Engine:466 - C:\Users\Admin\.stm32cubemx\thirdparties\pdsc\EmbeddedOffice.I-CUBE-FS-RTOS.1.0.1.pdsc: PDSC version is not supported
2025-04-03 21:44:05,324 [ERROR] Engine:466 - C:\Users\Admin\.stm32cubemx\thirdparties\pdsc\STMicroelectronics.X-CUBE-TCPP.4.2.0.pdsc: PDSC version is not supported
2025-04-03 21:44:05,333 [ERROR] Engine:466 - C:\Users\Admin\.stm32cubemx\thirdparties\pdsc\RealThread.X-CUBE-RT-Thread_Nano.4.1.1.pdsc: PDSC version is not supported
2025-04-03 21:44:05,353 [WARN] PackLoader:240 - Cannot read IP mode file for STMicroelectronics.FP-ATR-SIGFOX1.3.2.0
2025-04-03 21:44:05,363 [ERROR] Engine:466 - C:\Users\Admin\.stm32cubemx\thirdparties\pdsc\quantropi.X-CUBE-qispace-sdk-base.1.9.3.pdsc: PDSC version is not supported
2025-04-03 21:44:05,373 [WARN] PackLoader:240 - Cannot read IP mode file for STMicroelectronics.X-CUBE-EEPRMA1.5.1.0
2025-04-03 21:44:05,398 [WARN] PackLoader:240 - Cannot read IP mode file for ITTIA_DB.I-CUBE-ITTIADB.8.9.0
2025-04-03 21:44:05,436 [WARN] PackLoader:240 - Cannot read IP mode file for SEGGER.I-CUBE-embOS.1.3.1
2025-04-03 21:44:05,481 [WARN] PackLoader:240 - Cannot read IP mode file for STMicroelectronics.X-CUBE-ALGOBUILD.1.4.0
2025-04-03 21:44:05,496 [WARN] PackLoader:240 - Cannot read IP mode file for STMicroelectronics.X-CUBE-GNSS1.6.0.0
2025-04-03 21:44:05,526 [WARN] PackLoader:240 - Cannot read IP mode file for STMicroelectronics.X-CUBE-AZRTOS-F4.1.1.0
2025-04-03 21:44:05,544 [WARN] PackLoader:240 - Cannot read IP mode file for wolfSSL.I-CUBE-wolfSSL.5.6.3
2025-04-03 21:44:05,557 [WARN] PackLoader:240 - Cannot read IP mode file for STMicroelectronics.X-CUBE-ISPU.2.1.0
2025-04-03 21:44:05,587 [WARN] PackLoader:240 - Cannot read IP mode file for STMicroelectronics.X-CUBE-AZRTOS-L5.2.0.0
2025-04-03 21:44:05,628 [WARN] PackLoader:240 - Cannot read IP mode file for STMicroelectronics.X-CUBE-MEMS1.9.6.0
2025-04-03 21:44:05,753 [WARN] PackLoader:240 - Cannot read IP mode file for STMicroelectronics.X-CUBE-NFC6.3.1.0
2025-04-03 21:44:05,770 [WARN] PackLoader:240 - Cannot read IP mode file for STMicroelectronics.X-CUBE-BLEMGR.2.0.0
2025-04-03 21:44:05,790 [ERROR] Engine:466 - C:\Users\Admin\.stm32cubemx\thirdparties\pdsc\STMicroelectronics.X-CUBE-DPower.1.2.0.pdsc: PDSC version is not supported
2025-04-03 21:44:05,820 [WARN] ConditionMgr:438 - getConditionDescription Invalid condition id : UX DEVICE CLASS RTOS Condition cause : null
2025-04-03 21:44:05,820 [WARN] ConditionMgr:438 - getConditionDescription Invalid condition id : UX DEVICE CLASS RTOS Condition cause : null
2025-04-03 21:44:05,820 [WARN] PackLoader:240 - Cannot read IP mode file for STMicroelectronics.X-CUBE-AZRTOS-H7.3.1.0
2025-04-03 21:44:05,820 [WARN] ConditionMgr:1039 - genDependencies : Invalid condition id : UX DEVICE CLASS RTOS Condition cause : null
2025-04-03 21:44:05,820 [WARN] ConditionMgr:1039 - genDependencies : Invalid condition id : UX DEVICE CLASS RTOS Condition cause : null
2025-04-03 21:44:05,820 [WARN] ConditionMgr:1039 - genDependencies : Invalid condition id : UX DEVICE CLASS RTOS Condition cause : null
2025-04-03 21:44:05,820 [WARN] ConditionMgr:1039 - genDependencies : Invalid condition id : UX DEVICE CLASS RTOS Condition cause : null
2025-04-03 21:44:05,820 [WARN] ConditionMgr:1039 - genDependencies : Invalid condition id : UX DEVICE CLASS RTOS Condition cause : null
2025-04-03 21:44:05,841 [WARN] PackLoader:240 - Cannot read IP mode file for STMicroelectronics.X-CUBE-FREERTOS.1.3.0
2025-04-03 21:44:05,851 [WARN] PackLoader:240 - Cannot read IP mode file for STMicroelectronics.X-CUBE-NFC7.1.0.1
2025-04-03 21:44:05,871 [WARN] PackLoader:240 - Cannot read IP mode file for STMicroelectronics.X-CUBE-EEPRMA1.4.1.0
2025-04-03 21:44:05,883 [ERROR] Engine:466 - C:\Users\Admin\.stm32cubemx\thirdparties\pdsc\STMicroelectronics.X-CUBE-DPower.1.3.0.pdsc: PDSC version is not supported
2025-04-03 21:44:05,892 [WARN] PackLoader:240 - Cannot read IP mode file for STMicroelectronics.X-CUBE-AI.8.1.0
2025-04-03 21:44:05,932 [WARN] ConditionMgr:438 - getConditionDescription Invalid condition id : LAN8742 Phy interface Condition cause : null
2025-04-03 21:44:05,932 [WARN] PackLoader:240 - Cannot read IP mode file for STMicroelectronics.X-CUBE-AZRTOS-L4.2.0.0
2025-04-03 21:44:05,932 [WARN] ConditionMgr:1039 - genDependencies : Invalid condition id : LAN8742 Phy interface Condition cause : null
2025-04-03 21:44:05,932 [WARN] ConditionMgr:1039 - genDependencies : Invalid condition id : LAN8742 Phy interface Condition cause : null
2025-04-03 21:44:05,932 [WARN] ConditionMgr:1039 - genDependencies : Invalid condition id : LAN8742 Phy interface Condition cause : null
2025-04-03 21:44:05,947 [WARN] PackLoader:240 - Cannot read IP mode file for STMicroelectronics.X-CUBE-SFXS2LP1.4.0.0
2025-04-03 21:44:05,964 [WARN] PackLoader:240 - Cannot read IP mode file for STMicroelectronics.X-CUBE-ISPU.1.1.0
2025-04-03 21:44:05,993 [WARN] PackLoader:240 - Cannot read IP mode file for STMicroelectronics.X-CUBE-AZRTOS-H7.3.3.0
2025-04-03 21:44:06,023 [WARN] ConditionMgr:438 - getConditionDescription Invalid condition id : UX DEVICE CLASS RTOS Condition cause : null
2025-04-03 21:44:06,023 [WARN] ConditionMgr:438 - getConditionDescription Invalid condition id : UX DEVICE CLASS RTOS Condition cause : null
2025-04-03 21:44:06,027 [WARN] PackLoader:240 - Cannot read IP mode file for STMicroelectronics.X-CUBE-AZRTOS-WB.2.0.0
2025-04-03 21:44:06,027 [WARN] ConditionMgr:1039 - genDependencies : Invalid condition id : UX DEVICE CLASS RTOS Condition cause : null
2025-04-03 21:44:06,027 [WARN] ConditionMgr:1039 - genDependencies : Invalid condition id : UX DEVICE CLASS RTOS Condition cause : null
2025-04-03 21:44:06,027 [WARN] ConditionMgr:1039 - genDependencies : Invalid condition id : UX DEVICE CLASS RTOS Condition cause : null
2025-04-03 21:44:06,027 [WARN] ConditionMgr:1039 - genDependencies : Invalid condition id : UX DEVICE CLASS RTOS Condition cause : null
2025-04-03 21:44:06,027 [WARN] ConditionMgr:1039 - genDependencies : Invalid condition id : UX DEVICE CLASS RTOS Condition cause : null
2025-04-03 21:44:06,041 [WARN] PackLoader:240 - Cannot read IP mode file for STMicroelectronics.X-CUBE-FREERTOS.1.0.1
2025-04-03 21:44:06,057 [WARN] PackLoader:240 - Cannot read IP mode file for STMicroelectronics.X-CUBE-GNSS1.7.0.1
2025-04-03 21:44:06,065 [WARN] PackLoader:240 - Cannot read IP mode file for STMicroelectronics.X-CUBE-TOUCHGFX.4.25.0
2025-04-03 21:44:06,087 [ERROR] Engine:466 - C:\Users\Admin\.stm32cubemx\thirdparties\pdsc\STMicroelectronics.FP-SNS-STBOX1.2.0.0.pdsc: PDSC version is not supported
2025-04-03 21:44:06,115 [WARN] PackLoader:240 - Cannot read IP mode file for STMicroelectronics.X-CUBE-AZRTOS-L5.1.1.0
2025-04-03 21:44:06,130 [WARN] PackLoader:240 - Cannot read IP mode file for STMicroelectronics.X-CUBE-AI.8.0.1
2025-04-03 21:44:06,150 [WARN] PackLoader:240 - Cannot read IP mode file for STMicroelectronics.X-CUBE-SUBG2.5.0.0
2025-04-03 21:44:06,182 [WARN] PackLoader:240 - Cannot read IP mode file for STMicroelectronics.X-CUBE-AZRTOS-H7RS.1.1.0
2025-04-03 21:44:06,198 [WARN] PackLoader:240 - Cannot read IP mode file for Cesanta.I-CUBE-Mongoose.7.13.0
2025-04-03 21:44:06,218 [WARN] PackLoader:240 - Cannot read IP mode file for STMicroelectronics.X-CUBE-TOF1.3.3.1
2025-04-03 21:44:06,249 [WARN] PackLoader:240 - Cannot read IP mode file for STMicroelectronics.X-CUBE-AZRTOS-G4.2.0.0
2025-04-03 21:44:06,259 [ERROR] Engine:466 - C:\Users\Admin\.stm32cubemx\thirdparties\pdsc\STMicroelectronics.X-CUBE-IPS.3.1.0.pdsc: PDSC version is not supported
2025-04-03 21:44:06,279 [WARN] PackLoader:240 - Cannot read IP mode file for STMicroelectronics.X-CUBE-ALS.1.0.2
2025-04-03 21:44:06,295 [WARN] PackLoader:240 - Cannot read IP mode file for STMicroelectronics.X-CUBE-TOUCHGFX.4.24.2
2025-04-03 21:44:06,310 [WARN] PackLoader:240 - Cannot read IP mode file for wolfSSL.I-CUBE-wolfTPM.3.4.0
2025-04-03 21:44:06,328 [WARN] PackLoader:240 - Cannot read IP mode file for portGmbH.I-Cube-SoM-uGOAL.1.1.0
2025-04-03 21:44:06,340 [WARN] PackLoader:240 - Cannot read IP mode file for STMicroelectronics.X-CUBE-ALS.1.0.1
2025-04-03 21:44:06,360 [WARN] PackLoader:240 - Cannot read IP mode file for STMicroelectronics.X-CUBE-AZRTOS-WB.1.1.0
2025-04-03 21:44:06,390 [WARN] PackLoader:240 - Cannot read IP mode file for STMicroelectronics.X-CUBE-AZRTOS-H7RS.1.0.0
2025-04-03 21:44:06,404 [WARN] PackLoader:240 - Cannot read IP mode file for STMicroelectronics.FP-ATR-ASTRA1.2.0.0
2025-04-03 21:44:06,424 [ERROR] Engine:466 - C:\Users\Admin\.stm32cubemx\thirdparties\pdsc\STMicroelectronics.X-CUBE-TOF1.3.4.2.pdsc: PDSC version is not supported
2025-04-03 21:44:06,441 [WARN] PackLoader:240 - Cannot read IP mode file for wolfSSL.I-CUBE-wolfSSH.1.4.17
2025-04-03 21:44:06,441 [INFO] ThirdParty:978 - Integrity check success = true
2025-04-03 21:44:06,441 [INFO] IntegrityCheckThread:100 - exiting critical section [integrity check]
2025-04-03 21:44:06,441 [INFO] IntegrityCheckThread:103 - End integrity checks thread
2025-04-03 21:44:23,074 [ERROR] LogOutputStream:75 - [STDERR_REDIRECT] SLF4J: Failed to load class "org.slf4j.impl.StaticLoggerBinder".
2025-04-03 21:44:23,074 [ERROR] LogOutputStream:75 - [STDERR_REDIRECT] SLF4J: Defaulting to no-operation (NOP) logger implementation
2025-04-03 21:44:23,075 [ERROR] LogOutputStream:75 - [STDERR_REDIRECT] SLF4J: See http://www.slf4j.org/codes.html#StaticLoggerBinder for further details.
