2025-03-15 19:28:23,105 [INFO] Activator:176 - 


2025-03-15 19:28:23,110 [INFO] Activator:177 - !SESSION log4j initialized
2025-03-15 19:28:28,850 [INFO] LogOutputStream:77 - [STDOUT_REDIRECT] 
2025-03-15 19:28:32,226 [INFO] ApplicationProperties:184 - Using Application install path: D:\ST\STM32CubeIDE_1.13.0\STM32CubeIDE\plugins\com.st.stm32cube.common.mx_6.9.0.202307051724
2025-03-15 19:28:32,254 [INFO] DbMcusXml:78 - Set database path to: D:\ST\STM32CubeIDE_1.13.0\STM32CubeIDE\plugins\com.st.stm32cube.common.mx_6.9.0.202307051724\\db\/mcu/
2025-03-15 19:28:32,255 [INFO] ApiDb:274 - Set plugin database path to: D:\ST\STM32CubeIDE_1.13.0\STM32CubeIDE\plugins\com.st.stm32cube.common.mx_6.9.0.202307051724\\db\/plugins/boardmanager/
2025-03-15 19:28:32,256 [WARN] ApiDb:259 - Overriding images path with different value:  => D:\ST\STM32CubeIDE_1.13.0\STM32CubeIDE\plugins\com.st.stm32cube.common.mx_6.9.0.202307051724\\db\/plugins/mcufinder/images/
2025-03-15 19:28:32,275 [INFO] ApiDb:250 - Set database path to: C:\Users\Admin\.stmcufinder\plugins\mcufinder//mcu/
2025-03-15 19:28:32,277 [INFO] DbMcusAds:125 - Set database path to: C:\Users\Admin\.stmcufinder\plugins\mcufinder//mcu/
2025-03-15 19:28:32,894 [INFO] CrossReferenceDbSqlite:203 - Set database path to: C:\Users\Admin\.stmcufinder\plugins\mcufinder//mcu/cs/
2025-03-15 19:28:33,086 [INFO] RulesReader:64 - Compatibility file has been processed (293 Rules)
2025-03-15 19:28:33,207 [INFO] DbMcusXml:78 - Set database path to: D:\ST\STM32CubeIDE_1.13.0\STM32CubeIDE\plugins\com.st.stm32cube.common.mx_6.9.0.202307051724\\db\/mcu/
2025-03-15 19:28:33,207 [INFO] ApiDb:274 - Set plugin database path to: D:\ST\STM32CubeIDE_1.13.0\STM32CubeIDE\plugins\com.st.stm32cube.common.mx_6.9.0.202307051724\\db\/plugins/boardmanager/
2025-03-15 19:28:33,207 [INFO] ApiDb:261 - Set plugin images path to: D:\ST\STM32CubeIDE_1.13.0\STM32CubeIDE\plugins\com.st.stm32cube.common.mx_6.9.0.202307051724\\db\/plugins/mcufinder/images/
2025-03-15 19:28:33,208 [WARN] DbFile:41 - Overriding database path with different value: C:\Users\Admin\.stmcufinder\plugins\mcufinder/ => C:\Users\Admin\.stmcufinder\plugins\mcufinder
2025-03-15 19:28:33,208 [INFO] ApiDb:250 - Set database path to: C:\Users\Admin\.stmcufinder\plugins\mcufinder//mcu/
2025-03-15 19:28:33,208 [WARN] DbFile:41 - Overriding database path with different value: C:\Users\Admin\.stmcufinder\plugins\mcufinder/ => C:\Users\Admin\.stmcufinder\plugins\mcufinder
2025-03-15 19:28:33,208 [INFO] DbMcusAds:125 - Set database path to: C:\Users\Admin\.stmcufinder\plugins\mcufinder//mcu/
2025-03-15 19:28:33,208 [WARN] DbFile:41 - Overriding database path with different value: C:\Users\Admin\.stmcufinder\plugins\mcufinder/ => C:\Users\Admin\.stmcufinder\plugins\mcufinder
2025-03-15 19:28:33,209 [WARN] DbFile:41 - Overriding database path with different value: C:\Users\Admin\.stmcufinder\plugins\mcufinder/ => C:\Users\Admin\.stmcufinder\plugins\mcufinder
2025-03-15 19:28:33,904 [INFO] CrossReferenceDbSqlite:203 - Set database path to: C:\Users\Admin\.stmcufinder\plugins\mcufinder//mcu/cs/
2025-03-15 19:28:34,070 [INFO] MainPanel:262 - HeapMemory: 268435456
2025-03-15 19:28:34,227 [INFO] DbMcusXml:78 - Set database path to: D:\ST\STM32CubeIDE_1.13.0\STM32CubeIDE\plugins\com.st.stm32cube.common.mx_6.9.0.202307051724\\db\/mcu/
2025-03-15 19:28:34,227 [INFO] ApiDb:274 - Set plugin database path to: D:\ST\STM32CubeIDE_1.13.0\STM32CubeIDE\plugins\com.st.stm32cube.common.mx_6.9.0.202307051724\\db\/plugins/boardmanager/
2025-03-15 19:28:34,227 [INFO] ApiDb:261 - Set plugin images path to: D:\ST\STM32CubeIDE_1.13.0\STM32CubeIDE\plugins\com.st.stm32cube.common.mx_6.9.0.202307051724\\db\/plugins/mcufinder/images/
2025-03-15 19:28:34,228 [WARN] DbFile:41 - Overriding database path with different value: C:\Users\Admin\.stmcufinder\plugins\mcufinder/ => C:\Users\Admin\.stmcufinder\plugins\mcufinder
2025-03-15 19:28:34,228 [INFO] ApiDb:250 - Set database path to: C:\Users\Admin\.stmcufinder\plugins\mcufinder//mcu/
2025-03-15 19:28:34,228 [WARN] DbFile:41 - Overriding database path with different value: C:\Users\Admin\.stmcufinder\plugins\mcufinder/ => C:\Users\Admin\.stmcufinder\plugins\mcufinder
2025-03-15 19:28:34,228 [INFO] DbMcusAds:125 - Set database path to: C:\Users\Admin\.stmcufinder\plugins\mcufinder//mcu/
2025-03-15 19:28:34,228 [WARN] DbFile:41 - Overriding database path with different value: C:\Users\Admin\.stmcufinder\plugins\mcufinder/ => C:\Users\Admin\.stmcufinder\plugins\mcufinder
2025-03-15 19:28:34,229 [WARN] DbFile:41 - Overriding database path with different value: C:\Users\Admin\.stmcufinder\plugins\mcufinder/ => C:\Users\Admin\.stmcufinder\plugins\mcufinder
2025-03-15 19:28:34,904 [INFO] CrossReferenceDbSqlite:203 - Set database path to: C:\Users\Admin\.stmcufinder\plugins\mcufinder//mcu/cs/
2025-03-15 19:28:34,937 [INFO] ApplicationProperties:184 - Using Application install path: D:\ST\STM32CubeIDE_1.13.0\STM32CubeIDE\plugins\com.st.stm32cube.common.mx_6.9.0.202307051724
2025-03-15 19:28:34,939 [INFO] PluginManage:196 - Search for loadable plugins [exclusion list=, ]
2025-03-15 19:28:34,941 [INFO] PluginManage:310 - Check plugin analytics
2025-03-15 19:28:36,015 [INFO] AnalyticsPlugin:253 - Accepted Software Licenses: 
2025-03-15 19:28:36,017 [INFO] AnalyticsPlugin:255 - Accepted CMSIS Pack Licenses: 
2025-03-15 19:28:36,017 [INFO] AnalyticsPlugin:257 - Accepted Firmware Licenses: FW.F4.1.27.0
2025-03-15 19:28:36,020 [INFO] PluginManage:359 - Loaded plugin analytics (category:tool,tabindex:-1)
2025-03-15 19:28:36,021 [INFO] PluginManage:310 - Check plugin cadmodel
2025-03-15 19:28:36,059 [INFO] CADModel:105 - Init CAD model plugin
2025-03-15 19:28:36,059 [INFO] PluginManage:359 - Loaded plugin cadmodel (category:power,tabindex:5)
2025-03-15 19:28:36,059 [INFO] PluginManage:310 - Check plugin clock
2025-03-15 19:28:36,096 [INFO] PluginManage:359 - Loaded plugin clock (category:base,tabindex:2)
2025-03-15 19:28:36,098 [INFO] PluginManage:310 - Check plugin ddr
2025-03-15 19:28:36,102 [INFO] PluginManage:359 - Loaded plugin ddr (category:tool,tabindex:6)
2025-03-15 19:28:36,102 [INFO] PluginManage:310 - Check plugin filemanager
2025-03-15 19:28:36,339 [INFO] PluginManage:359 - Loaded plugin filemanager (category:base,tabindex:10)
2025-03-15 19:28:36,339 [INFO] PluginManage:310 - Check plugin ipmanager
2025-03-15 19:28:36,359 [INFO] PluginManage:359 - Loaded plugin ipmanager (category:base,tabindex:5)
2025-03-15 19:28:36,360 [INFO] PluginManage:310 - Check plugin lpbam
2025-03-15 19:28:36,403 [INFO] PluginManage:359 - Loaded plugin lpbam (category:base,tabindex:0)
2025-03-15 19:28:36,404 [INFO] PluginManage:310 - Check plugin memorymap
2025-03-15 19:28:36,460 [INFO] PluginManage:359 - Loaded plugin memorymap (category:base,tabindex:4)
2025-03-15 19:28:36,460 [INFO] PluginManage:310 - Check plugin pinoutandconfiguration
2025-03-15 19:28:36,502 [INFO] PluginManage:359 - Loaded plugin pinoutandconfiguration (category:base,tabindex:1)
2025-03-15 19:28:36,503 [INFO] PluginManage:310 - Check plugin pinoutconfig
2025-03-15 19:28:36,680 [WARN] SupportedApi:132 - Cannot load RTOS API schema: s4s-elt-must-match.1: The content of 'definitions' must match (annotation?, (simpleType | complexType)?, (unique | key | keyref)*)). A problem was found starting at: attribute.
2025-03-15 19:28:36,855 [INFO] PluginManage:359 - Loaded plugin pinoutconfig (category:base,tabindex:0)
2025-03-15 19:28:36,855 [INFO] PluginManage:310 - Check plugin power
2025-03-15 19:28:36,892 [INFO] PluginManage:359 - Loaded plugin power (category:power,tabindex:4)
2025-03-15 19:28:36,892 [INFO] PluginManage:310 - Check plugin projectmanager
2025-03-15 19:28:36,913 [INFO] PluginManage:359 - Loaded plugin projectmanager (category:projectmanager,tabindex:3)
2025-03-15 19:28:36,913 [INFO] PluginManage:310 - Check plugin thirdparty
2025-03-15 19:28:37,330 [INFO] PluginManage:359 - Loaded plugin thirdparty (category:base,tabindex:-1)
2025-03-15 19:28:37,330 [WARN] IntegrityCheckThread:84 - waiting for thirdparty lock release [integrity check]
2025-03-15 19:28:37,330 [INFO] PluginManage:310 - Check plugin tools
2025-03-15 19:28:37,330 [INFO] IntegrityCheckThread:86 - entering critical section [integrity check]
2025-03-15 19:28:37,331 [INFO] ThirdPartyUpdaterWithRetryManager:70 - Updater plugin not ready yet. [1/15]
2025-03-15 19:28:37,399 [INFO] PluginManage:359 - Loaded plugin tools (category:base,tabindex:7)
2025-03-15 19:28:37,399 [INFO] PluginManage:310 - Check plugin tutovideos
2025-03-15 19:28:37,684 [INFO] PluginManage:359 - Loaded plugin tutovideos (category:base,tabindex:-1)
2025-03-15 19:28:37,684 [INFO] PluginManage:310 - Check plugin updater
2025-03-15 19:28:37,700 [INFO] PluginManage:359 - Loaded plugin updater (category:base,tabindex:12)
2025-03-15 19:28:37,700 [INFO] PluginManage:310 - Check plugin userauth
2025-03-15 19:28:37,708 [INFO] UserAuth:113 - Init User Auth plugin
2025-03-15 19:28:37,708 [INFO] PluginManage:359 - Loaded plugin userauth (category:base,tabindex:14)
2025-03-15 19:28:37,708 [INFO] PluginManage:283 - PluginManage : Loaded plugins [17]
2025-03-15 19:28:38,030 [INFO] PinOutPanel:1499 - setPackage(No Configuration,No Configuration)
2025-03-15 19:28:38,189 [INFO] CADModel:165 - CPN selected for project level
2025-03-15 19:28:38,189 [INFO] CADModel:114 - Register for checkConnection events
2025-03-15 19:28:38,229 [INFO] IPUIPlugin:80 - create IPUIPlugin
2025-03-15 19:28:38,229 [INFO] PluginManager:220 - loadIPPluginJar : add adc
2025-03-15 19:28:38,306 [INFO] IPUIPlugin:80 - create IPUIPlugin
2025-03-15 19:28:38,307 [INFO] PluginManager:220 - loadIPPluginJar : add aes
2025-03-15 19:28:38,388 [INFO] IPUIPlugin:80 - create IPUIPlugin
2025-03-15 19:28:38,389 [INFO] PluginManager:220 - loadIPPluginJar : add can
2025-03-15 19:28:38,426 [INFO] IPUIPlugin:80 - create IPUIPlugin
2025-03-15 19:28:38,426 [INFO] PluginManager:220 - loadIPPluginJar : add comp
2025-03-15 19:28:38,477 [INFO] IPUIPlugin:80 - create IPUIPlugin
2025-03-15 19:28:38,477 [INFO] PluginManager:220 - loadIPPluginJar : add cryp
2025-03-15 19:28:38,524 [INFO] IPUIPlugin:80 - create IPUIPlugin
2025-03-15 19:28:38,524 [INFO] PluginManager:220 - loadIPPluginJar : add dfsdm
2025-03-15 19:28:38,547 [INFO] IPUIPlugin:80 - create IPUIPlugin
2025-03-15 19:28:38,548 [INFO] PluginManager:220 - loadIPPluginJar : add dma
2025-03-15 19:28:38,623 [INFO] IPUIPlugin:80 - create IPUIPlugin
2025-03-15 19:28:38,623 [INFO] PluginManager:220 - loadIPPluginJar : add dma3
2025-03-15 19:28:38,657 [INFO] IPUIPlugin:80 - create IPUIPlugin
2025-03-15 19:28:38,658 [INFO] PluginManager:220 - loadIPPluginJar : add fatfs
2025-03-15 19:28:38,736 [INFO] IPUIPlugin:80 - create IPUIPlugin
2025-03-15 19:28:38,737 [INFO] PluginManager:220 - loadIPPluginJar : add fmc
2025-03-15 19:28:38,767 [INFO] IPUIPlugin:80 - create IPUIPlugin
2025-03-15 19:28:38,768 [INFO] PluginManager:220 - loadIPPluginJar : add freertos
2025-03-15 19:28:38,800 [INFO] IPUIPlugin:80 - create IPUIPlugin
2025-03-15 19:28:38,800 [INFO] PluginManager:220 - loadIPPluginJar : add genericplugin
2025-03-15 19:28:38,936 [INFO] IPUIPlugin:80 - create IPUIPlugin
2025-03-15 19:28:38,936 [INFO] PluginManager:220 - loadIPPluginJar : add gfxmmu
2025-03-15 19:28:39,116 [INFO] IPUIPlugin:80 - create IPUIPlugin
2025-03-15 19:28:39,116 [INFO] PluginManager:220 - loadIPPluginJar : add gic
2025-03-15 19:28:39,142 [INFO] IPUIPlugin:80 - create IPUIPlugin
2025-03-15 19:28:39,142 [INFO] PluginManager:220 - loadIPPluginJar : add gpio
2025-03-15 19:28:39,277 [INFO] IPUIPlugin:80 - create IPUIPlugin
2025-03-15 19:28:39,277 [INFO] PluginManager:220 - loadIPPluginJar : add gtzc
2025-03-15 19:28:39,323 [INFO] IPUIPlugin:80 - create IPUIPlugin
2025-03-15 19:28:39,323 [INFO] PluginManager:220 - loadIPPluginJar : add hash
2025-03-15 19:28:39,442 [INFO] IPUIPlugin:80 - create IPUIPlugin
2025-03-15 19:28:39,443 [INFO] PluginManager:220 - loadIPPluginJar : add i2c
2025-03-15 19:28:39,503 [INFO] IPUIPlugin:80 - create IPUIPlugin
2025-03-15 19:28:39,503 [INFO] PluginManager:220 - loadIPPluginJar : add i2s
2025-03-15 19:28:39,561 [INFO] IPUIPlugin:80 - create IPUIPlugin
2025-03-15 19:28:39,562 [INFO] PluginManager:220 - loadIPPluginJar : add i3c
2025-03-15 19:28:39,761 [INFO] IPUIPlugin:80 - create IPUIPlugin
2025-03-15 19:28:39,761 [INFO] PluginManager:220 - loadIPPluginJar : add ipddr
2025-03-15 19:28:39,917 [INFO] IPUIPlugin:80 - create IPUIPlugin
2025-03-15 19:28:39,917 [INFO] PluginManager:220 - loadIPPluginJar : add linkedlist
2025-03-15 19:28:39,985 [INFO] IPUIPlugin:80 - create IPUIPlugin
2025-03-15 19:28:39,985 [INFO] PluginManager:220 - loadIPPluginJar : add lorawan
2025-03-15 19:28:40,051 [INFO] IPUIPlugin:80 - create IPUIPlugin
2025-03-15 19:28:40,052 [INFO] PluginManager:220 - loadIPPluginJar : add ltdc
2025-03-15 19:28:40,077 [INFO] IPUIPlugin:80 - create IPUIPlugin
2025-03-15 19:28:40,078 [INFO] PluginManager:220 - loadIPPluginJar : add mdma
2025-03-15 19:28:40,100 [INFO] IPUIPlugin:80 - create IPUIPlugin
2025-03-15 19:28:40,100 [INFO] PluginManager:220 - loadIPPluginJar : add nvic
2025-03-15 19:28:40,167 [INFO] IPUIPlugin:80 - create IPUIPlugin
2025-03-15 19:28:40,167 [INFO] PluginManager:220 - loadIPPluginJar : add opamp
2025-03-15 19:28:40,279 [INFO] IPUIPlugin:80 - create IPUIPlugin
2025-03-15 19:28:40,279 [INFO] PluginManager:220 - loadIPPluginJar : add openamp
2025-03-15 19:28:40,338 [INFO] ThirdPartyUpdaterWithRetryManager:70 - Updater plugin not ready yet. [2/15]
2025-03-15 19:28:40,351 [INFO] IPUIPlugin:80 - create IPUIPlugin
2025-03-15 19:28:40,351 [INFO] PluginManager:220 - loadIPPluginJar : add pdm2pcm
2025-03-15 19:28:40,375 [INFO] IPUIPlugin:80 - create IPUIPlugin
2025-03-15 19:28:40,378 [INFO] PluginManager:220 - loadIPPluginJar : add plateformsettings
2025-03-15 19:28:40,422 [INFO] IPUIPlugin:80 - create IPUIPlugin
2025-03-15 19:28:40,422 [INFO] PluginManager:220 - loadIPPluginJar : add quadspi
2025-03-15 19:28:40,445 [INFO] IPUIPlugin:80 - create IPUIPlugin
2025-03-15 19:28:40,445 [INFO] PluginManager:220 - loadIPPluginJar : add resmgrutility
2025-03-15 19:28:40,549 [INFO] IPUIPlugin:80 - create IPUIPlugin
2025-03-15 19:28:40,549 [INFO] PluginManager:220 - loadIPPluginJar : add sai
2025-03-15 19:28:40,599 [INFO] IPUIPlugin:80 - create IPUIPlugin
2025-03-15 19:28:40,599 [INFO] PluginManager:220 - loadIPPluginJar : add spi
2025-03-15 19:28:40,677 [INFO] IPUIPlugin:80 - create IPUIPlugin
2025-03-15 19:28:40,677 [INFO] PluginManager:220 - loadIPPluginJar : add stm32_wpan
2025-03-15 19:28:40,738 [INFO] IPUIPlugin:80 - create IPUIPlugin
2025-03-15 19:28:40,739 [INFO] PluginManager:220 - loadIPPluginJar : add tim
2025-03-15 19:28:40,847 [INFO] IPUIPlugin:80 - create IPUIPlugin
2025-03-15 19:28:40,847 [INFO] PluginManager:220 - loadIPPluginJar : add touchsensing
2025-03-15 19:28:40,882 [INFO] IPUIPlugin:80 - create IPUIPlugin
2025-03-15 19:28:40,883 [INFO] PluginManager:220 - loadIPPluginJar : add tracer_emb
2025-03-15 19:28:40,919 [INFO] IPUIPlugin:80 - create IPUIPlugin
2025-03-15 19:28:40,919 [INFO] PluginManager:220 - loadIPPluginJar : add ts
2025-03-15 19:28:40,973 [INFO] IPUIPlugin:80 - create IPUIPlugin
2025-03-15 19:28:40,973 [INFO] PluginManager:220 - loadIPPluginJar : add tsc
2025-03-15 19:28:41,009 [INFO] IPUIPlugin:80 - create IPUIPlugin
2025-03-15 19:28:41,009 [INFO] PluginManager:220 - loadIPPluginJar : add ucpd
2025-03-15 19:28:41,086 [INFO] IPUIPlugin:80 - create IPUIPlugin
2025-03-15 19:28:41,087 [INFO] PluginManager:220 - loadIPPluginJar : add usart
2025-03-15 19:28:41,163 [INFO] IPUIPlugin:80 - create IPUIPlugin
2025-03-15 19:28:41,163 [INFO] PluginManager:220 - loadIPPluginJar : add usbx
2025-03-15 19:28:41,317 [INFO] CADModel:165 - CPN selected for project level
2025-03-15 19:28:41,318 [INFO] CADModel:114 - Register for checkConnection events
2025-03-15 19:28:41,318 [FATAL] Updater:308 - Updater called before beeing initialized
2025-03-15 19:28:41,318 [ERROR] CADModel:125 - Updater not yet initialized, retry later 
2025-03-15 19:28:41,521 [INFO] CADModel:165 - CPN selected for project level
2025-03-15 19:28:41,521 [INFO] CADModel:114 - Register for checkConnection events
2025-03-15 19:28:41,521 [FATAL] Updater:308 - Updater called before beeing initialized
2025-03-15 19:28:41,521 [ERROR] CADModel:125 - Updater not yet initialized, retry later 
2025-03-15 19:28:41,525 [FATAL] Updater:308 - Updater called before beeing initialized
2025-03-15 19:28:41,674 [FATAL] Updater:308 - Updater called before beeing initialized
2025-03-15 19:28:41,691 [INFO] DbMcusAds:53 - JSON generation date=Tue Dec 17 23:01:15 ICT 2024 (1734451275111)
2025-03-15 19:28:41,692 [FATAL] Updater:308 - Updater called before beeing initialized
2025-03-15 19:28:41,827 [WARN] DetailPanel:346 - Failed to get advertising image, set to default
2025-03-15 19:28:41,981 [FATAL] Updater:308 - Updater called before beeing initialized
2025-03-15 19:28:41,984 [FATAL] Updater:308 - Updater called before beeing initialized
2025-03-15 19:28:41,984 [FATAL] Updater:308 - Updater called before beeing initialized
2025-03-15 19:28:41,984 [WARN] DetailPanel:346 - Failed to get advertising image, set to default
2025-03-15 19:28:41,985 [FATAL] Updater:308 - Updater called before beeing initialized
2025-03-15 19:28:42,063 [ERROR] Updater:1120 - MainUpdater not yet initialized. External WinMGr cannot be set.
2025-03-15 19:28:42,078 [INFO] Updater:1056 - Updater Version found : 6.9.0
2025-03-15 19:28:42,101 [INFO] ApplicationProperties:184 - Using Application install path: D:\ST\STM32CubeIDE_1.13.0\STM32CubeIDE\plugins\com.st.stm32cube.common.mx_6.9.0.202307051724
2025-03-15 19:28:42,437 [INFO] MainUpdater:2868 - connection check result : 10
2025-03-15 19:28:42,437 [INFO] MainUpdater:285 - Updater Check For Update Now.
2025-03-15 19:28:42,438 [INFO] MicroXplorer:498 - Change Database Version : DB.6.0.90
2025-03-15 19:28:42,467 [INFO] McuFinderGlobals:63 - Set McuFinder mode to 2 (CubeIDE integrated)
2025-03-15 19:28:42,694 [INFO] CheckServerUpdateThread:120 - End of CheckServer Thread
2025-03-15 19:28:43,716 [WARN] PackLoader:240 - Cannot read IP mode file for STMicroelectronics.FP-SNS-MOTENVWB1.1.4.0
2025-03-15 19:28:43,742 [WARN] PackLoader:240 - Cannot read IP mode file for STMicroelectronics.FP-ATR-ASTRA1.2.0.2
2025-03-15 19:28:43,759 [WARN] PackLoader:240 - Cannot read IP mode file for STMicroelectronics.FP-ATR-ASTRA1.2.0.1
2025-03-15 19:28:43,784 [WARN] PackLoader:240 - Cannot read IP mode file for STMicroelectronics.X-CUBE-SMBUS.2.1.0
2025-03-15 19:28:43,804 [WARN] PackLoader:240 - Cannot read IP mode file for STMicroelectronics.X-CUBE-WB05N.1.1.0
2025-03-15 19:28:43,861 [WARN] PackLoader:240 - Cannot read IP mode file for STMicroelectronics.X-CUBE-AZRTOS-F7.1.1.0
2025-03-15 19:28:43,884 [WARN] PackLoader:240 - Cannot read IP mode file for STMicroelectronics.FP-SNS-MOTENV1.4.3.2
2025-03-15 19:28:43,901 [WARN] PackLoader:240 - Cannot read IP mode file for STMicroelectronics.FP-SNS-FLIGHT1.5.0.1
2025-03-15 19:28:43,920 [WARN] PackLoader:240 - Cannot read IP mode file for STMicroelectronics.X-CUBE-BLE1.6.2.4
2025-03-15 19:28:43,937 [WARN] PackLoader:240 - Cannot read IP mode file for STMicroelectronics.FP-SNS-FLIGHT1.5.0.2
2025-03-15 19:28:43,961 [ERROR] Engine:466 - C:\Users\Admin\.stm32cubemx\thirdparties\pdsc\Infineon.AIROC-Wi-Fi-Bluetooth-STM32.1.7.0.pdsc: PDSC version is not supported
2025-03-15 19:28:43,982 [WARN] PackLoader:240 - Cannot read IP mode file for STMicroelectronics.X-CUBE-DISPLAY.3.0.0
2025-03-15 19:28:44,010 [WARN] PackLoader:240 - Cannot read IP mode file for STMicroelectronics.X-CUBE-BLE1.7.0.0
2025-03-15 19:28:44,031 [WARN] PackLoader:240 - Cannot read IP mode file for STMicroelectronics.X-CUBE-NFC10.1.0.0
2025-03-15 19:28:44,052 [ERROR] Engine:466 - C:\Users\Admin\.stm32cubemx\thirdparties\pdsc\STMicroelectronics.X-CUBE-BLEMGR.4.0.0.pdsc: PDSC version is not supported
2025-03-15 19:28:44,073 [WARN] PackLoader:240 - Cannot read IP mode file for emotas.I-CUBE-CANOPEN.1.3.0
2025-03-15 19:28:44,094 [WARN] PackLoader:240 - Cannot read IP mode file for STMicroelectronics.X-CUBE-TOUCHGFX.4.22.0
2025-03-15 19:28:44,111 [WARN] PackLoader:240 - Cannot read IP mode file for STMicroelectronics.X-CUBE-AI.10.0.0
2025-03-15 19:28:44,127 [WARN] PackLoader:240 - Cannot read IP mode file for STMicroelectronics.FP-SNS-SMARTAG2.1.2.0
2025-03-15 19:28:44,233 [WARN] PackLoader:240 - Cannot read IP mode file for STMicroelectronics.X-CUBE-MEMS1.11.1.0
2025-03-15 19:28:44,423 [INFO] LogOutputStream:77 - [STDOUT_REDIRECT] 1 : Invalid condition id : UX_CORESTACK_Condition cause : null
2025-03-15 19:28:44,424 [INFO] LogOutputStream:77 - [STDOUT_REDIRECT] 1 : Invalid condition id : UX_CORESTACK_Condition cause : null
2025-03-15 19:28:44,425 [INFO] LogOutputStream:77 - [STDOUT_REDIRECT] 1 : Invalid condition id : UX_CORESTACK_Condition cause : null
2025-03-15 19:28:44,426 [INFO] LogOutputStream:77 - [STDOUT_REDIRECT] 1 : Invalid condition id : UX_CORESTACK_Condition cause : null
2025-03-15 19:28:44,428 [INFO] LogOutputStream:77 - [STDOUT_REDIRECT] 1 : Invalid condition id : UX_CORESTACK_Condition cause : null
2025-03-15 19:28:44,431 [WARN] PackLoader:240 - Cannot read IP mode file for STMicroelectronics.X-CUBE-AZRTOS-WL.2.0.0
2025-03-15 19:28:44,450 [WARN] PackLoader:240 - Cannot read IP mode file for STMicroelectronics.FP-SNS-MOTENV1.5.0.0
2025-03-15 19:28:44,467 [WARN] PackLoader:240 - Cannot read IP mode file for wolfSSL.I-CUBE-wolfMQTT.1.19.0
2025-03-15 19:28:44,487 [WARN] PackLoader:240 - Cannot read IP mode file for WES.I-CUBE-Cesium.1.3.0
2025-03-15 19:28:44,508 [WARN] PackLoader:240 - Cannot read IP mode file for STMicroelectronics.X-CUBE-BLE2.3.3.0
2025-03-15 19:28:44,533 [WARN] PackLoader:240 - Cannot read IP mode file for STMicroelectronics.X-CUBE-NFC9.1.0.0
2025-03-15 19:28:44,556 [WARN] PackLoader:240 - Cannot read IP mode file for STMicroelectronics.X-CUBE-BLE1.7.1.0
2025-03-15 19:28:44,575 [WARN] PackLoader:240 - Cannot read IP mode file for STMicroelectronics.X-CUBE-ALGOBUILD.1.3.0
2025-03-15 19:28:44,619 [WARN] PackLoader:240 - Cannot read IP mode file for STMicroelectronics.X-CUBE-AZRTOS-G0.1.1.0
2025-03-15 19:28:44,647 [WARN] PackLoader:240 - Cannot read IP mode file for STMicroelectronics.X-CUBE-SAFEA1.1.2.2
2025-03-15 19:28:44,670 [WARN] PackLoader:240 - Cannot read IP mode file for STMicroelectronics.X-CUBE-NFC4.3.0.0
2025-03-15 19:28:44,689 [ERROR] Engine:466 - C:\Users\Admin\.stm32cubemx\thirdparties\pdsc\EmbeddedOffice.I-CUBE-FS-RTOS.1.0.1.pdsc: PDSC version is not supported
2025-03-15 19:28:44,708 [ERROR] Engine:466 - C:\Users\Admin\.stm32cubemx\thirdparties\pdsc\STMicroelectronics.X-CUBE-TCPP.4.2.0.pdsc: PDSC version is not supported
2025-03-15 19:28:44,727 [ERROR] Engine:466 - C:\Users\Admin\.stm32cubemx\thirdparties\pdsc\RealThread.X-CUBE-RT-Thread_Nano.4.1.1.pdsc: PDSC version is not supported
2025-03-15 19:28:44,748 [WARN] PackLoader:240 - Cannot read IP mode file for STMicroelectronics.FP-ATR-SIGFOX1.3.2.0
2025-03-15 19:28:44,765 [ERROR] Engine:466 - C:\Users\Admin\.stm32cubemx\thirdparties\pdsc\quantropi.X-CUBE-qispace-sdk-base.1.9.3.pdsc: PDSC version is not supported
2025-03-15 19:28:44,794 [WARN] PackLoader:240 - Cannot read IP mode file for STMicroelectronics.X-CUBE-EEPRMA1.5.1.0
2025-03-15 19:28:44,819 [WARN] PackLoader:240 - Cannot read IP mode file for ITTIA_DB.I-CUBE-ITTIADB.8.9.0
2025-03-15 19:28:44,872 [WARN] PackLoader:240 - Cannot read IP mode file for SEGGER.I-CUBE-embOS.1.3.1
2025-03-15 19:28:44,927 [WARN] PackLoader:240 - Cannot read IP mode file for STMicroelectronics.X-CUBE-ALGOBUILD.1.4.0
2025-03-15 19:28:44,948 [WARN] PackLoader:240 - Cannot read IP mode file for STMicroelectronics.X-CUBE-GNSS1.6.0.0
2025-03-15 19:28:44,986 [WARN] PackLoader:240 - Cannot read IP mode file for STMicroelectronics.X-CUBE-AZRTOS-F4.1.1.0
2025-03-15 19:28:45,010 [WARN] PackLoader:240 - Cannot read IP mode file for wolfSSL.I-CUBE-wolfSSL.5.6.3
2025-03-15 19:28:45,027 [WARN] PackLoader:240 - Cannot read IP mode file for STMicroelectronics.X-CUBE-ISPU.2.1.0
2025-03-15 19:28:45,062 [WARN] PackLoader:240 - Cannot read IP mode file for STMicroelectronics.X-CUBE-AZRTOS-L5.2.0.0
2025-03-15 19:28:45,117 [WARN] PackLoader:240 - Cannot read IP mode file for STMicroelectronics.X-CUBE-MEMS1.9.6.0
2025-03-15 19:28:45,326 [WARN] PackLoader:240 - Cannot read IP mode file for STMicroelectronics.X-CUBE-NFC6.3.1.0
2025-03-15 19:28:45,350 [WARN] PackLoader:240 - Cannot read IP mode file for STMicroelectronics.X-CUBE-BLEMGR.2.0.0
2025-03-15 19:28:45,369 [ERROR] Engine:466 - C:\Users\Admin\.stm32cubemx\thirdparties\pdsc\STMicroelectronics.X-CUBE-DPower.1.2.0.pdsc: PDSC version is not supported
2025-03-15 19:28:45,407 [WARN] ConditionMgr:438 - getConditionDescription Invalid condition id : UX DEVICE CLASS RTOS Condition cause : null
2025-03-15 19:28:45,407 [WARN] ConditionMgr:438 - getConditionDescription Invalid condition id : UX DEVICE CLASS RTOS Condition cause : null
2025-03-15 19:28:45,412 [WARN] PackLoader:240 - Cannot read IP mode file for STMicroelectronics.X-CUBE-AZRTOS-H7.3.1.0
2025-03-15 19:28:45,413 [WARN] ConditionMgr:1039 - genDependencies : Invalid condition id : UX DEVICE CLASS RTOS Condition cause : null
2025-03-15 19:28:45,413 [WARN] ConditionMgr:1039 - genDependencies : Invalid condition id : UX DEVICE CLASS RTOS Condition cause : null
2025-03-15 19:28:45,414 [WARN] ConditionMgr:1039 - genDependencies : Invalid condition id : UX DEVICE CLASS RTOS Condition cause : null
2025-03-15 19:28:45,414 [WARN] ConditionMgr:1039 - genDependencies : Invalid condition id : UX DEVICE CLASS RTOS Condition cause : null
2025-03-15 19:28:45,414 [WARN] ConditionMgr:1039 - genDependencies : Invalid condition id : UX DEVICE CLASS RTOS Condition cause : null
2025-03-15 19:28:45,431 [WARN] PackLoader:240 - Cannot read IP mode file for STMicroelectronics.X-CUBE-FREERTOS.1.3.0
2025-03-15 19:28:45,450 [WARN] PackLoader:240 - Cannot read IP mode file for STMicroelectronics.X-CUBE-NFC7.1.0.1
2025-03-15 19:28:45,471 [WARN] PackLoader:240 - Cannot read IP mode file for STMicroelectronics.X-CUBE-EEPRMA1.4.1.0
2025-03-15 19:28:45,491 [WARN] PackLoader:240 - Cannot read IP mode file for STMicroelectronics.X-CUBE-AI.8.1.0
2025-03-15 19:28:45,528 [WARN] ConditionMgr:438 - getConditionDescription Invalid condition id : LAN8742 Phy interface Condition cause : null
2025-03-15 19:28:45,528 [WARN] PackLoader:240 - Cannot read IP mode file for STMicroelectronics.X-CUBE-AZRTOS-L4.2.0.0
2025-03-15 19:28:45,530 [WARN] ConditionMgr:1039 - genDependencies : Invalid condition id : LAN8742 Phy interface Condition cause : null
2025-03-15 19:28:45,530 [WARN] ConditionMgr:1039 - genDependencies : Invalid condition id : LAN8742 Phy interface Condition cause : null
2025-03-15 19:28:45,531 [WARN] ConditionMgr:1039 - genDependencies : Invalid condition id : LAN8742 Phy interface Condition cause : null
2025-03-15 19:28:45,553 [WARN] PackLoader:240 - Cannot read IP mode file for STMicroelectronics.X-CUBE-SFXS2LP1.4.0.0
2025-03-15 19:28:45,574 [WARN] PackLoader:240 - Cannot read IP mode file for STMicroelectronics.X-CUBE-ISPU.1.1.0
2025-03-15 19:28:45,620 [WARN] PackLoader:240 - Cannot read IP mode file for STMicroelectronics.X-CUBE-AZRTOS-H7.3.3.0
2025-03-15 19:28:45,653 [WARN] ConditionMgr:438 - getConditionDescription Invalid condition id : UX DEVICE CLASS RTOS Condition cause : null
2025-03-15 19:28:45,653 [WARN] ConditionMgr:438 - getConditionDescription Invalid condition id : UX DEVICE CLASS RTOS Condition cause : null
2025-03-15 19:28:45,655 [WARN] PackLoader:240 - Cannot read IP mode file for STMicroelectronics.X-CUBE-AZRTOS-WB.2.0.0
2025-03-15 19:28:45,655 [WARN] ConditionMgr:1039 - genDependencies : Invalid condition id : UX DEVICE CLASS RTOS Condition cause : null
2025-03-15 19:28:45,655 [WARN] ConditionMgr:1039 - genDependencies : Invalid condition id : UX DEVICE CLASS RTOS Condition cause : null
2025-03-15 19:28:45,655 [WARN] ConditionMgr:1039 - genDependencies : Invalid condition id : UX DEVICE CLASS RTOS Condition cause : null
2025-03-15 19:28:45,656 [WARN] ConditionMgr:1039 - genDependencies : Invalid condition id : UX DEVICE CLASS RTOS Condition cause : null
2025-03-15 19:28:45,656 [WARN] ConditionMgr:1039 - genDependencies : Invalid condition id : UX DEVICE CLASS RTOS Condition cause : null
2025-03-15 19:28:45,672 [WARN] PackLoader:240 - Cannot read IP mode file for STMicroelectronics.X-CUBE-FREERTOS.1.0.1
2025-03-15 19:28:45,689 [WARN] PackLoader:240 - Cannot read IP mode file for STMicroelectronics.X-CUBE-GNSS1.7.0.1
2025-03-15 19:28:45,707 [WARN] PackLoader:240 - Cannot read IP mode file for STMicroelectronics.X-CUBE-TOUCHGFX.4.25.0
2025-03-15 19:28:45,723 [ERROR] Engine:466 - C:\Users\Admin\.stm32cubemx\thirdparties\pdsc\STMicroelectronics.FP-SNS-STBOX1.2.0.0.pdsc: PDSC version is not supported
2025-03-15 19:28:45,752 [WARN] PackLoader:240 - Cannot read IP mode file for STMicroelectronics.X-CUBE-AZRTOS-L5.1.1.0
2025-03-15 19:28:45,768 [WARN] PackLoader:240 - Cannot read IP mode file for STMicroelectronics.X-CUBE-AI.8.0.1
2025-03-15 19:28:45,793 [WARN] PackLoader:240 - Cannot read IP mode file for STMicroelectronics.X-CUBE-SUBG2.5.0.0
2025-03-15 19:28:45,815 [WARN] PackLoader:240 - Cannot read IP mode file for Cesanta.I-CUBE-Mongoose.7.13.0
2025-03-15 19:28:45,841 [WARN] PackLoader:240 - Cannot read IP mode file for STMicroelectronics.X-CUBE-TOF1.3.3.1
2025-03-15 19:28:45,883 [WARN] PackLoader:240 - Cannot read IP mode file for STMicroelectronics.X-CUBE-AZRTOS-G4.2.0.0
2025-03-15 19:28:45,904 [ERROR] Engine:466 - C:\Users\Admin\.stm32cubemx\thirdparties\pdsc\STMicroelectronics.X-CUBE-IPS.3.1.0.pdsc: PDSC version is not supported
2025-03-15 19:28:45,922 [WARN] PackLoader:240 - Cannot read IP mode file for STMicroelectronics.X-CUBE-ALS.1.0.2
2025-03-15 19:28:45,938 [WARN] PackLoader:240 - Cannot read IP mode file for STMicroelectronics.X-CUBE-TOUCHGFX.4.24.2
2025-03-15 19:28:45,956 [WARN] PackLoader:240 - Cannot read IP mode file for wolfSSL.I-CUBE-wolfTPM.3.4.0
2025-03-15 19:28:45,976 [WARN] PackLoader:240 - Cannot read IP mode file for portGmbH.I-Cube-SoM-uGOAL.1.1.0
2025-03-15 19:28:45,993 [WARN] PackLoader:240 - Cannot read IP mode file for STMicroelectronics.X-CUBE-ALS.1.0.1
2025-03-15 19:28:46,024 [WARN] PackLoader:240 - Cannot read IP mode file for STMicroelectronics.X-CUBE-AZRTOS-WB.1.1.0
2025-03-15 19:28:46,059 [WARN] PackLoader:240 - Cannot read IP mode file for STMicroelectronics.X-CUBE-AZRTOS-H7RS.1.0.0
2025-03-15 19:28:46,076 [WARN] PackLoader:240 - Cannot read IP mode file for STMicroelectronics.FP-ATR-ASTRA1.2.0.0
2025-03-15 19:28:46,096 [ERROR] Engine:466 - C:\Users\Admin\.stm32cubemx\thirdparties\pdsc\STMicroelectronics.X-CUBE-TOF1.3.4.2.pdsc: PDSC version is not supported
2025-03-15 19:28:46,112 [WARN] PackLoader:240 - Cannot read IP mode file for wolfSSL.I-CUBE-wolfSSH.1.4.17
2025-03-15 19:28:46,112 [INFO] ThirdParty:978 - Integrity check success = true
2025-03-15 19:28:46,112 [INFO] IntegrityCheckThread:100 - exiting critical section [integrity check]
2025-03-15 19:28:46,112 [INFO] IntegrityCheckThread:103 - End integrity checks thread
2025-03-15 19:29:04,045 [ERROR] LogOutputStream:75 - [STDERR_REDIRECT] SLF4J: Failed to load class "org.slf4j.impl.StaticLoggerBinder".
2025-03-15 19:29:04,045 [ERROR] LogOutputStream:75 - [STDERR_REDIRECT] SLF4J: Defaulting to no-operation (NOP) logger implementation
2025-03-15 19:29:04,047 [ERROR] LogOutputStream:75 - [STDERR_REDIRECT] SLF4J: See http://www.slf4j.org/codes.html#StaticLoggerBinder for further details.
